[INFO 2015-05-22T09:18:52.747] Star init authContent json data.
[INFO 2015-05-22T09:18:52.935] Init authContent json data complete.
[INFO 2015-05-22T09:18:52.935] Star init userContent json data.
[INFO 2015-05-22T09:18:52.935] Init userContent json data complete.
[INFO 2015-05-22T09:18:52.935] Star init navigationContent json data.
[INFO 2015-05-22T09:18:52.950] Init navigationContent json data complete.
[INFO 2015-05-22T09:18:52.950] Star init groupContent json data.
[INFO 2015-05-22T09:18:52.950] Init groupContent json data complete.
[INFO 2015-05-22T11:44:14.017] Star init authContent json data.
[INFO 2015-05-22T11:44:14.228] Init authContent json data complete.
[INFO 2015-05-22T11:44:14.229] Star init userContent json data.
[INFO 2015-05-22T11:44:14.231] Init userContent json data complete.
[INFO 2015-05-22T11:44:14.231] Star init navigationContent json data.
[INFO 2015-05-22T11:44:14.240] Init navigationContent json data complete.
[INFO 2015-05-22T11:44:14.240] Star init groupContent json data.
[INFO 2015-05-22T11:44:14.242] Init groupContent json data complete.
[INFO 2015-05-22T11:50:55.407] Star init authContent json data.
[INFO 2015-05-22T11:50:55.635] Init authContent json data complete.
[INFO 2015-05-22T11:50:55.635] Star init userContent json data.
[INFO 2015-05-22T11:50:55.637] Init userContent json data complete.
[INFO 2015-05-22T11:50:55.637] Star init navigationContent json data.
[INFO 2015-05-22T11:50:55.640] Init navigationContent json data complete.
[INFO 2015-05-22T11:50:55.640] Star init groupContent json data.
[INFO 2015-05-22T11:50:55.642] Init groupContent json data complete.
