[INFO 2015-08-31T09:08:19.544] Star init authContent json data.
[INFO 2015-08-31T09:08:19.738] Init authContent json data complete.
[INFO 2015-08-31T09:08:19.739] Star init userContent json data.
[INFO 2015-08-31T09:08:19.740] Init userContent json data complete.
[INFO 2015-08-31T09:08:19.741] Star init navigationContent json data.
[INFO 2015-08-31T09:08:19.748] Init navigationContent json data complete.
[INFO 2015-08-31T09:08:19.748] Star init groupContent json data.
[INFO 2015-08-31T09:08:19.749] Init groupContent json data complete.
[INFO 2015-08-31T10:58:58.269] Star init authContent json data.
[INFO 2015-08-31T10:58:58.467] Init authContent json data complete.
[INFO 2015-08-31T10:58:58.467] Star init userContent json data.
[INFO 2015-08-31T10:58:58.467] Init userContent json data complete.
[INFO 2015-08-31T10:58:58.467] Star init navigationContent json data.
[INFO 2015-08-31T10:58:58.467] Init navigationContent json data complete.
[INFO 2015-08-31T10:58:58.467] Star init groupContent json data.
[INFO 2015-08-31T10:58:58.467] Init groupContent json data complete.
[INFO 2015-08-31T11:27:42.005] Star init authContent json data.
[INFO 2015-08-31T11:27:42.190] Init authContent json data complete.
[INFO 2015-08-31T11:27:42.190] Star init userContent json data.
[INFO 2015-08-31T11:27:42.190] Init userContent json data complete.
[INFO 2015-08-31T11:27:42.190] Star init navigationContent json data.
[INFO 2015-08-31T11:27:42.190] Init navigationContent json data complete.
[INFO 2015-08-31T11:27:42.190] Star init groupContent json data.
[INFO 2015-08-31T11:27:42.190] Init groupContent json data complete.
[INFO 2015-08-31T14:59:32.220] Star init authContent json data.
[INFO 2015-08-31T14:59:32.410] Init authContent json data complete.
[INFO 2015-08-31T14:59:32.410] Star init userContent json data.
[INFO 2015-08-31T14:59:32.410] Init userContent json data complete.
[INFO 2015-08-31T14:59:32.410] Star init navigationContent json data.
[INFO 2015-08-31T14:59:32.426] Init navigationContent json data complete.
[INFO 2015-08-31T14:59:32.426] Star init groupContent json data.
[INFO 2015-08-31T14:59:32.426] Init groupContent json data complete.
