[INFO 2015-04-09T09:52:07.936] Star init authContent json data.
[INFO 2015-04-09T09:52:08.130] Init authContent json data complete.
[INFO 2015-04-09T09:52:08.130] Star init userContent json data.
[INFO 2015-04-09T09:52:08.130] Init userContent json data complete.
[INFO 2015-04-09T09:52:08.130] Star init navigationContent json data.
[INFO 2015-04-09T09:52:08.130] Init navigationContent json data complete.
[INFO 2015-04-09T09:52:08.130] Star init groupContent json data.
[INFO 2015-04-09T09:52:08.130] Init groupContent json data complete.
[INFO 2015-04-09T17:19:56.831] Star init authContent json data.
[INFO 2015-04-09T17:19:57.052] Init authContent json data complete.
[INFO 2015-04-09T17:19:57.052] Star init userContent json data.
[INFO 2015-04-09T17:19:57.054] Init userContent json data complete.
[INFO 2015-04-09T17:19:57.054] Star init navigationContent json data.
[INFO 2015-04-09T17:19:57.056] Init navigationContent json data complete.
[INFO 2015-04-09T17:19:57.056] Star init groupContent json data.
[INFO 2015-04-09T17:19:57.058] Init groupContent json data complete.
[INFO 2015-04-09T18:02:25.464] Star init authContent json data.
[INFO 2015-04-09T18:02:25.666] Init authContent json data complete.
[INFO 2015-04-09T18:02:25.666] Star init userContent json data.
[INFO 2015-04-09T18:02:25.668] Init userContent json data complete.
[INFO 2015-04-09T18:02:25.669] Star init navigationContent json data.
[INFO 2015-04-09T18:02:25.671] Init navigationContent json data complete.
[INFO 2015-04-09T18:02:25.671] Star init groupContent json data.
[INFO 2015-04-09T18:02:25.672] Init groupContent json data complete.
