[INFO 2015-04-11T09:39:51.527] Star init authContent json data.
[INFO 2015-04-11T09:39:51.748] Init authContent json data complete.
[INFO 2015-04-11T09:39:51.748] Star init userContent json data.
[INFO 2015-04-11T09:39:51.750] Init userContent json data complete.
[INFO 2015-04-11T09:39:51.750] Star init navigationContent json data.
[INFO 2015-04-11T09:39:51.752] Init navigationContent json data complete.
[INFO 2015-04-11T09:39:51.752] Star init groupContent json data.
[INFO 2015-04-11T09:39:51.754] Init groupContent json data complete.
[INFO 2015-04-11T12:30:53.378] Star init authContent json data.
[INFO 2015-04-11T12:30:53.593] Init authContent json data complete.
[INFO 2015-04-11T12:30:53.594] Star init userContent json data.
[INFO 2015-04-11T12:30:53.595] Init userContent json data complete.
[INFO 2015-04-11T12:30:53.596] Star init navigationContent json data.
[INFO 2015-04-11T12:30:53.597] Init navigationContent json data complete.
[INFO 2015-04-11T12:30:53.597] Star init groupContent json data.
[INFO 2015-04-11T12:30:53.599] Init groupContent json data complete.
[INFO 2015-04-11T14:43:27.849] Star init authContent json data.
[INFO 2015-04-11T14:43:28.063] Init authContent json data complete.
[INFO 2015-04-11T14:43:28.063] Star init userContent json data.
[INFO 2015-04-11T14:43:28.066] Init userContent json data complete.
[INFO 2015-04-11T14:43:28.066] Star init navigationContent json data.
[INFO 2015-04-11T14:43:28.068] Init navigationContent json data complete.
[INFO 2015-04-11T14:43:28.068] Star init groupContent json data.
[INFO 2015-04-11T14:43:28.070] Init groupContent json data complete.
[INFO 2015-04-11T15:13:09.530] Star init authContent json data.
[INFO 2015-04-11T15:13:09.740] Init authContent json data complete.
[INFO 2015-04-11T15:13:09.740] Star init userContent json data.
[INFO 2015-04-11T15:13:09.742] Init userContent json data complete.
[INFO 2015-04-11T15:13:09.742] Star init navigationContent json data.
[INFO 2015-04-11T15:13:09.744] Init navigationContent json data complete.
[INFO 2015-04-11T15:13:09.744] Star init groupContent json data.
[INFO 2015-04-11T15:13:09.747] Init groupContent json data complete.
[INFO 2015-04-11T16:11:35.408] Star init authContent json data.
[INFO 2015-04-11T16:11:35.608] Init authContent json data complete.
[INFO 2015-04-11T16:11:35.608] Star init userContent json data.
[INFO 2015-04-11T16:11:35.611] Init userContent json data complete.
[INFO 2015-04-11T16:11:35.611] Star init navigationContent json data.
[INFO 2015-04-11T16:11:35.613] Init navigationContent json data complete.
[INFO 2015-04-11T16:11:35.613] Star init groupContent json data.
[INFO 2015-04-11T16:11:35.615] Init groupContent json data complete.
