[INFO 2015-06-11T09:05:13.920] Star init authContent json data.
[INFO 2015-06-11T09:05:14.109] Init authContent json data complete.
[INFO 2015-06-11T09:05:14.109] Star init userContent json data.
[INFO 2015-06-11T09:05:14.109] Init userContent json data complete.
[INFO 2015-06-11T09:05:14.109] Star init navigationContent json data.
[INFO 2015-06-11T09:05:14.109] Init navigationContent json data complete.
[INFO 2015-06-11T09:05:14.109] Star init groupContent json data.
[INFO 2015-06-11T09:05:14.109] Init groupContent json data complete.
[INFO 2015-06-11T09:43:57.615] Star init authContent json data.
[INFO 2015-06-11T09:43:57.882] Init authContent json data complete.
[INFO 2015-06-11T09:43:57.882] Star init userContent json data.
[INFO 2015-06-11T09:43:57.884] Init userContent json data complete.
[INFO 2015-06-11T09:43:57.884] Star init navigationContent json data.
[INFO 2015-06-11T09:43:57.884] Init navigationContent json data complete.
[INFO 2015-06-11T09:43:57.884] Star init groupContent json data.
[INFO 2015-06-11T09:43:57.884] Init groupContent json data complete.
[INFO 2015-06-11T11:31:32.944] Star init authContent json data.
[INFO 2015-06-11T11:31:33.175] Init authContent json data complete.
[INFO 2015-06-11T11:31:33.175] Star init userContent json data.
[INFO 2015-06-11T11:31:33.180] Init userContent json data complete.
[INFO 2015-06-11T11:31:33.181] Star init navigationContent json data.
[INFO 2015-06-11T11:31:33.194] Init navigationContent json data complete.
[INFO 2015-06-11T11:31:33.194] Star init groupContent json data.
[INFO 2015-06-11T11:31:33.196] Init groupContent json data complete.
[INFO 2015-06-11T12:12:29.145] Star init authContent json data.
[INFO 2015-06-11T12:12:29.343] Init authContent json data complete.
[INFO 2015-06-11T12:12:29.343] Star init userContent json data.
[INFO 2015-06-11T12:12:29.343] Init userContent json data complete.
[INFO 2015-06-11T12:12:29.343] Star init navigationContent json data.
[INFO 2015-06-11T12:12:29.343] Init navigationContent json data complete.
[INFO 2015-06-11T12:12:29.343] Star init groupContent json data.
[INFO 2015-06-11T12:12:29.343] Init groupContent json data complete.
[INFO 2015-06-11T14:22:35.320] Star init authContent json data.
[INFO 2015-06-11T14:22:35.539] Init authContent json data complete.
[INFO 2015-06-11T14:22:35.540] Star init userContent json data.
[INFO 2015-06-11T14:22:35.542] Init userContent json data complete.
[INFO 2015-06-11T14:22:35.542] Star init navigationContent json data.
[INFO 2015-06-11T14:22:35.587] Init navigationContent json data complete.
[INFO 2015-06-11T14:22:35.587] Star init groupContent json data.
[INFO 2015-06-11T14:22:35.589] Init groupContent json data complete.
[INFO 2015-06-11T15:02:22.134] Star init authContent json data.
[INFO 2015-06-11T15:02:22.320] Init authContent json data complete.
[INFO 2015-06-11T15:02:22.320] Star init userContent json data.
[INFO 2015-06-11T15:02:22.330] Init userContent json data complete.
[INFO 2015-06-11T15:02:22.330] Star init navigationContent json data.
[INFO 2015-06-11T15:02:22.340] Init navigationContent json data complete.
[INFO 2015-06-11T15:02:22.340] Star init groupContent json data.
[INFO 2015-06-11T15:02:22.340] Init groupContent json data complete.
[INFO 2015-06-11T16:43:52.528] Star init authContent json data.
[INFO 2015-06-11T16:43:52.738] Init authContent json data complete.
[INFO 2015-06-11T16:43:52.739] Star init userContent json data.
[INFO 2015-06-11T16:43:52.740] Init userContent json data complete.
[INFO 2015-06-11T16:43:52.740] Star init navigationContent json data.
[INFO 2015-06-11T16:43:52.743] Init navigationContent json data complete.
[INFO 2015-06-11T16:43:52.743] Star init groupContent json data.
[INFO 2015-06-11T16:43:52.744] Init groupContent json data complete.
