[INFO 2015-08-06T09:24:29.848] Star init authContent json data.
[INFO 2015-08-06T09:24:30.036] Init authContent json data complete.
[INFO 2015-08-06T09:24:30.036] Star init userContent json data.
[INFO 2015-08-06T09:24:30.036] Init userContent json data complete.
[INFO 2015-08-06T09:24:30.036] Star init navigationContent json data.
[INFO 2015-08-06T09:24:30.068] Init navigationContent json data complete.
[INFO 2015-08-06T09:24:30.068] Star init groupContent json data.
[INFO 2015-08-06T09:24:30.068] Init groupContent json data complete.
[INFO 2015-08-06T09:42:01.516] Star init authContent json data.
[INFO 2015-08-06T09:42:01.725] Init authContent json data complete.
[INFO 2015-08-06T09:42:01.725] Star init userContent json data.
[INFO 2015-08-06T09:42:01.725] Init userContent json data complete.
[INFO 2015-08-06T09:42:01.725] Star init navigationContent json data.
[INFO 2015-08-06T09:42:01.725] Init navigationContent json data complete.
[INFO 2015-08-06T09:42:01.725] Star init groupContent json data.
[INFO 2015-08-06T09:42:01.725] Init groupContent json data complete.
[INFO 2015-08-06T11:01:14.864] Star init authContent json data.
[INFO 2015-08-06T11:01:15.055] Init authContent json data complete.
[INFO 2015-08-06T11:01:15.055] Star init userContent json data.
[INFO 2015-08-06T11:01:15.055] Init userContent json data complete.
[INFO 2015-08-06T11:01:15.055] Star init navigationContent json data.
[INFO 2015-08-06T11:01:15.065] Init navigationContent json data complete.
[INFO 2015-08-06T11:01:15.065] Star init groupContent json data.
[INFO 2015-08-06T11:01:15.065] Init groupContent json data complete.
[INFO 2015-08-06T11:42:39.825] Star init authContent json data.
[INFO 2015-08-06T11:42:40.057] Init authContent json data complete.
[INFO 2015-08-06T11:42:40.057] Star init userContent json data.
[INFO 2015-08-06T11:42:40.060] Init userContent json data complete.
[INFO 2015-08-06T11:42:40.060] Star init navigationContent json data.
[INFO 2015-08-06T11:42:40.071] Init navigationContent json data complete.
[INFO 2015-08-06T11:42:40.072] Star init groupContent json data.
[INFO 2015-08-06T11:42:40.073] Init groupContent json data complete.
[INFO 2015-08-06T12:03:53.910] Star init authContent json data.
[INFO 2015-08-06T12:03:54.118] Init authContent json data complete.
[INFO 2015-08-06T12:03:54.118] Star init userContent json data.
[INFO 2015-08-06T12:03:54.118] Init userContent json data complete.
[INFO 2015-08-06T12:03:54.118] Star init navigationContent json data.
[INFO 2015-08-06T12:03:54.128] Init navigationContent json data complete.
[INFO 2015-08-06T12:03:54.128] Star init groupContent json data.
[INFO 2015-08-06T12:03:54.128] Init groupContent json data complete.
[INFO 2015-08-06T16:06:34.603] Star init authContent json data.
[INFO 2015-08-06T16:06:34.804] Init authContent json data complete.
[INFO 2015-08-06T16:06:34.804] Star init userContent json data.
[INFO 2015-08-06T16:06:34.806] Init userContent json data complete.
[INFO 2015-08-06T16:06:34.806] Star init navigationContent json data.
[INFO 2015-08-06T16:06:34.808] Init navigationContent json data complete.
[INFO 2015-08-06T16:06:34.808] Star init groupContent json data.
[INFO 2015-08-06T16:06:34.810] Init groupContent json data complete.
[INFO 2015-08-06T16:58:40.334] Star init authContent json data.
[INFO 2015-08-06T16:58:40.528] Init authContent json data complete.
[INFO 2015-08-06T16:58:40.528] Star init userContent json data.
[INFO 2015-08-06T16:58:40.529] Init userContent json data complete.
[INFO 2015-08-06T16:58:40.530] Star init navigationContent json data.
[INFO 2015-08-06T16:58:40.532] Init navigationContent json data complete.
[INFO 2015-08-06T16:58:40.532] Star init groupContent json data.
[INFO 2015-08-06T16:58:40.533] Init groupContent json data complete.
[INFO 2015-08-06T16:59:50.917] Star init authContent json data.
[INFO 2015-08-06T16:59:51.184] Init authContent json data complete.
[INFO 2015-08-06T16:59:51.185] Star init userContent json data.
[INFO 2015-08-06T16:59:51.187] Init userContent json data complete.
[INFO 2015-08-06T16:59:51.187] Star init navigationContent json data.
[INFO 2015-08-06T16:59:51.190] Init navigationContent json data complete.
[INFO 2015-08-06T16:59:51.190] Star init groupContent json data.
[INFO 2015-08-06T16:59:51.192] Init groupContent json data complete.
[INFO 2015-08-06T17:20:44.189] Star init authContent json data.
[INFO 2015-08-06T17:20:44.397] Init authContent json data complete.
[INFO 2015-08-06T17:20:44.397] Star init userContent json data.
[INFO 2015-08-06T17:20:44.399] Init userContent json data complete.
[INFO 2015-08-06T17:20:44.399] Star init navigationContent json data.
[INFO 2015-08-06T17:20:44.402] Init navigationContent json data complete.
[INFO 2015-08-06T17:20:44.402] Star init groupContent json data.
[INFO 2015-08-06T17:20:44.404] Init groupContent json data complete.
