[INFO 2015-02-02T09:35:12.488] Star init authContent json data.
[INFO 2015-02-02T09:35:12.676] Init authContent json data complete.
[INFO 2015-02-02T09:35:12.676] Star init userContent json data.
[INFO 2015-02-02T09:35:12.676] Init userContent json data complete.
[INFO 2015-02-02T09:35:12.676] Star init navigationContent json data.
[INFO 2015-02-02T09:35:12.676] Init navigationContent json data complete.
[INFO 2015-02-02T09:35:12.676] Star init groupContent json data.
[INFO 2015-02-02T09:35:12.691] Init groupContent json data complete.
[INFO 2015-02-02T09:38:06.093] Star init authContent json data.
[INFO 2015-02-02T09:38:06.296] Init authContent json data complete.
[INFO 2015-02-02T09:38:06.296] Star init userContent json data.
[INFO 2015-02-02T09:38:06.296] Init userContent json data complete.
[INFO 2015-02-02T09:38:06.296] Star init navigationContent json data.
[INFO 2015-02-02T09:38:06.296] Init navigationContent json data complete.
[INFO 2015-02-02T09:38:06.296] Star init groupContent json data.
[INFO 2015-02-02T09:38:06.296] Init groupContent json data complete.
[INFO 2015-02-02T09:38:31.238] Star init authContent json data.
[INFO 2015-02-02T09:38:31.426] Init authContent json data complete.
[INFO 2015-02-02T09:38:31.426] Star init userContent json data.
[INFO 2015-02-02T09:38:31.426] Init userContent json data complete.
[INFO 2015-02-02T09:38:31.426] Star init navigationContent json data.
[INFO 2015-02-02T09:38:31.426] Init navigationContent json data complete.
[INFO 2015-02-02T09:38:31.426] Star init groupContent json data.
[INFO 2015-02-02T09:38:31.426] Init groupContent json data complete.
[INFO 2015-02-02T09:41:24.360] Star init authContent json data.
[INFO 2015-02-02T09:41:24.532] Init authContent json data complete.
[INFO 2015-02-02T09:41:24.532] Star init userContent json data.
[INFO 2015-02-02T09:41:24.532] Init userContent json data complete.
[INFO 2015-02-02T09:41:24.532] Star init navigationContent json data.
[INFO 2015-02-02T09:41:24.532] Init navigationContent json data complete.
[INFO 2015-02-02T09:41:24.532] Star init groupContent json data.
[INFO 2015-02-02T09:41:24.548] Init groupContent json data complete.
[INFO 2015-02-02T09:41:33.908] Star init authContent json data.
[INFO 2015-02-02T09:41:34.080] Init authContent json data complete.
[INFO 2015-02-02T09:41:34.080] Star init userContent json data.
[INFO 2015-02-02T09:41:34.080] Init userContent json data complete.
[INFO 2015-02-02T09:41:34.080] Star init navigationContent json data.
[INFO 2015-02-02T09:41:34.080] Init navigationContent json data complete.
[INFO 2015-02-02T09:41:34.080] Star init groupContent json data.
[INFO 2015-02-02T09:41:34.080] Init groupContent json data complete.
[INFO 2015-02-02T09:50:32.234] Star init authContent json data.
[INFO 2015-02-02T09:50:32.406] Init authContent json data complete.
[INFO 2015-02-02T09:50:32.406] Star init userContent json data.
[INFO 2015-02-02T09:50:32.406] Init userContent json data complete.
[INFO 2015-02-02T09:50:32.406] Star init navigationContent json data.
[INFO 2015-02-02T09:50:32.422] Init navigationContent json data complete.
[INFO 2015-02-02T09:50:32.422] Star init groupContent json data.
[INFO 2015-02-02T09:50:32.422] Init groupContent json data complete.
[INFO 2015-02-02T09:51:56.262] Star init authContent json data.
[INFO 2015-02-02T09:51:56.451] Init authContent json data complete.
[INFO 2015-02-02T09:51:56.451] Star init userContent json data.
[INFO 2015-02-02T09:51:56.451] Init userContent json data complete.
[INFO 2015-02-02T09:51:56.451] Star init navigationContent json data.
[INFO 2015-02-02T09:51:56.451] Init navigationContent json data complete.
[INFO 2015-02-02T09:51:56.451] Star init groupContent json data.
[INFO 2015-02-02T09:51:56.451] Init groupContent json data complete.
[INFO 2015-02-02T10:01:37.779] Star init authContent json data.
[INFO 2015-02-02T10:01:37.968] Init authContent json data complete.
[INFO 2015-02-02T10:01:37.968] Star init userContent json data.
[INFO 2015-02-02T10:01:37.968] Init userContent json data complete.
[INFO 2015-02-02T10:01:37.968] Star init navigationContent json data.
[INFO 2015-02-02T10:01:37.968] Init navigationContent json data complete.
[INFO 2015-02-02T10:01:37.968] Star init groupContent json data.
[INFO 2015-02-02T10:01:37.968] Init groupContent json data complete.
[INFO 2015-02-02T10:19:58.670] Star flush userContent json data.
[INFO 2015-02-02T10:19:58.685] Flush userContent json data completed.
[INFO 2015-02-02T11:00:08.657] Star init authContent json data.
[INFO 2015-02-02T11:00:08.877] Init authContent json data complete.
[INFO 2015-02-02T11:00:08.877] Star init userContent json data.
[INFO 2015-02-02T11:00:08.877] Init userContent json data complete.
[INFO 2015-02-02T11:00:08.877] Star init navigationContent json data.
[INFO 2015-02-02T11:00:08.893] Init navigationContent json data complete.
[INFO 2015-02-02T11:00:08.893] Star init groupContent json data.
[INFO 2015-02-02T11:00:08.893] Init groupContent json data complete.
[INFO 2015-02-02T20:31:07.674] Star init authContent json data.
[INFO 2015-02-02T20:31:07.995] Init authContent json data complete.
[INFO 2015-02-02T20:31:07.995] Star init userContent json data.
[INFO 2015-02-02T20:31:08.010] Init userContent json data complete.
[INFO 2015-02-02T20:31:08.010] Star init navigationContent json data.
[INFO 2015-02-02T20:31:08.011] Init navigationContent json data complete.
[INFO 2015-02-02T20:31:08.011] Star init groupContent json data.
[INFO 2015-02-02T20:31:08.011] Init groupContent json data complete.
[INFO 2015-02-02T20:54:02.088] Star init authContent json data.
[INFO 2015-02-02T20:54:02.307] Init authContent json data complete.
[INFO 2015-02-02T20:54:02.307] Star init userContent json data.
[INFO 2015-02-02T20:54:02.309] Init userContent json data complete.
[INFO 2015-02-02T20:54:02.309] Star init navigationContent json data.
[INFO 2015-02-02T20:54:02.311] Init navigationContent json data complete.
[INFO 2015-02-02T20:54:02.311] Star init groupContent json data.
[INFO 2015-02-02T20:54:02.313] Init groupContent json data complete.
