[INFO 2015-09-08T10:36:56.613] Star init authContent json data.
[INFO 2015-09-08T10:36:56.801] Init authContent json data complete.
[INFO 2015-09-08T10:36:56.801] Star init userContent json data.
[INFO 2015-09-08T10:36:56.802] Init userContent json data complete.
[INFO 2015-09-08T10:36:56.803] Star init navigationContent json data.
[INFO 2015-09-08T10:36:56.811] Init navigationContent json data complete.
[INFO 2015-09-08T10:36:56.811] Star init groupContent json data.
[INFO 2015-09-08T10:36:56.813] Init groupContent json data complete.
[INFO 2015-09-08T17:52:56.514] Star init authContent json data.
[INFO 2015-09-08T17:52:56.718] Init authContent json data complete.
[INFO 2015-09-08T17:52:56.718] Star init userContent json data.
[INFO 2015-09-08T17:52:56.720] Init userContent json data complete.
[INFO 2015-09-08T17:52:56.720] Star init navigationContent json data.
[INFO 2015-09-08T17:52:56.730] Init navigationContent json data complete.
[INFO 2015-09-08T17:52:56.730] Star init groupContent json data.
[INFO 2015-09-08T17:52:56.732] Init groupContent json data complete.
[INFO 2015-09-08T17:55:36.017] Star init authContent json data.
[INFO 2015-09-08T17:55:36.226] Init authContent json data complete.
[INFO 2015-09-08T17:55:36.226] Star init userContent json data.
[INFO 2015-09-08T17:55:36.227] Init userContent json data complete.
[INFO 2015-09-08T17:55:36.228] Star init navigationContent json data.
[INFO 2015-09-08T17:55:36.230] Init navigationContent json data complete.
[INFO 2015-09-08T17:55:36.230] Star init groupContent json data.
[INFO 2015-09-08T17:55:36.232] Init groupContent json data complete.
