[INFO 2015-07-14T09:09:14.549] Star init authContent json data.
[INFO 2015-07-14T09:09:14.737] Init authContent json data complete.
[INFO 2015-07-14T09:09:14.737] Star init userContent json data.
[INFO 2015-07-14T09:09:14.737] Init userContent json data complete.
[INFO 2015-07-14T09:09:14.737] Star init navigationContent json data.
[INFO 2015-07-14T09:09:14.737] Init navigationContent json data complete.
[INFO 2015-07-14T09:09:14.737] Star init groupContent json data.
[INFO 2015-07-14T09:09:14.737] Init groupContent json data complete.
[INFO 2015-07-14T11:05:06.734] Star init authContent json data.
[INFO 2015-07-14T11:05:06.926] Init authContent json data complete.
[INFO 2015-07-14T11:05:06.927] Star init userContent json data.
[INFO 2015-07-14T11:05:06.928] Init userContent json data complete.
[INFO 2015-07-14T11:05:06.928] Star init navigationContent json data.
[INFO 2015-07-14T11:05:06.943] Init navigationContent json data complete.
[INFO 2015-07-14T11:05:06.944] Star init groupContent json data.
[INFO 2015-07-14T11:05:06.945] Init groupContent json data complete.
[INFO 2015-07-14T11:52:11.278] Star init authContent json data.
[INFO 2015-07-14T11:52:11.471] Init authContent json data complete.
[INFO 2015-07-14T11:52:11.471] Star init userContent json data.
[INFO 2015-07-14T11:52:11.473] Init userContent json data complete.
[INFO 2015-07-14T11:52:11.473] Star init navigationContent json data.
[INFO 2015-07-14T11:52:11.475] Init navigationContent json data complete.
[INFO 2015-07-14T11:52:11.476] Star init groupContent json data.
[INFO 2015-07-14T11:52:11.477] Init groupContent json data complete.
[INFO 2015-07-14T15:59:27.026] Star init authContent json data.
[INFO 2015-07-14T15:59:27.226] Init authContent json data complete.
[INFO 2015-07-14T15:59:27.226] Star init userContent json data.
[INFO 2015-07-14T15:59:27.229] Init userContent json data complete.
[INFO 2015-07-14T15:59:27.229] Star init navigationContent json data.
[INFO 2015-07-14T15:59:27.231] Init navigationContent json data complete.
[INFO 2015-07-14T15:59:27.232] Star init groupContent json data.
[INFO 2015-07-14T15:59:27.233] Init groupContent json data complete.
[INFO 2015-07-14T18:04:39.041] Star init authContent json data.
[INFO 2015-07-14T18:04:39.268] Init authContent json data complete.
[INFO 2015-07-14T18:04:39.268] Star init userContent json data.
[INFO 2015-07-14T18:04:39.270] Init userContent json data complete.
[INFO 2015-07-14T18:04:39.270] Star init navigationContent json data.
[INFO 2015-07-14T18:04:39.272] Init navigationContent json data complete.
[INFO 2015-07-14T18:04:39.272] Star init groupContent json data.
[INFO 2015-07-14T18:04:39.274] Init groupContent json data complete.
