[INFO 2015-08-08T13:39:48.737] Star init authContent json data.
[INFO 2015-08-08T13:39:48.925] Init authContent json data complete.
[INFO 2015-08-08T13:39:48.925] Star init userContent json data.
[INFO 2015-08-08T13:39:48.925] Init userContent json data complete.
[INFO 2015-08-08T13:39:48.925] Star init navigationContent json data.
[INFO 2015-08-08T13:39:48.941] Init navigationContent json data complete.
[INFO 2015-08-08T13:39:48.941] Star init groupContent json data.
[INFO 2015-08-08T13:39:48.941] Init groupContent json data complete.
[INFO 2015-08-08T14:01:39.398] Star init authContent json data.
[INFO 2015-08-08T14:01:39.586] Init authContent json data complete.
[INFO 2015-08-08T14:01:39.586] Star init userContent json data.
[INFO 2015-08-08T14:01:39.586] Init userContent json data complete.
[INFO 2015-08-08T14:01:39.586] Star init navigationContent json data.
[INFO 2015-08-08T14:01:39.586] Init navigationContent json data complete.
[INFO 2015-08-08T14:01:39.586] Star init groupContent json data.
[INFO 2015-08-08T14:01:39.601] Init groupContent json data complete.
[INFO 2015-08-08T14:15:27.268] Star init authContent json data.
[INFO 2015-08-08T14:15:27.456] Init authContent json data complete.
[INFO 2015-08-08T14:15:27.456] Star init userContent json data.
[INFO 2015-08-08T14:15:27.458] Init userContent json data complete.
[INFO 2015-08-08T14:15:27.458] Star init navigationContent json data.
[INFO 2015-08-08T14:15:27.460] Init navigationContent json data complete.
[INFO 2015-08-08T14:15:27.460] Star init groupContent json data.
[INFO 2015-08-08T14:15:27.462] Init groupContent json data complete.
[INFO 2015-08-08T16:01:37.248] Star init authContent json data.
[INFO 2015-08-08T16:01:37.442] Init authContent json data complete.
[INFO 2015-08-08T16:01:37.443] Star init userContent json data.
[INFO 2015-08-08T16:01:37.445] Init userContent json data complete.
[INFO 2015-08-08T16:01:37.445] Star init navigationContent json data.
[INFO 2015-08-08T16:01:37.463] Init navigationContent json data complete.
[INFO 2015-08-08T16:01:37.463] Star init groupContent json data.
[INFO 2015-08-08T16:01:37.464] Init groupContent json data complete.
[INFO 2015-08-08T16:03:20.018] Star init authContent json data.
[INFO 2015-08-08T16:03:20.223] Init authContent json data complete.
[INFO 2015-08-08T16:03:20.223] Star init userContent json data.
[INFO 2015-08-08T16:03:20.224] Init userContent json data complete.
[INFO 2015-08-08T16:03:20.225] Star init navigationContent json data.
[INFO 2015-08-08T16:03:20.227] Init navigationContent json data complete.
[INFO 2015-08-08T16:03:20.227] Star init groupContent json data.
[INFO 2015-08-08T16:03:20.228] Init groupContent json data complete.
[INFO 2015-08-08T16:07:54.180] Star init authContent json data.
[INFO 2015-08-08T16:07:54.393] Init authContent json data complete.
[INFO 2015-08-08T16:07:54.393] Star init userContent json data.
[INFO 2015-08-08T16:07:54.395] Init userContent json data complete.
[INFO 2015-08-08T16:07:54.395] Star init navigationContent json data.
[INFO 2015-08-08T16:07:54.397] Init navigationContent json data complete.
[INFO 2015-08-08T16:07:54.398] Star init groupContent json data.
[INFO 2015-08-08T16:07:54.399] Init groupContent json data complete.
[INFO 2015-08-08T16:09:43.507] Star init authContent json data.
[INFO 2015-08-08T16:09:43.694] Init authContent json data complete.
[INFO 2015-08-08T16:09:43.694] Star init userContent json data.
[INFO 2015-08-08T16:09:43.697] Init userContent json data complete.
[INFO 2015-08-08T16:09:43.697] Star init navigationContent json data.
[INFO 2015-08-08T16:09:43.700] Init navigationContent json data complete.
[INFO 2015-08-08T16:09:43.700] Star init groupContent json data.
[INFO 2015-08-08T16:09:43.701] Init groupContent json data complete.
[INFO 2015-08-08T16:10:55.526] Star init authContent json data.
[INFO 2015-08-08T16:10:55.743] Init authContent json data complete.
[INFO 2015-08-08T16:10:55.744] Star init userContent json data.
[INFO 2015-08-08T16:10:55.746] Init userContent json data complete.
[INFO 2015-08-08T16:10:55.746] Star init navigationContent json data.
[INFO 2015-08-08T16:10:55.748] Init navigationContent json data complete.
[INFO 2015-08-08T16:10:55.748] Star init groupContent json data.
[INFO 2015-08-08T16:10:55.750] Init groupContent json data complete.
[INFO 2015-08-08T16:11:50.332] Star init authContent json data.
[INFO 2015-08-08T16:11:50.554] Init authContent json data complete.
[INFO 2015-08-08T16:11:50.554] Star init userContent json data.
[INFO 2015-08-08T16:11:50.556] Init userContent json data complete.
[INFO 2015-08-08T16:11:50.556] Star init navigationContent json data.
[INFO 2015-08-08T16:11:50.559] Init navigationContent json data complete.
[INFO 2015-08-08T16:11:50.559] Star init groupContent json data.
[INFO 2015-08-08T16:11:50.560] Init groupContent json data complete.
[INFO 2015-08-08T16:16:02.769] Star init authContent json data.
[INFO 2015-08-08T16:16:02.988] Init authContent json data complete.
[INFO 2015-08-08T16:16:02.988] Star init userContent json data.
[INFO 2015-08-08T16:16:02.990] Init userContent json data complete.
[INFO 2015-08-08T16:16:02.990] Star init navigationContent json data.
[INFO 2015-08-08T16:16:02.992] Init navigationContent json data complete.
[INFO 2015-08-08T16:16:02.992] Star init groupContent json data.
[INFO 2015-08-08T16:16:02.994] Init groupContent json data complete.
[INFO 2015-08-08T16:26:15.480] Star init authContent json data.
[INFO 2015-08-08T16:26:15.669] Init authContent json data complete.
[INFO 2015-08-08T16:26:15.669] Star init userContent json data.
[INFO 2015-08-08T16:26:15.671] Init userContent json data complete.
[INFO 2015-08-08T16:26:15.671] Star init navigationContent json data.
[INFO 2015-08-08T16:26:15.673] Init navigationContent json data complete.
[INFO 2015-08-08T16:26:15.673] Star init groupContent json data.
[INFO 2015-08-08T16:26:15.675] Init groupContent json data complete.
[INFO 2015-08-08T16:35:02.210] Star init authContent json data.
[INFO 2015-08-08T16:35:02.411] Init authContent json data complete.
[INFO 2015-08-08T16:35:02.411] Star init userContent json data.
[INFO 2015-08-08T16:35:02.413] Init userContent json data complete.
[INFO 2015-08-08T16:35:02.413] Star init navigationContent json data.
[INFO 2015-08-08T16:35:02.416] Init navigationContent json data complete.
[INFO 2015-08-08T16:35:02.416] Star init groupContent json data.
[INFO 2015-08-08T16:35:02.417] Init groupContent json data complete.
[INFO 2015-08-08T16:35:53.177] Star init authContent json data.
[INFO 2015-08-08T16:35:53.374] Init authContent json data complete.
[INFO 2015-08-08T16:35:53.375] Star init userContent json data.
[INFO 2015-08-08T16:35:53.376] Init userContent json data complete.
[INFO 2015-08-08T16:35:53.376] Star init navigationContent json data.
[INFO 2015-08-08T16:35:53.378] Init navigationContent json data complete.
[INFO 2015-08-08T16:35:53.378] Star init groupContent json data.
[INFO 2015-08-08T16:35:53.380] Init groupContent json data complete.
[INFO 2015-08-08T16:45:07.250] Star init authContent json data.
[INFO 2015-08-08T16:45:07.431] Init authContent json data complete.
[INFO 2015-08-08T16:45:07.431] Star init userContent json data.
[INFO 2015-08-08T16:45:07.432] Init userContent json data complete.
[INFO 2015-08-08T16:45:07.433] Star init navigationContent json data.
[INFO 2015-08-08T16:45:07.435] Init navigationContent json data complete.
[INFO 2015-08-08T16:45:07.435] Star init groupContent json data.
[INFO 2015-08-08T16:45:07.436] Init groupContent json data complete.
[INFO 2015-08-08T17:07:27.981] Star init authContent json data.
[INFO 2015-08-08T17:07:28.207] Init authContent json data complete.
[INFO 2015-08-08T17:07:28.207] Star init userContent json data.
[INFO 2015-08-08T17:07:28.209] Init userContent json data complete.
[INFO 2015-08-08T17:07:28.209] Star init navigationContent json data.
[INFO 2015-08-08T17:07:28.211] Init navigationContent json data complete.
[INFO 2015-08-08T17:07:28.211] Star init groupContent json data.
[INFO 2015-08-08T17:07:28.213] Init groupContent json data complete.
