[INFO 2015-02-12T08:59:01.301] Star init authContent json data.
[INFO 2015-02-12T08:59:01.519] Init authContent json data complete.
[INFO 2015-02-12T08:59:01.519] Star init userContent json data.
[INFO 2015-02-12T08:59:01.519] Init userContent json data complete.
[INFO 2015-02-12T08:59:01.519] Star init navigationContent json data.
[INFO 2015-02-12T08:59:01.519] Init navigationContent json data complete.
[INFO 2015-02-12T08:59:01.519] Star init groupContent json data.
[INFO 2015-02-12T08:59:01.519] Init groupContent json data complete.
[INFO 2015-02-12T10:37:42.158] Star init authContent json data.
[INFO 2015-02-12T10:37:42.355] Init authContent json data complete.
[INFO 2015-02-12T10:37:42.355] Star init userContent json data.
[INFO 2015-02-12T10:37:42.357] Init userContent json data complete.
[INFO 2015-02-12T10:37:42.357] Star init navigationContent json data.
[INFO 2015-02-12T10:37:42.359] Init navigationContent json data complete.
[INFO 2015-02-12T10:37:42.359] Star init groupContent json data.
[INFO 2015-02-12T10:37:42.360] Init groupContent json data complete.
[INFO 2015-02-12T10:38:31.659] Star init authContent json data.
[INFO 2015-02-12T10:38:31.857] Init authContent json data complete.
[INFO 2015-02-12T10:38:31.857] Star init userContent json data.
[INFO 2015-02-12T10:38:31.859] Init userContent json data complete.
[INFO 2015-02-12T10:38:31.859] Star init navigationContent json data.
[INFO 2015-02-12T10:38:31.861] Init navigationContent json data complete.
[INFO 2015-02-12T10:38:31.861] Star init groupContent json data.
[INFO 2015-02-12T10:38:31.862] Init groupContent json data complete.
[INFO 2015-02-12T10:39:41.755] Star init authContent json data.
[INFO 2015-02-12T10:39:41.999] Init authContent json data complete.
[INFO 2015-02-12T10:39:41.999] Star init userContent json data.
[INFO 2015-02-12T10:39:42.001] Init userContent json data complete.
[INFO 2015-02-12T10:39:42.001] Star init navigationContent json data.
[INFO 2015-02-12T10:39:42.003] Init navigationContent json data complete.
[INFO 2015-02-12T10:39:42.003] Star init groupContent json data.
[INFO 2015-02-12T10:39:42.005] Init groupContent json data complete.
[INFO 2015-02-12T10:40:47.610] Star init authContent json data.
[INFO 2015-02-12T10:40:47.832] Init authContent json data complete.
[INFO 2015-02-12T10:40:47.833] Star init userContent json data.
[INFO 2015-02-12T10:40:47.835] Init userContent json data complete.
[INFO 2015-02-12T10:40:47.835] Star init navigationContent json data.
[INFO 2015-02-12T10:40:47.838] Init navigationContent json data complete.
[INFO 2015-02-12T10:40:47.838] Star init groupContent json data.
[INFO 2015-02-12T10:40:47.840] Init groupContent json data complete.
[INFO 2015-02-12T10:45:03.509] Star init authContent json data.
[INFO 2015-02-12T10:45:03.753] Init authContent json data complete.
[INFO 2015-02-12T10:45:03.754] Star init userContent json data.
[INFO 2015-02-12T10:45:03.756] Init userContent json data complete.
[INFO 2015-02-12T10:45:03.756] Star init navigationContent json data.
[INFO 2015-02-12T10:45:03.758] Init navigationContent json data complete.
[INFO 2015-02-12T10:45:03.758] Star init groupContent json data.
[INFO 2015-02-12T10:45:03.760] Init groupContent json data complete.
[INFO 2015-02-12T10:57:17.003] Star init authContent json data.
[INFO 2015-02-12T10:57:17.217] Init authContent json data complete.
[INFO 2015-02-12T10:57:17.217] Star init userContent json data.
[INFO 2015-02-12T10:57:17.219] Init userContent json data complete.
[INFO 2015-02-12T10:57:17.219] Star init navigationContent json data.
[INFO 2015-02-12T10:57:17.221] Init navigationContent json data complete.
[INFO 2015-02-12T10:57:17.222] Star init groupContent json data.
[INFO 2015-02-12T10:57:17.224] Init groupContent json data complete.
[INFO 2015-02-12T11:14:47.955] Star init authContent json data.
[INFO 2015-02-12T11:14:48.179] Init authContent json data complete.
[INFO 2015-02-12T11:14:48.179] Star init userContent json data.
[INFO 2015-02-12T11:14:48.182] Init userContent json data complete.
[INFO 2015-02-12T11:14:48.182] Star init navigationContent json data.
[INFO 2015-02-12T11:14:48.184] Init navigationContent json data complete.
[INFO 2015-02-12T11:14:48.184] Star init groupContent json data.
[INFO 2015-02-12T11:14:48.186] Init groupContent json data complete.
[INFO 2015-02-12T11:18:12.671] Star init authContent json data.
[INFO 2015-02-12T11:18:12.896] Init authContent json data complete.
[INFO 2015-02-12T11:18:12.896] Star init userContent json data.
[INFO 2015-02-12T11:18:12.898] Init userContent json data complete.
[INFO 2015-02-12T11:18:12.899] Star init navigationContent json data.
[INFO 2015-02-12T11:18:12.901] Init navigationContent json data complete.
[INFO 2015-02-12T11:18:12.901] Star init groupContent json data.
[INFO 2015-02-12T11:18:12.903] Init groupContent json data complete.
[INFO 2015-02-12T11:20:19.433] Star init authContent json data.
[INFO 2015-02-12T11:20:19.638] Init authContent json data complete.
[INFO 2015-02-12T11:20:19.638] Star init userContent json data.
[INFO 2015-02-12T11:20:19.640] Init userContent json data complete.
[INFO 2015-02-12T11:20:19.641] Star init navigationContent json data.
[INFO 2015-02-12T11:20:19.642] Init navigationContent json data complete.
[INFO 2015-02-12T11:20:19.642] Star init groupContent json data.
[INFO 2015-02-12T11:20:19.644] Init groupContent json data complete.
[INFO 2015-02-12T14:22:28.433] Star init authContent json data.
[INFO 2015-02-12T14:22:28.631] Init authContent json data complete.
[INFO 2015-02-12T14:22:28.631] Star init userContent json data.
[INFO 2015-02-12T14:22:28.633] Init userContent json data complete.
[INFO 2015-02-12T14:22:28.633] Star init navigationContent json data.
[INFO 2015-02-12T14:22:28.635] Init navigationContent json data complete.
[INFO 2015-02-12T14:22:28.635] Star init groupContent json data.
[INFO 2015-02-12T14:22:28.637] Init groupContent json data complete.
[INFO 2015-02-12T14:23:05.943] Star init authContent json data.
[INFO 2015-02-12T14:23:06.171] Init authContent json data complete.
[INFO 2015-02-12T14:23:06.171] Star init userContent json data.
[INFO 2015-02-12T14:23:06.173] Init userContent json data complete.
[INFO 2015-02-12T14:23:06.173] Star init navigationContent json data.
[INFO 2015-02-12T14:23:06.174] Init navigationContent json data complete.
[INFO 2015-02-12T14:23:06.175] Star init groupContent json data.
[INFO 2015-02-12T14:23:06.176] Init groupContent json data complete.
[INFO 2015-02-12T14:31:44.493] Star init authContent json data.
[INFO 2015-02-12T14:31:44.693] Init authContent json data complete.
[INFO 2015-02-12T14:31:44.693] Star init userContent json data.
[INFO 2015-02-12T14:31:44.695] Init userContent json data complete.
[INFO 2015-02-12T14:31:44.695] Star init navigationContent json data.
[INFO 2015-02-12T14:31:44.697] Init navigationContent json data complete.
[INFO 2015-02-12T14:31:44.697] Star init groupContent json data.
[INFO 2015-02-12T14:31:44.699] Init groupContent json data complete.
[INFO 2015-02-12T17:13:47.786] Star init authContent json data.
[INFO 2015-02-12T17:13:48.047] Init authContent json data complete.
[INFO 2015-02-12T17:13:48.048] Star init userContent json data.
[INFO 2015-02-12T17:13:48.050] Init userContent json data complete.
[INFO 2015-02-12T17:13:48.050] Star init navigationContent json data.
[INFO 2015-02-12T17:13:48.052] Init navigationContent json data complete.
[INFO 2015-02-12T17:13:48.053] Star init groupContent json data.
[INFO 2015-02-12T17:13:48.054] Init groupContent json data complete.
