[INFO 2015-06-16T09:06:04.976] Star init authContent json data.
[INFO 2015-06-16T09:06:05.194] Init authContent json data complete.
[INFO 2015-06-16T09:06:05.194] Star init userContent json data.
[INFO 2015-06-16T09:06:05.194] Init userContent json data complete.
[INFO 2015-06-16T09:06:05.194] Star init navigationContent json data.
[INFO 2015-06-16T09:06:05.194] Init navigationContent json data complete.
[INFO 2015-06-16T09:06:05.194] Star init groupContent json data.
[INFO 2015-06-16T09:06:05.194] Init groupContent json data complete.
[INFO 2015-06-16T09:50:09.644] Star init authContent json data.
[INFO 2015-06-16T09:50:09.941] Init authContent json data complete.
[INFO 2015-06-16T09:50:09.941] Star init userContent json data.
[INFO 2015-06-16T09:50:09.957] Init userContent json data complete.
[INFO 2015-06-16T09:50:09.957] Star init navigationContent json data.
[INFO 2015-06-16T09:50:09.957] Init navigationContent json data complete.
[INFO 2015-06-16T09:50:09.957] Star init groupContent json data.
[INFO 2015-06-16T09:50:09.957] Init groupContent json data complete.
[INFO 2015-06-16T11:39:06.541] Star init authContent json data.
[INFO 2015-06-16T11:39:06.736] Init authContent json data complete.
[INFO 2015-06-16T11:39:06.736] Star init userContent json data.
[INFO 2015-06-16T11:39:06.738] Init userContent json data complete.
[INFO 2015-06-16T11:39:06.738] Star init navigationContent json data.
[INFO 2015-06-16T11:39:06.740] Init navigationContent json data complete.
[INFO 2015-06-16T11:39:06.740] Star init groupContent json data.
[INFO 2015-06-16T11:39:06.742] Init groupContent json data complete.
[INFO 2015-06-16T16:25:02.197] Star init authContent json data.
[INFO 2015-06-16T16:25:02.389] Init authContent json data complete.
[INFO 2015-06-16T16:25:02.389] Star init userContent json data.
[INFO 2015-06-16T16:25:02.391] Init userContent json data complete.
[INFO 2015-06-16T16:25:02.391] Star init navigationContent json data.
[INFO 2015-06-16T16:25:02.403] Init navigationContent json data complete.
[INFO 2015-06-16T16:25:02.403] Star init groupContent json data.
[INFO 2015-06-16T16:25:02.405] Init groupContent json data complete.
