[INFO 2015-02-28T09:08:33.392] Star init authContent json data.
[INFO 2015-02-28T09:08:33.579] Init authContent json data complete.
[INFO 2015-02-28T09:08:33.579] Star init userContent json data.
[INFO 2015-02-28T09:08:33.579] Init userContent json data complete.
[INFO 2015-02-28T09:08:33.579] Star init navigationContent json data.
[INFO 2015-02-28T09:08:33.579] Init navigationContent json data complete.
[INFO 2015-02-28T09:08:33.579] Star init groupContent json data.
[INFO 2015-02-28T09:08:33.595] Init groupContent json data complete.
[INFO 2015-02-28T09:34:34.931] Star init authContent json data.
[INFO 2015-02-28T09:34:35.212] Init authContent json data complete.
[INFO 2015-02-28T09:34:35.212] Star init userContent json data.
[INFO 2015-02-28T09:34:35.212] Init userContent json data complete.
[INFO 2015-02-28T09:34:35.212] Star init navigationContent json data.
[INFO 2015-02-28T09:34:35.212] Init navigationContent json data complete.
[INFO 2015-02-28T09:34:35.212] Star init groupContent json data.
[INFO 2015-02-28T09:34:35.212] Init groupContent json data complete.
[INFO 2015-02-28T11:59:46.429] Star init authContent json data.
[INFO 2015-02-28T11:59:46.647] Init authContent json data complete.
[INFO 2015-02-28T11:59:46.663] Star init userContent json data.
[INFO 2015-02-28T11:59:46.663] Init userContent json data complete.
[INFO 2015-02-28T11:59:46.663] Star init navigationContent json data.
[INFO 2015-02-28T11:59:46.663] Init navigationContent json data complete.
[INFO 2015-02-28T11:59:46.663] Star init groupContent json data.
[INFO 2015-02-28T11:59:46.663] Init groupContent json data complete.
[INFO 2015-02-28T14:51:39.266] Star init authContent json data.
[INFO 2015-02-28T14:51:39.476] Init authContent json data complete.
[INFO 2015-02-28T14:51:39.476] Star init userContent json data.
[INFO 2015-02-28T14:51:39.478] Init userContent json data complete.
[INFO 2015-02-28T14:51:39.478] Star init navigationContent json data.
[INFO 2015-02-28T14:51:39.480] Init navigationContent json data complete.
[INFO 2015-02-28T14:51:39.480] Star init groupContent json data.
[INFO 2015-02-28T14:51:39.482] Init groupContent json data complete.
[INFO 2015-02-28T15:28:06.241] Star init authContent json data.
[INFO 2015-02-28T15:28:06.466] Init authContent json data complete.
[INFO 2015-02-28T15:28:06.467] Star init userContent json data.
[INFO 2015-02-28T15:28:06.469] Init userContent json data complete.
[INFO 2015-02-28T15:28:06.469] Star init navigationContent json data.
[INFO 2015-02-28T15:28:06.471] Init navigationContent json data complete.
[INFO 2015-02-28T15:28:06.471] Star init groupContent json data.
[INFO 2015-02-28T15:28:06.473] Init groupContent json data complete.
