[INFO 2015-07-13T09:24:12.520] Star init authContent json data.
[INFO 2015-07-13T09:24:12.709] Init authContent json data complete.
[INFO 2015-07-13T09:24:12.709] Star init userContent json data.
[INFO 2015-07-13T09:24:12.711] Init userContent json data complete.
[INFO 2015-07-13T09:24:12.711] Star init navigationContent json data.
[INFO 2015-07-13T09:24:12.722] Init navigationContent json data complete.
[INFO 2015-07-13T09:24:12.723] Star init groupContent json data.
[INFO 2015-07-13T09:24:12.724] Init groupContent json data complete.
[INFO 2015-07-13T12:31:28.583] Star init authContent json data.
[INFO 2015-07-13T12:31:28.917] Init authContent json data complete.
[INFO 2015-07-13T12:31:28.917] Star init userContent json data.
[INFO 2015-07-13T12:31:28.919] Init userContent json data complete.
[INFO 2015-07-13T12:31:28.919] Star init navigationContent json data.
[INFO 2015-07-13T12:31:28.942] Init navigationContent json data complete.
[INFO 2015-07-13T12:31:28.942] Star init groupContent json data.
[INFO 2015-07-13T12:31:28.943] Init groupContent json data complete.
[INFO 2015-07-13T16:06:49.884] Star init authContent json data.
[INFO 2015-07-13T16:06:50.079] Init authContent json data complete.
[INFO 2015-07-13T16:06:50.079] Star init userContent json data.
[INFO 2015-07-13T16:06:50.081] Init userContent json data complete.
[INFO 2015-07-13T16:06:50.081] Star init navigationContent json data.
[INFO 2015-07-13T16:06:50.087] Init navigationContent json data complete.
[INFO 2015-07-13T16:06:50.087] Star init groupContent json data.
[INFO 2015-07-13T16:06:50.088] Init groupContent json data complete.
[INFO 2015-07-13T17:49:53.722] Star init authContent json data.
[INFO 2015-07-13T17:49:54.030] Init authContent json data complete.
[INFO 2015-07-13T17:49:54.030] Star init userContent json data.
[INFO 2015-07-13T17:49:54.032] Init userContent json data complete.
[INFO 2015-07-13T17:49:54.032] Star init navigationContent json data.
[INFO 2015-07-13T17:49:54.042] Init navigationContent json data complete.
[INFO 2015-07-13T17:49:54.042] Star init groupContent json data.
[INFO 2015-07-13T17:49:54.043] Init groupContent json data complete.
[INFO 2015-07-13T19:24:35.365] Star init authContent json data.
[INFO 2015-07-13T19:24:35.554] Init authContent json data complete.
[INFO 2015-07-13T19:24:35.554] Star init userContent json data.
[INFO 2015-07-13T19:24:35.555] Init userContent json data complete.
[INFO 2015-07-13T19:24:35.556] Star init navigationContent json data.
[INFO 2015-07-13T19:24:35.558] Init navigationContent json data complete.
[INFO 2015-07-13T19:24:35.558] Star init groupContent json data.
[INFO 2015-07-13T19:24:35.559] Init groupContent json data complete.
[INFO 2015-07-13T19:55:41.733] Star init authContent json data.
[INFO 2015-07-13T19:55:41.953] Init authContent json data complete.
[INFO 2015-07-13T19:55:41.953] Star init userContent json data.
[INFO 2015-07-13T19:55:41.954] Init userContent json data complete.
[INFO 2015-07-13T19:55:41.955] Star init navigationContent json data.
[INFO 2015-07-13T19:55:41.957] Init navigationContent json data complete.
[INFO 2015-07-13T19:55:41.957] Star init groupContent json data.
[INFO 2015-07-13T19:55:41.959] Init groupContent json data complete.
