[INFO 2015-08-27T14:55:57.384] Star init authContent json data.
[INFO 2015-08-27T14:55:57.590] Init authContent json data complete.
[INFO 2015-08-27T14:55:57.591] Star init userContent json data.
[INFO 2015-08-27T14:55:57.592] Init userContent json data complete.
[INFO 2015-08-27T14:55:57.592] Star init navigationContent json data.
[INFO 2015-08-27T14:55:57.599] Init navigationContent json data complete.
[INFO 2015-08-27T14:55:57.600] Star init groupContent json data.
[INFO 2015-08-27T14:55:57.601] Init groupContent json data complete.
[INFO 2015-08-27T15:33:12.641] Star init authContent json data.
[INFO 2015-08-27T15:33:12.838] Init authContent json data complete.
[INFO 2015-08-27T15:33:12.838] Star init userContent json data.
[INFO 2015-08-27T15:33:12.839] Init userContent json data complete.
[INFO 2015-08-27T15:33:12.839] Star init navigationContent json data.
[INFO 2015-08-27T15:33:12.841] Init navigationContent json data complete.
[INFO 2015-08-27T15:33:12.842] Star init groupContent json data.
[INFO 2015-08-27T15:33:12.843] Init groupContent json data complete.
[INFO 2015-08-27T15:38:28.198] Star init authContent json data.
[INFO 2015-08-27T15:38:28.412] Init authContent json data complete.
[INFO 2015-08-27T15:38:28.412] Star init userContent json data.
[INFO 2015-08-27T15:38:28.414] Init userContent json data complete.
[INFO 2015-08-27T15:38:28.414] Star init navigationContent json data.
[INFO 2015-08-27T15:38:28.416] Init navigationContent json data complete.
[INFO 2015-08-27T15:38:28.417] Star init groupContent json data.
[INFO 2015-08-27T15:38:28.418] Init groupContent json data complete.
[INFO 2015-08-27T15:50:42.090] Star init authContent json data.
[INFO 2015-08-27T15:50:42.285] Init authContent json data complete.
[INFO 2015-08-27T15:50:42.285] Star init userContent json data.
[INFO 2015-08-27T15:50:42.287] Init userContent json data complete.
[INFO 2015-08-27T15:50:42.287] Star init navigationContent json data.
[INFO 2015-08-27T15:50:42.289] Init navigationContent json data complete.
[INFO 2015-08-27T15:50:42.289] Star init groupContent json data.
[INFO 2015-08-27T15:50:42.291] Init groupContent json data complete.
