[INFO 2015-05-21T11:39:20.138] Star init authContent json data.
[INFO 2015-05-21T11:39:20.332] Init authContent json data complete.
[INFO 2015-05-21T11:39:20.332] Star init userContent json data.
[INFO 2015-05-21T11:39:20.332] Init userContent json data complete.
[INFO 2015-05-21T11:39:20.332] Star init navigationContent json data.
[INFO 2015-05-21T11:39:20.347] Init navigationContent json data complete.
[INFO 2015-05-21T11:39:20.347] Star init groupContent json data.
[INFO 2015-05-21T11:39:20.347] Init groupContent json data complete.
[INFO 2015-05-21T12:09:32.097] Star init authContent json data.
[INFO 2015-05-21T12:09:32.297] Init authContent json data complete.
[INFO 2015-05-21T12:09:32.297] Star init userContent json data.
[INFO 2015-05-21T12:09:32.297] Init userContent json data complete.
[INFO 2015-05-21T12:09:32.297] Star init navigationContent json data.
[INFO 2015-05-21T12:09:32.297] Init navigationContent json data complete.
[INFO 2015-05-21T12:09:32.297] Star init groupContent json data.
[INFO 2015-05-21T12:09:32.297] Init groupContent json data complete.
[INFO 2015-05-21T12:10:53.238] Star init authContent json data.
[INFO 2015-05-21T12:10:53.451] Init authContent json data complete.
[INFO 2015-05-21T12:10:53.451] Star init userContent json data.
[INFO 2015-05-21T12:10:53.453] Init userContent json data complete.
[INFO 2015-05-21T12:10:53.453] Star init navigationContent json data.
[INFO 2015-05-21T12:10:53.453] Init navigationContent json data complete.
[INFO 2015-05-21T12:10:53.453] Star init groupContent json data.
[INFO 2015-05-21T12:10:53.453] Init groupContent json data complete.
[INFO 2015-05-21T12:14:04.472] Star init authContent json data.
[INFO 2015-05-21T12:14:04.705] Init authContent json data complete.
[INFO 2015-05-21T12:14:04.705] Star init userContent json data.
[INFO 2015-05-21T12:14:04.705] Init userContent json data complete.
[INFO 2015-05-21T12:14:04.705] Star init navigationContent json data.
[INFO 2015-05-21T12:14:04.705] Init navigationContent json data complete.
[INFO 2015-05-21T12:14:04.705] Star init groupContent json data.
[INFO 2015-05-21T12:14:04.705] Init groupContent json data complete.
[INFO 2015-05-21T14:15:05.512] Star init authContent json data.
[INFO 2015-05-21T14:15:05.714] Init authContent json data complete.
[INFO 2015-05-21T14:15:05.714] Star init userContent json data.
[INFO 2015-05-21T14:15:05.714] Init userContent json data complete.
[INFO 2015-05-21T14:15:05.714] Star init navigationContent json data.
[INFO 2015-05-21T14:15:05.714] Init navigationContent json data complete.
[INFO 2015-05-21T14:15:05.714] Star init groupContent json data.
[INFO 2015-05-21T14:15:05.714] Init groupContent json data complete.
[INFO 2015-05-21T14:56:08.895] Star init authContent json data.
[INFO 2015-05-21T14:56:09.082] Init authContent json data complete.
[INFO 2015-05-21T14:56:09.082] Star init userContent json data.
[INFO 2015-05-21T14:56:09.098] Init userContent json data complete.
[INFO 2015-05-21T14:56:09.098] Star init navigationContent json data.
[INFO 2015-05-21T14:56:09.098] Init navigationContent json data complete.
[INFO 2015-05-21T14:56:09.098] Star init groupContent json data.
[INFO 2015-05-21T14:56:09.098] Init groupContent json data complete.
[INFO 2015-05-21T17:08:38.586] Star init authContent json data.
[INFO 2015-05-21T17:08:38.791] Init authContent json data complete.
[INFO 2015-05-21T17:08:38.791] Star init userContent json data.
[INFO 2015-05-21T17:08:38.791] Init userContent json data complete.
[INFO 2015-05-21T17:08:38.791] Star init navigationContent json data.
[INFO 2015-05-21T17:08:38.801] Init navigationContent json data complete.
[INFO 2015-05-21T17:08:38.801] Star init groupContent json data.
[INFO 2015-05-21T17:08:38.802] Init groupContent json data complete.
[INFO 2015-05-21T17:18:32.190] Star init authContent json data.
[INFO 2015-05-21T17:18:32.406] Init authContent json data complete.
[INFO 2015-05-21T17:18:32.406] Star init userContent json data.
[INFO 2015-05-21T17:18:32.406] Init userContent json data complete.
[INFO 2015-05-21T17:18:32.406] Star init navigationContent json data.
[INFO 2015-05-21T17:18:32.406] Init navigationContent json data complete.
[INFO 2015-05-21T17:18:32.406] Star init groupContent json data.
[INFO 2015-05-21T17:18:32.416] Init groupContent json data complete.
