[INFO 2015-07-09T09:12:14.808] Star init authContent json data.
[INFO 2015-07-09T09:12:15.012] Init authContent json data complete.
[INFO 2015-07-09T09:12:15.012] Star init userContent json data.
[INFO 2015-07-09T09:12:15.012] Init userContent json data complete.
[INFO 2015-07-09T09:12:15.012] Star init navigationContent json data.
[INFO 2015-07-09T09:12:15.012] Init navigationContent json data complete.
[INFO 2015-07-09T09:12:15.012] Star init groupContent json data.
[INFO 2015-07-09T09:12:15.012] Init groupContent json data complete.
[INFO 2015-07-09T10:58:01.641] Star init authContent json data.
[INFO 2015-07-09T10:58:01.834] Init authContent json data complete.
[INFO 2015-07-09T10:58:01.834] Star init userContent json data.
[INFO 2015-07-09T10:58:01.836] Init userContent json data complete.
[INFO 2015-07-09T10:58:01.836] Star init navigationContent json data.
[INFO 2015-07-09T10:58:01.849] Init navigationContent json data complete.
[INFO 2015-07-09T10:58:01.849] Star init groupContent json data.
[INFO 2015-07-09T10:58:01.850] Init groupContent json data complete.
[INFO 2015-07-09T15:16:18.766] Star init authContent json data.
[INFO 2015-07-09T15:16:18.968] Init authContent json data complete.
[INFO 2015-07-09T15:16:18.968] Star init userContent json data.
[INFO 2015-07-09T15:16:18.970] Init userContent json data complete.
[INFO 2015-07-09T15:16:18.970] Star init navigationContent json data.
[INFO 2015-07-09T15:16:18.982] Init navigationContent json data complete.
[INFO 2015-07-09T15:16:18.983] Star init groupContent json data.
[INFO 2015-07-09T15:16:18.984] Init groupContent json data complete.
[INFO 2015-07-09T15:56:26.671] Star init authContent json data.
[INFO 2015-07-09T15:56:26.952] Init authContent json data complete.
[INFO 2015-07-09T15:56:26.952] Star init userContent json data.
[INFO 2015-07-09T15:56:26.954] Init userContent json data complete.
[INFO 2015-07-09T15:56:26.954] Star init navigationContent json data.
[INFO 2015-07-09T15:56:26.959] Init navigationContent json data complete.
[INFO 2015-07-09T15:56:26.959] Star init groupContent json data.
[INFO 2015-07-09T15:56:26.961] Init groupContent json data complete.
