[INFO 2015-08-04T08:55:47.822] Star init authContent json data.
[INFO 2015-08-04T08:55:48.010] Init authContent json data complete.
[INFO 2015-08-04T08:55:48.010] Star init userContent json data.
[INFO 2015-08-04T08:55:48.010] Init userContent json data complete.
[INFO 2015-08-04T08:55:48.010] Star init navigationContent json data.
[INFO 2015-08-04T08:55:48.010] Init navigationContent json data complete.
[INFO 2015-08-04T08:55:48.010] Star init groupContent json data.
[INFO 2015-08-04T08:55:48.026] Init groupContent json data complete.
[INFO 2015-08-04T11:48:58.009] Star init authContent json data.
[INFO 2015-08-04T11:48:58.198] Init authContent json data complete.
[INFO 2015-08-04T11:48:58.199] Star init userContent json data.
[INFO 2015-08-04T11:48:58.200] Init userContent json data complete.
[INFO 2015-08-04T11:48:58.200] Star init navigationContent json data.
[INFO 2015-08-04T11:48:58.215] Init navigationContent json data complete.
[INFO 2015-08-04T11:48:58.215] Star init groupContent json data.
[INFO 2015-08-04T11:48:58.217] Init groupContent json data complete.
[INFO 2015-08-04T15:26:47.948] Star init authContent json data.
[INFO 2015-08-04T15:26:48.144] Init authContent json data complete.
[INFO 2015-08-04T15:26:48.144] Star init userContent json data.
[INFO 2015-08-04T15:26:48.146] Init userContent json data complete.
[INFO 2015-08-04T15:26:48.146] Star init navigationContent json data.
[INFO 2015-08-04T15:26:48.160] Init navigationContent json data complete.
[INFO 2015-08-04T15:26:48.161] Star init groupContent json data.
[INFO 2015-08-04T15:26:48.162] Init groupContent json data complete.
[INFO 2015-08-04T16:13:25.887] Star init authContent json data.
[INFO 2015-08-04T16:13:26.085] Init authContent json data complete.
[INFO 2015-08-04T16:13:26.085] Star init userContent json data.
[INFO 2015-08-04T16:13:26.087] Init userContent json data complete.
[INFO 2015-08-04T16:13:26.087] Star init navigationContent json data.
[INFO 2015-08-04T16:13:26.089] Init navigationContent json data complete.
[INFO 2015-08-04T16:13:26.089] Star init groupContent json data.
[INFO 2015-08-04T16:13:26.090] Init groupContent json data complete.
[INFO 2015-08-04T16:55:22.227] Star init authContent json data.
[INFO 2015-08-04T16:55:22.516] Init authContent json data complete.
[INFO 2015-08-04T16:55:22.516] Star init userContent json data.
[INFO 2015-08-04T16:55:22.517] Init userContent json data complete.
[INFO 2015-08-04T16:55:22.518] Star init navigationContent json data.
[INFO 2015-08-04T16:55:22.520] Init navigationContent json data complete.
[INFO 2015-08-04T16:55:22.520] Star init groupContent json data.
[INFO 2015-08-04T16:55:22.521] Init groupContent json data complete.
