[INFO 2015-02-03T09:07:22.923] Star init authContent json data.
[INFO 2015-02-03T09:07:23.110] Init authContent json data complete.
[INFO 2015-02-03T09:07:23.110] Star init userContent json data.
[INFO 2015-02-03T09:07:23.110] Init userContent json data complete.
[INFO 2015-02-03T09:07:23.110] Star init navigationContent json data.
[INFO 2015-02-03T09:07:23.110] Init navigationContent json data complete.
[INFO 2015-02-03T09:07:23.110] Star init groupContent json data.
[INFO 2015-02-03T09:07:23.126] Init groupContent json data complete.
[INFO 2015-02-03T16:55:43.357] Star init authContent json data.
[INFO 2015-02-03T16:55:43.559] Init authContent json data complete.
[INFO 2015-02-03T16:55:43.559] Star init userContent json data.
[INFO 2015-02-03T16:55:43.561] Init userContent json data complete.
[INFO 2015-02-03T16:55:43.562] Star init navigationContent json data.
[INFO 2015-02-03T16:55:43.563] Init navigationContent json data complete.
[INFO 2015-02-03T16:55:43.563] Star init groupContent json data.
[INFO 2015-02-03T16:55:43.565] Init groupContent json data complete.
[INFO 2015-02-03T20:10:01.480] Star init authContent json data.
[INFO 2015-02-03T20:10:01.689] Init authContent json data complete.
[INFO 2015-02-03T20:10:01.689] Star init userContent json data.
[INFO 2015-02-03T20:10:01.689] Init userContent json data complete.
[INFO 2015-02-03T20:10:01.689] Star init navigationContent json data.
[INFO 2015-02-03T20:10:01.689] Init navigationContent json data complete.
[INFO 2015-02-03T20:10:01.689] Star init groupContent json data.
[INFO 2015-02-03T20:10:01.689] Init groupContent json data complete.
[ERROR 2015-02-03T20:31:10.020] Table 'coursedb.user' doesn't exist
[INFO 2015-02-03T20:32:07.692] Star init authContent json data.
[INFO 2015-02-03T20:32:07.927] Init authContent json data complete.
[INFO 2015-02-03T20:32:07.927] Star init userContent json data.
[INFO 2015-02-03T20:32:07.929] Init userContent json data complete.
[INFO 2015-02-03T20:32:07.929] Star init navigationContent json data.
[INFO 2015-02-03T20:32:07.934] Init navigationContent json data complete.
[INFO 2015-02-03T20:32:07.934] Star init groupContent json data.
[INFO 2015-02-03T20:32:07.938] Init groupContent json data complete.
