[INFO 2015-07-21T09:05:29.040] Star init authContent json data.
[INFO 2015-07-21T09:05:29.249] Init authContent json data complete.
[INFO 2015-07-21T09:05:29.249] Star init userContent json data.
[INFO 2015-07-21T09:05:29.251] Init userContent json data complete.
[INFO 2015-07-21T09:05:29.251] Star init navigationContent json data.
[INFO 2015-07-21T09:05:29.259] Init navigationContent json data complete.
[INFO 2015-07-21T09:05:29.260] Star init groupContent json data.
[INFO 2015-07-21T09:05:29.261] Init groupContent json data complete.
[INFO 2015-07-21T10:14:56.929] Star init authContent json data.
[INFO 2015-07-21T10:14:57.117] Init authContent json data complete.
[INFO 2015-07-21T10:14:57.118] Star init userContent json data.
[INFO 2015-07-21T10:14:57.119] Init userContent json data complete.
[INFO 2015-07-21T10:14:57.119] Star init navigationContent json data.
[INFO 2015-07-21T10:14:57.121] Init navigationContent json data complete.
[INFO 2015-07-21T10:14:57.122] Star init groupContent json data.
[INFO 2015-07-21T10:14:57.123] Init groupContent json data complete.
[INFO 2015-07-21T14:19:04.546] Star init authContent json data.
[INFO 2015-07-21T14:19:04.795] Init authContent json data complete.
[INFO 2015-07-21T14:19:04.796] Star init userContent json data.
[INFO 2015-07-21T14:19:04.798] Init userContent json data complete.
[INFO 2015-07-21T14:19:04.799] Star init navigationContent json data.
[INFO 2015-07-21T14:19:04.812] Init navigationContent json data complete.
[INFO 2015-07-21T14:19:04.812] Star init groupContent json data.
[INFO 2015-07-21T14:19:04.814] Init groupContent json data complete.
[INFO 2015-07-21T15:08:04.592] Star init authContent json data.
[INFO 2015-07-21T15:08:04.804] Init authContent json data complete.
[INFO 2015-07-21T15:08:04.804] Star init userContent json data.
[INFO 2015-07-21T15:08:04.805] Init userContent json data complete.
[INFO 2015-07-21T15:08:04.806] Star init navigationContent json data.
[INFO 2015-07-21T15:08:04.813] Init navigationContent json data complete.
[INFO 2015-07-21T15:08:04.813] Star init groupContent json data.
[INFO 2015-07-21T15:08:04.815] Init groupContent json data complete.
[INFO 2015-07-21T15:13:38.952] Star init authContent json data.
[INFO 2015-07-21T15:13:39.273] Init authContent json data complete.
[INFO 2015-07-21T15:13:39.273] Star init userContent json data.
[INFO 2015-07-21T15:13:39.275] Init userContent json data complete.
[INFO 2015-07-21T15:13:39.275] Star init navigationContent json data.
[INFO 2015-07-21T15:13:39.278] Init navigationContent json data complete.
[INFO 2015-07-21T15:13:39.278] Star init groupContent json data.
[INFO 2015-07-21T15:13:39.279] Init groupContent json data complete.
[INFO 2015-07-21T17:07:13.568] Star init authContent json data.
[INFO 2015-07-21T17:07:13.779] Init authContent json data complete.
[INFO 2015-07-21T17:07:13.780] Star init userContent json data.
[INFO 2015-07-21T17:07:13.781] Init userContent json data complete.
[INFO 2015-07-21T17:07:13.782] Star init navigationContent json data.
[INFO 2015-07-21T17:07:13.796] Init navigationContent json data complete.
[INFO 2015-07-21T17:07:13.796] Star init groupContent json data.
[INFO 2015-07-21T17:07:13.798] Init groupContent json data complete.
[INFO 2015-07-21T17:10:48.878] Star init authContent json data.
[INFO 2015-07-21T17:10:49.125] Init authContent json data complete.
[INFO 2015-07-21T17:10:49.125] Star init userContent json data.
[INFO 2015-07-21T17:10:49.127] Init userContent json data complete.
[INFO 2015-07-21T17:10:49.127] Star init navigationContent json data.
[INFO 2015-07-21T17:10:49.139] Init navigationContent json data complete.
[INFO 2015-07-21T17:10:49.139] Star init groupContent json data.
[INFO 2015-07-21T17:10:49.141] Init groupContent json data complete.
