[INFO 2015-07-30T09:35:43.112] Star init authContent json data.
[INFO 2015-07-30T09:35:43.284] Init authContent json data complete.
[INFO 2015-07-30T09:35:43.284] Star init userContent json data.
[INFO 2015-07-30T09:35:43.284] Init userContent json data complete.
[INFO 2015-07-30T09:35:43.284] Star init navigationContent json data.
[INFO 2015-07-30T09:35:43.300] Init navigationContent json data complete.
[INFO 2015-07-30T09:35:43.300] Star init groupContent json data.
[INFO 2015-07-30T09:35:43.300] Init groupContent json data complete.
[INFO 2015-07-30T14:53:10.917] Star init authContent json data.
[INFO 2015-07-30T14:53:11.124] Init authContent json data complete.
[INFO 2015-07-30T14:53:11.124] Star init userContent json data.
[INFO 2015-07-30T14:53:11.126] Init userContent json data complete.
[INFO 2015-07-30T14:53:11.126] Star init navigationContent json data.
[INFO 2015-07-30T14:53:11.139] Init navigationContent json data complete.
[INFO 2015-07-30T14:53:11.139] Star init groupContent json data.
[INFO 2015-07-30T14:53:11.140] Init groupContent json data complete.
[INFO 2015-07-30T16:54:06.437] Star init authContent json data.
[INFO 2015-07-30T16:54:06.629] Init authContent json data complete.
[INFO 2015-07-30T16:54:06.629] Star init userContent json data.
[INFO 2015-07-30T16:54:06.631] Init userContent json data complete.
[INFO 2015-07-30T16:54:06.631] Star init navigationContent json data.
[INFO 2015-07-30T16:54:06.633] Init navigationContent json data complete.
[INFO 2015-07-30T16:54:06.633] Star init groupContent json data.
[INFO 2015-07-30T16:54:06.634] Init groupContent json data complete.
