[INFO 2015-08-12T09:15:39.844] Star init authContent json data.
[INFO 2015-08-12T09:15:40.029] Init authContent json data complete.
[INFO 2015-08-12T09:15:40.029] Star init userContent json data.
[INFO 2015-08-12T09:15:40.032] Init userContent json data complete.
[INFO 2015-08-12T09:15:40.032] Star init navigationContent json data.
[INFO 2015-08-12T09:15:40.043] Init navigationContent json data complete.
[INFO 2015-08-12T09:15:40.044] Star init groupContent json data.
[INFO 2015-08-12T09:15:40.045] Init groupContent json data complete.
[INFO 2015-08-12T16:25:31.349] Star init authContent json data.
[INFO 2015-08-12T16:25:31.543] Init authContent json data complete.
[INFO 2015-08-12T16:25:31.543] Star init userContent json data.
[INFO 2015-08-12T16:25:31.545] Init userContent json data complete.
[INFO 2015-08-12T16:25:31.545] Star init navigationContent json data.
[INFO 2015-08-12T16:25:31.555] Init navigationContent json data complete.
[INFO 2015-08-12T16:25:31.555] Star init groupContent json data.
[INFO 2015-08-12T16:25:31.556] Init groupContent json data complete.
[INFO 2015-08-12T16:31:30.276] Star init authContent json data.
[INFO 2015-08-12T16:31:30.469] Init authContent json data complete.
[INFO 2015-08-12T16:31:30.469] Star init userContent json data.
[INFO 2015-08-12T16:31:30.471] Init userContent json data complete.
[INFO 2015-08-12T16:31:30.471] Star init navigationContent json data.
[INFO 2015-08-12T16:31:30.473] Init navigationContent json data complete.
[INFO 2015-08-12T16:31:30.473] Star init groupContent json data.
[INFO 2015-08-12T16:31:30.474] Init groupContent json data complete.
[INFO 2015-08-12T17:32:12.374] Star init authContent json data.
[INFO 2015-08-12T17:32:12.561] Init authContent json data complete.
[INFO 2015-08-12T17:32:12.562] Star init userContent json data.
[INFO 2015-08-12T17:32:12.564] Init userContent json data complete.
[INFO 2015-08-12T17:32:12.564] Star init navigationContent json data.
[INFO 2015-08-12T17:32:12.566] Init navigationContent json data complete.
[INFO 2015-08-12T17:32:12.566] Star init groupContent json data.
[INFO 2015-08-12T17:32:12.567] Init groupContent json data complete.
[INFO 2015-08-12T19:37:34.217] Star init authContent json data.
[INFO 2015-08-12T19:37:34.402] Init authContent json data complete.
[INFO 2015-08-12T19:37:34.402] Star init userContent json data.
[INFO 2015-08-12T19:37:34.404] Init userContent json data complete.
[INFO 2015-08-12T19:37:34.404] Star init navigationContent json data.
[INFO 2015-08-12T19:37:34.411] Init navigationContent json data complete.
[INFO 2015-08-12T19:37:34.412] Star init groupContent json data.
[INFO 2015-08-12T19:37:34.413] Init groupContent json data complete.
[INFO 2015-08-12T21:04:31.565] Star init authContent json data.
[INFO 2015-08-12T21:04:31.760] Init authContent json data complete.
[INFO 2015-08-12T21:04:31.760] Star init userContent json data.
[INFO 2015-08-12T21:04:31.762] Init userContent json data complete.
[INFO 2015-08-12T21:04:31.762] Star init navigationContent json data.
[INFO 2015-08-12T21:04:31.826] Init navigationContent json data complete.
[INFO 2015-08-12T21:04:31.826] Star init groupContent json data.
[INFO 2015-08-12T21:04:31.829] Init groupContent json data complete.
