[INFO 2015-02-27T08:55:10.804] Star init authContent json data.
[INFO 2015-02-27T08:55:11.007] Init authContent json data complete.
[INFO 2015-02-27T08:55:11.007] Star init userContent json data.
[INFO 2015-02-27T08:55:11.022] Init userContent json data complete.
[INFO 2015-02-27T08:55:11.022] Star init navigationContent json data.
[INFO 2015-02-27T08:55:11.022] Init navigationContent json data complete.
[INFO 2015-02-27T08:55:11.022] Star init groupContent json data.
[INFO 2015-02-27T08:55:11.022] Init groupContent json data complete.
[INFO 2015-02-27T09:43:17.872] Star init authContent json data.
[INFO 2015-02-27T09:43:18.092] Init authContent json data complete.
[INFO 2015-02-27T09:43:18.092] Star init userContent json data.
[INFO 2015-02-27T09:43:18.095] Init userContent json data complete.
[INFO 2015-02-27T09:43:18.095] Star init navigationContent json data.
[INFO 2015-02-27T09:43:18.097] Init navigationContent json data complete.
[INFO 2015-02-27T09:43:18.097] Star init groupContent json data.
[INFO 2015-02-27T09:43:18.099] Init groupContent json data complete.
[INFO 2015-02-27T11:26:14.715] Star init authContent json data.
[INFO 2015-02-27T11:26:14.909] Init authContent json data complete.
[INFO 2015-02-27T11:26:14.910] Star init userContent json data.
[INFO 2015-02-27T11:26:14.911] Init userContent json data complete.
[INFO 2015-02-27T11:26:14.912] Star init navigationContent json data.
[INFO 2015-02-27T11:26:14.913] Init navigationContent json data complete.
[INFO 2015-02-27T11:26:14.913] Star init groupContent json data.
[INFO 2015-02-27T11:26:14.915] Init groupContent json data complete.
[INFO 2015-02-27T15:28:33.159] Star init authContent json data.
[INFO 2015-02-27T15:28:33.361] Init authContent json data complete.
[INFO 2015-02-27T15:28:33.362] Star init userContent json data.
[INFO 2015-02-27T15:28:33.363] Init userContent json data complete.
[INFO 2015-02-27T15:28:33.364] Star init navigationContent json data.
[INFO 2015-02-27T15:28:33.365] Init navigationContent json data complete.
[INFO 2015-02-27T15:28:33.365] Star init groupContent json data.
[INFO 2015-02-27T15:28:33.367] Init groupContent json data complete.
[INFO 2015-02-27T16:13:42.398] Star init authContent json data.
[INFO 2015-02-27T16:13:42.632] Init authContent json data complete.
[INFO 2015-02-27T16:13:42.633] Star init userContent json data.
[INFO 2015-02-27T16:13:42.635] Init userContent json data complete.
[INFO 2015-02-27T16:13:42.635] Star init navigationContent json data.
[INFO 2015-02-27T16:13:42.638] Init navigationContent json data complete.
[INFO 2015-02-27T16:13:42.638] Star init groupContent json data.
[INFO 2015-02-27T16:13:42.640] Init groupContent json data complete.
[INFO 2015-02-27T17:31:34.057] Star init authContent json data.
[INFO 2015-02-27T17:31:34.254] Init authContent json data complete.
[INFO 2015-02-27T17:31:34.254] Star init userContent json data.
[INFO 2015-02-27T17:31:34.256] Init userContent json data complete.
[INFO 2015-02-27T17:31:34.256] Star init navigationContent json data.
[INFO 2015-02-27T17:31:34.258] Init navigationContent json data complete.
[INFO 2015-02-27T17:31:34.258] Star init groupContent json data.
[INFO 2015-02-27T17:31:34.259] Init groupContent json data complete.
[INFO 2015-02-27T18:05:34.052] Star init authContent json data.
[INFO 2015-02-27T18:05:34.261] Init authContent json data complete.
[INFO 2015-02-27T18:05:34.261] Star init userContent json data.
[INFO 2015-02-27T18:05:34.264] Init userContent json data complete.
[INFO 2015-02-27T18:05:34.264] Star init navigationContent json data.
[INFO 2015-02-27T18:05:34.266] Init navigationContent json data complete.
[INFO 2015-02-27T18:05:34.266] Star init groupContent json data.
[INFO 2015-02-27T18:05:34.269] Init groupContent json data complete.
[INFO 2015-02-27T18:18:57.928] Star init authContent json data.
[INFO 2015-02-27T18:18:58.149] Init authContent json data complete.
[INFO 2015-02-27T18:18:58.150] Star init userContent json data.
[INFO 2015-02-27T18:18:58.152] Init userContent json data complete.
[INFO 2015-02-27T18:18:58.152] Star init navigationContent json data.
[INFO 2015-02-27T18:18:58.154] Init navigationContent json data complete.
[INFO 2015-02-27T18:18:58.154] Star init groupContent json data.
[INFO 2015-02-27T18:18:58.156] Init groupContent json data complete.
[INFO 2015-02-27T19:23:33.794] Star init authContent json data.
[INFO 2015-02-27T19:23:33.993] Init authContent json data complete.
[INFO 2015-02-27T19:23:33.994] Star init userContent json data.
[INFO 2015-02-27T19:23:33.995] Init userContent json data complete.
[INFO 2015-02-27T19:23:33.995] Star init navigationContent json data.
[INFO 2015-02-27T19:23:33.997] Init navigationContent json data complete.
[INFO 2015-02-27T19:23:33.997] Star init groupContent json data.
[INFO 2015-02-27T19:23:33.999] Init groupContent json data complete.
[INFO 2015-02-27T19:37:06.488] Star init authContent json data.
[INFO 2015-02-27T19:37:06.685] Init authContent json data complete.
[INFO 2015-02-27T19:37:06.685] Star init userContent json data.
[INFO 2015-02-27T19:37:06.687] Init userContent json data complete.
[INFO 2015-02-27T19:37:06.687] Star init navigationContent json data.
[INFO 2015-02-27T19:37:06.689] Init navigationContent json data complete.
[INFO 2015-02-27T19:37:06.689] Star init groupContent json data.
[INFO 2015-02-27T19:37:06.690] Init groupContent json data complete.
