[INFO 2015-08-11T09:13:47.023] Star init authContent json data.
[INFO 2015-08-11T09:13:47.242] Init authContent json data complete.
[INFO 2015-08-11T09:13:47.242] Star init userContent json data.
[INFO 2015-08-11T09:13:47.242] Init userContent json data complete.
[INFO 2015-08-11T09:13:47.242] Star init navigationContent json data.
[INFO 2015-08-11T09:13:47.242] Init navigationContent json data complete.
[INFO 2015-08-11T09:13:47.242] Star init groupContent json data.
[INFO 2015-08-11T09:13:47.242] Init groupContent json data complete.
[INFO 2015-08-11T12:06:57.730] Star init authContent json data.
[INFO 2015-08-11T12:06:57.931] Init authContent json data complete.
[INFO 2015-08-11T12:06:57.931] Star init userContent json data.
[INFO 2015-08-11T12:06:57.935] Init userContent json data complete.
[INFO 2015-08-11T12:06:57.935] Star init navigationContent json data.
[INFO 2015-08-11T12:06:57.947] Init navigationContent json data complete.
[INFO 2015-08-11T12:06:57.947] Star init groupContent json data.
[INFO 2015-08-11T12:06:57.949] Init groupContent json data complete.
[INFO 2015-08-11T12:23:54.813] Star init authContent json data.
[INFO 2015-08-11T12:23:55.003] Init authContent json data complete.
[INFO 2015-08-11T12:23:55.003] Star init userContent json data.
[INFO 2015-08-11T12:23:55.005] Init userContent json data complete.
[INFO 2015-08-11T12:23:55.005] Star init navigationContent json data.
[INFO 2015-08-11T12:23:55.007] Init navigationContent json data complete.
[INFO 2015-08-11T12:23:55.007] Star init groupContent json data.
[INFO 2015-08-11T12:23:55.008] Init groupContent json data complete.
[INFO 2015-08-11T15:53:24.002] Star init authContent json data.
[INFO 2015-08-11T15:53:24.191] Init authContent json data complete.
[INFO 2015-08-11T15:53:24.191] Star init userContent json data.
[INFO 2015-08-11T15:53:24.193] Init userContent json data complete.
[INFO 2015-08-11T15:53:24.193] Star init navigationContent json data.
[INFO 2015-08-11T15:53:24.195] Init navigationContent json data complete.
[INFO 2015-08-11T15:53:24.195] Star init groupContent json data.
[INFO 2015-08-11T15:53:24.197] Init groupContent json data complete.
[INFO 2015-08-11T19:35:48.876] Star init authContent json data.
[INFO 2015-08-11T19:35:49.073] Init authContent json data complete.
[INFO 2015-08-11T19:35:49.073] Star init userContent json data.
[INFO 2015-08-11T19:35:49.073] Init userContent json data complete.
[INFO 2015-08-11T19:35:49.073] Star init navigationContent json data.
[INFO 2015-08-11T19:35:49.088] Init navigationContent json data complete.
[INFO 2015-08-11T19:35:49.088] Star init groupContent json data.
[INFO 2015-08-11T19:35:49.088] Init groupContent json data complete.
