[INFO 2015-03-11T16:38:21.703] Star init authContent json data.
[INFO 2015-03-11T16:38:21.951] Init authContent json data complete.
[INFO 2015-03-11T16:38:21.951] Star init userContent json data.
[INFO 2015-03-11T16:38:21.951] Init userContent json data complete.
[INFO 2015-03-11T16:38:21.951] Star init navigationContent json data.
[INFO 2015-03-11T16:38:21.951] Init navigationContent json data complete.
[INFO 2015-03-11T16:38:21.951] Star init groupContent json data.
[INFO 2015-03-11T16:38:21.951] Init groupContent json data complete.
[INFO 2015-03-11T16:50:24.355] Star init authContent json data.
[INFO 2015-03-11T16:50:24.574] Init authContent json data complete.
[INFO 2015-03-11T16:50:24.575] Star init userContent json data.
[INFO 2015-03-11T16:50:24.577] Init userContent json data complete.
[INFO 2015-03-11T16:50:24.577] Star init navigationContent json data.
[INFO 2015-03-11T16:50:24.579] Init navigationContent json data complete.
[INFO 2015-03-11T16:50:24.579] Star init groupContent json data.
[INFO 2015-03-11T16:50:24.582] Init groupContent json data complete.
[INFO 2015-03-11T17:20:18.596] Star init authContent json data.
[INFO 2015-03-11T17:20:18.825] Init authContent json data complete.
[INFO 2015-03-11T17:20:18.825] Star init userContent json data.
[INFO 2015-03-11T17:20:18.827] Init userContent json data complete.
[INFO 2015-03-11T17:20:18.828] Star init navigationContent json data.
[INFO 2015-03-11T17:20:18.831] Init navigationContent json data complete.
[INFO 2015-03-11T17:20:18.831] Star init groupContent json data.
[INFO 2015-03-11T17:20:18.834] Init groupContent json data complete.
