[INFO 2015-09-09T08:52:38.685] Star init authContent json data.
[INFO 2015-09-09T08:52:38.888] Init authContent json data complete.
[INFO 2015-09-09T08:52:38.888] Star init userContent json data.
[INFO 2015-09-09T08:52:38.888] Init userContent json data complete.
[INFO 2015-09-09T08:52:38.888] Star init navigationContent json data.
[INFO 2015-09-09T08:52:38.904] Init navigationContent json data complete.
[INFO 2015-09-09T08:52:38.904] Star init groupContent json data.
[INFO 2015-09-09T08:52:38.904] Init groupContent json data complete.
[INFO 2015-09-09T09:05:12.866] Star init authContent json data.
[INFO 2015-09-09T09:05:13.069] Init authContent json data complete.
[INFO 2015-09-09T09:05:13.069] Star init userContent json data.
[INFO 2015-09-09T09:05:13.085] Init userContent json data complete.
[INFO 2015-09-09T09:05:13.085] Star init navigationContent json data.
[INFO 2015-09-09T09:05:13.085] Init navigationContent json data complete.
[INFO 2015-09-09T09:05:13.085] Star init groupContent json data.
[INFO 2015-09-09T09:05:13.085] Init groupContent json data complete.
[INFO 2015-09-09T10:19:35.366] Star init authContent json data.
[INFO 2015-09-09T10:19:35.555] Init authContent json data complete.
[INFO 2015-09-09T10:19:35.555] Star init userContent json data.
[INFO 2015-09-09T10:19:35.555] Init userContent json data complete.
[INFO 2015-09-09T10:19:35.555] Star init navigationContent json data.
[INFO 2015-09-09T10:19:35.571] Init navigationContent json data complete.
[INFO 2015-09-09T10:19:35.571] Star init groupContent json data.
[INFO 2015-09-09T10:19:35.571] Init groupContent json data complete.
[INFO 2015-09-09T11:08:05.691] Star init authContent json data.
[INFO 2015-09-09T11:08:05.882] Init authContent json data complete.
[INFO 2015-09-09T11:08:05.882] Star init userContent json data.
[INFO 2015-09-09T11:08:05.882] Init userContent json data complete.
[INFO 2015-09-09T11:08:05.882] Star init navigationContent json data.
[INFO 2015-09-09T11:08:05.882] Init navigationContent json data complete.
[INFO 2015-09-09T11:08:05.882] Star init groupContent json data.
[INFO 2015-09-09T11:08:05.897] Init groupContent json data complete.
