[INFO 2015-08-25T08:57:59.938] Star init authContent json data.
[INFO 2015-08-25T08:58:00.139] Init authContent json data complete.
[INFO 2015-08-25T08:58:00.139] Star init userContent json data.
[INFO 2015-08-25T08:58:00.141] Init userContent json data complete.
[INFO 2015-08-25T08:58:00.141] Star init navigationContent json data.
[INFO 2015-08-25T08:58:00.152] Init navigationContent json data complete.
[INFO 2015-08-25T08:58:00.152] Star init groupContent json data.
[INFO 2015-08-25T08:58:00.154] Init groupContent json data complete.
[INFO 2015-08-25T10:24:57.525] Star init authContent json data.
[INFO 2015-08-25T10:24:57.733] Init authContent json data complete.
[INFO 2015-08-25T10:24:57.733] Star init userContent json data.
[INFO 2015-08-25T10:24:57.735] Init userContent json data complete.
[INFO 2015-08-25T10:24:57.735] Star init navigationContent json data.
[INFO 2015-08-25T10:24:57.747] Init navigationContent json data complete.
[INFO 2015-08-25T10:24:57.747] Star init groupContent json data.
[INFO 2015-08-25T10:24:57.748] Init groupContent json data complete.
[INFO 2015-08-25T16:48:12.570] Star init authContent json data.
[INFO 2015-08-25T16:48:12.766] Init authContent json data complete.
[INFO 2015-08-25T16:48:12.766] Star init userContent json data.
[INFO 2015-08-25T16:48:12.768] Init userContent json data complete.
[INFO 2015-08-25T16:48:12.768] Star init navigationContent json data.
[INFO 2015-08-25T16:48:12.781] Init navigationContent json data complete.
[INFO 2015-08-25T16:48:12.781] Star init groupContent json data.
[INFO 2015-08-25T16:48:12.782] Init groupContent json data complete.
[INFO 2015-08-25T17:25:13.212] Star init authContent json data.
[INFO 2015-08-25T17:25:13.410] Init authContent json data complete.
[INFO 2015-08-25T17:25:13.410] Star init userContent json data.
[INFO 2015-08-25T17:25:13.412] Init userContent json data complete.
[INFO 2015-08-25T17:25:13.412] Star init navigationContent json data.
[INFO 2015-08-25T17:25:13.415] Init navigationContent json data complete.
[INFO 2015-08-25T17:25:13.415] Star init groupContent json data.
[INFO 2015-08-25T17:25:13.416] Init groupContent json data complete.
