[INFO 2015-03-25T10:16:48.400] Star init authContent json data.
[INFO 2015-03-25T10:16:48.614] Init authContent json data complete.
[INFO 2015-03-25T10:16:48.614] Star init userContent json data.
[INFO 2015-03-25T10:16:48.614] Init userContent json data complete.
[INFO 2015-03-25T10:16:48.614] Star init navigationContent json data.
[INFO 2015-03-25T10:16:48.632] Init navigationContent json data complete.
[INFO 2015-03-25T10:16:48.632] Star init groupContent json data.
[INFO 2015-03-25T10:16:48.633] Init groupContent json data complete.
[INFO 2015-03-25T14:40:32.162] Star init authContent json data.
[INFO 2015-03-25T14:40:32.365] Init authContent json data complete.
[INFO 2015-03-25T14:40:32.366] Star init userContent json data.
[INFO 2015-03-25T14:40:32.367] Init userContent json data complete.
[INFO 2015-03-25T14:40:32.368] Star init navigationContent json data.
[INFO 2015-03-25T14:40:32.369] Init navigationContent json data complete.
[INFO 2015-03-25T14:40:32.369] Star init groupContent json data.
[INFO 2015-03-25T14:40:32.371] Init groupContent json data complete.
[INFO 2015-03-25T16:08:33.299] Star init authContent json data.
[INFO 2015-03-25T16:08:33.501] Init authContent json data complete.
[INFO 2015-03-25T16:08:33.501] Star init userContent json data.
[INFO 2015-03-25T16:08:33.503] Init userContent json data complete.
[INFO 2015-03-25T16:08:33.503] Star init navigationContent json data.
[INFO 2015-03-25T16:08:33.505] Init navigationContent json data complete.
[INFO 2015-03-25T16:08:33.505] Star init groupContent json data.
[INFO 2015-03-25T16:08:33.507] Init groupContent json data complete.
[INFO 2015-03-25T16:09:56.735] Star init authContent json data.
[INFO 2015-03-25T16:09:56.949] Init authContent json data complete.
[INFO 2015-03-25T16:09:56.949] Star init userContent json data.
[INFO 2015-03-25T16:09:56.952] Init userContent json data complete.
[INFO 2015-03-25T16:09:56.952] Star init navigationContent json data.
[INFO 2015-03-25T16:09:56.954] Init navigationContent json data complete.
[INFO 2015-03-25T16:09:56.954] Star init groupContent json data.
[INFO 2015-03-25T16:09:56.971] Init groupContent json data complete.
[INFO 2015-03-25T16:28:28.197] Star init authContent json data.
[INFO 2015-03-25T16:28:28.400] Init authContent json data complete.
[INFO 2015-03-25T16:28:28.400] Star init userContent json data.
[INFO 2015-03-25T16:28:28.400] Init userContent json data complete.
[INFO 2015-03-25T16:28:28.400] Star init navigationContent json data.
[INFO 2015-03-25T16:28:28.400] Init navigationContent json data complete.
[INFO 2015-03-25T16:28:28.400] Star init groupContent json data.
[INFO 2015-03-25T16:28:28.400] Init groupContent json data complete.
