[INFO 2015-03-10T10:59:50.703] Star init authContent json data.
[INFO 2015-03-10T10:59:50.901] Init authContent json data complete.
[INFO 2015-03-10T10:59:50.901] Star init userContent json data.
[INFO 2015-03-10T10:59:50.903] Init userContent json data complete.
[INFO 2015-03-10T10:59:50.903] Star init navigationContent json data.
[INFO 2015-03-10T10:59:50.905] Init navigationContent json data complete.
[INFO 2015-03-10T10:59:50.905] Star init groupContent json data.
[INFO 2015-03-10T10:59:50.907] Init groupContent json data complete.
[INFO 2015-03-10T11:02:28.228] Star init authContent json data.
[INFO 2015-03-10T11:02:28.427] Init authContent json data complete.
[INFO 2015-03-10T11:02:28.427] Star init userContent json data.
[INFO 2015-03-10T11:02:28.429] Init userContent json data complete.
[INFO 2015-03-10T11:02:28.429] Star init navigationContent json data.
[INFO 2015-03-10T11:02:28.431] Init navigationContent json data complete.
[INFO 2015-03-10T11:02:28.431] Star init groupContent json data.
[INFO 2015-03-10T11:02:28.432] Init groupContent json data complete.
[INFO 2015-03-10T11:02:59.710] Star init authContent json data.
[INFO 2015-03-10T11:02:59.942] Init authContent json data complete.
[INFO 2015-03-10T11:02:59.943] Star init userContent json data.
[INFO 2015-03-10T11:02:59.945] Init userContent json data complete.
[INFO 2015-03-10T11:02:59.945] Star init navigationContent json data.
[INFO 2015-03-10T11:02:59.947] Init navigationContent json data complete.
[INFO 2015-03-10T11:02:59.947] Star init groupContent json data.
[INFO 2015-03-10T11:02:59.949] Init groupContent json data complete.
[INFO 2015-03-10T16:04:38.765] Star init authContent json data.
[INFO 2015-03-10T16:04:39.007] Init authContent json data complete.
[INFO 2015-03-10T16:04:39.008] Star init userContent json data.
[INFO 2015-03-10T16:04:39.010] Init userContent json data complete.
[INFO 2015-03-10T16:04:39.010] Star init navigationContent json data.
[INFO 2015-03-10T16:04:39.012] Init navigationContent json data complete.
[INFO 2015-03-10T16:04:39.013] Star init groupContent json data.
[INFO 2015-03-10T16:04:39.015] Init groupContent json data complete.
[INFO 2015-03-10T16:07:00.854] Star init authContent json data.
[INFO 2015-03-10T16:07:01.083] Init authContent json data complete.
[INFO 2015-03-10T16:07:01.084] Star init userContent json data.
[INFO 2015-03-10T16:07:01.086] Init userContent json data complete.
[INFO 2015-03-10T16:07:01.086] Star init navigationContent json data.
[INFO 2015-03-10T16:07:01.088] Init navigationContent json data complete.
[INFO 2015-03-10T16:07:01.088] Star init groupContent json data.
[INFO 2015-03-10T16:07:01.090] Init groupContent json data complete.
[INFO 2015-03-10T22:00:27.333] Star init authContent json data.
[INFO 2015-03-10T22:00:27.537] Init authContent json data complete.
[INFO 2015-03-10T22:00:27.537] Star init userContent json data.
[INFO 2015-03-10T22:00:27.539] Init userContent json data complete.
[INFO 2015-03-10T22:00:27.539] Star init navigationContent json data.
[INFO 2015-03-10T22:00:27.541] Init navigationContent json data complete.
[INFO 2015-03-10T22:00:27.541] Star init groupContent json data.
[INFO 2015-03-10T22:00:27.543] Init groupContent json data complete.
