[INFO 2015-04-07T09:39:22.925] Star init authContent json data.
[INFO 2015-04-07T09:39:23.126] Init authContent json data complete.
[INFO 2015-04-07T09:39:23.126] Star init userContent json data.
[INFO 2015-04-07T09:39:23.126] Init userContent json data complete.
[INFO 2015-04-07T09:39:23.126] Star init navigationContent json data.
[INFO 2015-04-07T09:39:23.126] Init navigationContent json data complete.
[INFO 2015-04-07T09:39:23.126] Star init groupContent json data.
[INFO 2015-04-07T09:39:23.126] Init groupContent json data complete.
[INFO 2015-04-07T09:50:45.604] Star init authContent json data.
[INFO 2015-04-07T09:50:45.813] Init authContent json data complete.
[INFO 2015-04-07T09:50:45.814] Star init userContent json data.
[INFO 2015-04-07T09:50:45.815] Init userContent json data complete.
[INFO 2015-04-07T09:50:45.816] Star init navigationContent json data.
[INFO 2015-04-07T09:50:45.818] Init navigationContent json data complete.
[INFO 2015-04-07T09:50:45.818] Star init groupContent json data.
[INFO 2015-04-07T09:50:45.820] Init groupContent json data complete.
[INFO 2015-04-07T11:06:34.936] Star init authContent json data.
[INFO 2015-04-07T11:06:35.144] Init authContent json data complete.
[INFO 2015-04-07T11:06:35.144] Star init userContent json data.
[INFO 2015-04-07T11:06:35.146] Init userContent json data complete.
[INFO 2015-04-07T11:06:35.147] Star init navigationContent json data.
[INFO 2015-04-07T11:06:35.148] Init navigationContent json data complete.
[INFO 2015-04-07T11:06:35.148] Star init groupContent json data.
[INFO 2015-04-07T11:06:35.150] Init groupContent json data complete.
[INFO 2015-04-07T16:00:12.576] Star init authContent json data.
[INFO 2015-04-07T16:00:12.784] Init authContent json data complete.
[INFO 2015-04-07T16:00:12.784] Star init userContent json data.
[INFO 2015-04-07T16:00:12.786] Init userContent json data complete.
[INFO 2015-04-07T16:00:12.787] Star init navigationContent json data.
[INFO 2015-04-07T16:00:12.789] Init navigationContent json data complete.
[INFO 2015-04-07T16:00:12.789] Star init groupContent json data.
[INFO 2015-04-07T16:00:12.791] Init groupContent json data complete.
[INFO 2015-04-07T16:26:16.692] Star init authContent json data.
[INFO 2015-04-07T16:26:16.905] Init authContent json data complete.
[INFO 2015-04-07T16:26:16.905] Star init userContent json data.
[INFO 2015-04-07T16:26:16.907] Init userContent json data complete.
[INFO 2015-04-07T16:26:16.908] Star init navigationContent json data.
[INFO 2015-04-07T16:26:16.909] Init navigationContent json data complete.
[INFO 2015-04-07T16:26:16.909] Star init groupContent json data.
[INFO 2015-04-07T16:26:16.912] Init groupContent json data complete.
[INFO 2015-04-07T16:31:21.953] Star init authContent json data.
[INFO 2015-04-07T16:31:22.166] Init authContent json data complete.
[INFO 2015-04-07T16:31:22.166] Star init userContent json data.
[INFO 2015-04-07T16:31:22.168] Init userContent json data complete.
[INFO 2015-04-07T16:31:22.169] Star init navigationContent json data.
[INFO 2015-04-07T16:31:22.170] Init navigationContent json data complete.
[INFO 2015-04-07T16:31:22.171] Star init groupContent json data.
[INFO 2015-04-07T16:31:22.172] Init groupContent json data complete.
[INFO 2015-04-07T16:31:57.345] Star init authContent json data.
[INFO 2015-04-07T16:31:57.556] Init authContent json data complete.
[INFO 2015-04-07T16:31:57.556] Star init userContent json data.
[INFO 2015-04-07T16:31:57.558] Init userContent json data complete.
[INFO 2015-04-07T16:31:57.559] Star init navigationContent json data.
[INFO 2015-04-07T16:31:57.560] Init navigationContent json data complete.
[INFO 2015-04-07T16:31:57.560] Star init groupContent json data.
[INFO 2015-04-07T16:31:57.562] Init groupContent json data complete.
[INFO 2015-04-07T16:32:38.241] Star init authContent json data.
[INFO 2015-04-07T16:32:38.461] Init authContent json data complete.
[INFO 2015-04-07T16:32:38.461] Star init userContent json data.
[INFO 2015-04-07T16:32:38.463] Init userContent json data complete.
[INFO 2015-04-07T16:32:38.463] Star init navigationContent json data.
[INFO 2015-04-07T16:32:38.465] Init navigationContent json data complete.
[INFO 2015-04-07T16:32:38.465] Star init groupContent json data.
[INFO 2015-04-07T16:32:38.467] Init groupContent json data complete.
[INFO 2015-04-07T16:36:33.529] Star init authContent json data.
[INFO 2015-04-07T16:36:33.738] Init authContent json data complete.
[INFO 2015-04-07T16:36:33.738] Star init userContent json data.
[INFO 2015-04-07T16:36:33.739] Init userContent json data complete.
[INFO 2015-04-07T16:36:33.740] Star init navigationContent json data.
[INFO 2015-04-07T16:36:33.741] Init navigationContent json data complete.
[INFO 2015-04-07T16:36:33.741] Star init groupContent json data.
[INFO 2015-04-07T16:36:33.743] Init groupContent json data complete.
[INFO 2015-04-07T16:37:13.046] Star init authContent json data.
[INFO 2015-04-07T16:37:13.266] Init authContent json data complete.
[INFO 2015-04-07T16:37:13.266] Star init userContent json data.
[INFO 2015-04-07T16:37:13.268] Init userContent json data complete.
[INFO 2015-04-07T16:37:13.268] Star init navigationContent json data.
[INFO 2015-04-07T16:37:13.270] Init navigationContent json data complete.
[INFO 2015-04-07T16:37:13.270] Star init groupContent json data.
[INFO 2015-04-07T16:37:13.271] Init groupContent json data complete.
[INFO 2015-04-07T16:40:10.019] Star init authContent json data.
[INFO 2015-04-07T16:40:10.245] Init authContent json data complete.
[INFO 2015-04-07T16:40:10.245] Star init userContent json data.
[INFO 2015-04-07T16:40:10.247] Init userContent json data complete.
[INFO 2015-04-07T16:40:10.247] Star init navigationContent json data.
[INFO 2015-04-07T16:40:10.249] Init navigationContent json data complete.
[INFO 2015-04-07T16:40:10.249] Star init groupContent json data.
[INFO 2015-04-07T16:40:10.251] Init groupContent json data complete.
