[INFO 2015-09-11T09:38:27.008] Star init authContent json data.
[INFO 2015-09-11T09:38:27.193] Init authContent json data complete.
[INFO 2015-09-11T09:38:27.193] Star init userContent json data.
[INFO 2015-09-11T09:38:27.195] Init userContent json data complete.
[INFO 2015-09-11T09:38:27.195] Star init navigationContent json data.
[INFO 2015-09-11T09:38:27.208] Init navigationContent json data complete.
[INFO 2015-09-11T09:38:27.208] Star init groupContent json data.
[INFO 2015-09-11T09:38:27.209] Init groupContent json data complete.
[INFO 2015-09-11T16:55:51.701] Star init authContent json data.
[INFO 2015-09-11T16:55:51.905] Init authContent json data complete.
[INFO 2015-09-11T16:55:51.905] Star init userContent json data.
[INFO 2015-09-11T16:55:51.907] Init userContent json data complete.
[INFO 2015-09-11T16:55:51.907] Star init navigationContent json data.
[INFO 2015-09-11T16:55:51.913] Init navigationContent json data complete.
[INFO 2015-09-11T16:55:51.913] Star init groupContent json data.
[INFO 2015-09-11T16:55:51.914] Init groupContent json data complete.
[INFO 2015-09-11T17:36:58.130] Star init authContent json data.
[INFO 2015-09-11T17:36:58.406] Init authContent json data complete.
[INFO 2015-09-11T17:36:58.407] Star init userContent json data.
[INFO 2015-09-11T17:36:58.409] Init userContent json data complete.
[INFO 2015-09-11T17:36:58.410] Star init navigationContent json data.
[INFO 2015-09-11T17:36:58.413] Init navigationContent json data complete.
[INFO 2015-09-11T17:36:58.414] Star init groupContent json data.
[INFO 2015-09-11T17:36:58.415] Init groupContent json data complete.
[INFO 2015-09-11T17:36:57.561] Star init authContent json data.
[INFO 2015-09-11T17:36:57.838] Init authContent json data complete.
[INFO 2015-09-11T17:36:57.838] Star init userContent json data.
[INFO 2015-09-11T17:36:57.840] Init userContent json data complete.
[INFO 2015-09-11T17:36:57.840] Star init navigationContent json data.
[INFO 2015-09-11T17:36:57.851] Init navigationContent json data complete.
[INFO 2015-09-11T17:36:57.851] Star init groupContent json data.
[INFO 2015-09-11T17:36:57.853] Init groupContent json data complete.
[INFO 2015-09-11T17:37:31.646] Star init authContent json data.
[INFO 2015-09-11T17:37:31.958] Init authContent json data complete.
[INFO 2015-09-11T17:37:31.958] Star init userContent json data.
[INFO 2015-09-11T17:37:31.960] Init userContent json data complete.
[INFO 2015-09-11T17:37:31.960] Star init navigationContent json data.
[INFO 2015-09-11T17:37:31.962] Init navigationContent json data complete.
[INFO 2015-09-11T17:37:31.963] Star init groupContent json data.
[INFO 2015-09-11T17:37:31.964] Init groupContent json data complete.
