[INFO 2015-03-12T09:07:49.361] Star init authContent json data.
[INFO 2015-03-12T09:07:49.563] Init authContent json data complete.
[INFO 2015-03-12T09:07:49.563] Star init userContent json data.
[INFO 2015-03-12T09:07:49.563] Init userContent json data complete.
[INFO 2015-03-12T09:07:49.563] Star init navigationContent json data.
[INFO 2015-03-12T09:07:49.566] Init navigationContent json data complete.
[INFO 2015-03-12T09:07:49.566] Star init groupContent json data.
[INFO 2015-03-12T09:07:49.568] Init groupContent json data complete.
[INFO 2015-03-12T09:09:26.989] Star init authContent json data.
[INFO 2015-03-12T09:09:27.207] Init authContent json data complete.
[INFO 2015-03-12T09:09:27.207] Star init userContent json data.
[INFO 2015-03-12T09:09:27.207] Init userContent json data complete.
[INFO 2015-03-12T09:09:27.207] Star init navigationContent json data.
[INFO 2015-03-12T09:09:27.207] Init navigationContent json data complete.
[INFO 2015-03-12T09:09:27.207] Star init groupContent json data.
[INFO 2015-03-12T09:09:27.207] Init groupContent json data complete.
[INFO 2015-03-12T12:30:39.390] Star init authContent json data.
[INFO 2015-03-12T12:30:39.625] Init authContent json data complete.
[INFO 2015-03-12T12:30:39.625] Star init userContent json data.
[INFO 2015-03-12T12:30:39.627] Init userContent json data complete.
[INFO 2015-03-12T12:30:39.627] Star init navigationContent json data.
[INFO 2015-03-12T12:30:39.629] Init navigationContent json data complete.
[INFO 2015-03-12T12:30:39.629] Star init groupContent json data.
[INFO 2015-03-12T12:30:39.631] Init groupContent json data complete.
[INFO 2015-03-12T12:31:16.126] Star init authContent json data.
[INFO 2015-03-12T12:31:16.362] Init authContent json data complete.
[INFO 2015-03-12T12:31:16.363] Star init userContent json data.
[INFO 2015-03-12T12:31:16.365] Init userContent json data complete.
[INFO 2015-03-12T12:31:16.365] Star init navigationContent json data.
[INFO 2015-03-12T12:31:16.368] Init navigationContent json data complete.
[INFO 2015-03-12T12:31:16.368] Star init groupContent json data.
[INFO 2015-03-12T12:31:16.370] Init groupContent json data complete.
[INFO 2015-03-12T15:17:14.997] Star init authContent json data.
[INFO 2015-03-12T15:17:15.206] Init authContent json data complete.
[INFO 2015-03-12T15:17:15.206] Star init userContent json data.
[INFO 2015-03-12T15:17:15.208] Init userContent json data complete.
[INFO 2015-03-12T15:17:15.209] Star init navigationContent json data.
[INFO 2015-03-12T15:17:15.211] Init navigationContent json data complete.
[INFO 2015-03-12T15:17:15.211] Star init groupContent json data.
[INFO 2015-03-12T15:17:15.213] Init groupContent json data complete.
[INFO 2015-03-12T15:37:41.043] Star init authContent json data.
[INFO 2015-03-12T15:37:41.247] Init authContent json data complete.
[INFO 2015-03-12T15:37:41.248] Star init userContent json data.
[INFO 2015-03-12T15:37:41.250] Init userContent json data complete.
[INFO 2015-03-12T15:37:41.250] Star init navigationContent json data.
[INFO 2015-03-12T15:37:41.252] Init navigationContent json data complete.
[INFO 2015-03-12T15:37:41.253] Star init groupContent json data.
[INFO 2015-03-12T15:37:41.255] Init groupContent json data complete.
[INFO 2015-03-12T15:43:59.627] Star init authContent json data.
[INFO 2015-03-12T15:43:59.849] Init authContent json data complete.
[INFO 2015-03-12T15:43:59.849] Star init userContent json data.
[INFO 2015-03-12T15:43:59.852] Init userContent json data complete.
[INFO 2015-03-12T15:43:59.852] Star init navigationContent json data.
[INFO 2015-03-12T15:43:59.854] Init navigationContent json data complete.
[INFO 2015-03-12T15:43:59.854] Star init groupContent json data.
[INFO 2015-03-12T15:43:59.856] Init groupContent json data complete.
[INFO 2015-03-12T16:03:52.993] Star init authContent json data.
[INFO 2015-03-12T16:03:53.200] Init authContent json data complete.
[INFO 2015-03-12T16:03:53.200] Star init userContent json data.
[INFO 2015-03-12T16:03:53.202] Init userContent json data complete.
[INFO 2015-03-12T16:03:53.202] Star init navigationContent json data.
[INFO 2015-03-12T16:03:53.204] Init navigationContent json data complete.
[INFO 2015-03-12T16:03:53.204] Star init groupContent json data.
[INFO 2015-03-12T16:03:53.206] Init groupContent json data complete.
