[INFO 2015-07-07T09:20:46.264] Star init authContent json data.
[INFO 2015-07-07T09:20:46.467] Init authContent json data complete.
[INFO 2015-07-07T09:20:46.467] Star init userContent json data.
[INFO 2015-07-07T09:20:46.467] Init userContent json data complete.
[INFO 2015-07-07T09:20:46.467] Star init navigationContent json data.
[INFO 2015-07-07T09:20:46.483] Init navigationContent json data complete.
[INFO 2015-07-07T09:20:46.483] Star init groupContent json data.
[INFO 2015-07-07T09:20:46.483] Init groupContent json data complete.
[INFO 2015-07-07T12:34:20.769] Star init authContent json data.
[INFO 2015-07-07T12:34:20.963] Init authContent json data complete.
[INFO 2015-07-07T12:34:20.964] Star init userContent json data.
[INFO 2015-07-07T12:34:20.965] Init userContent json data complete.
[INFO 2015-07-07T12:34:20.965] Star init navigationContent json data.
[INFO 2015-07-07T12:34:20.972] Init navigationContent json data complete.
[INFO 2015-07-07T12:34:20.972] Star init groupContent json data.
[INFO 2015-07-07T12:34:20.973] Init groupContent json data complete.
[INFO 2015-07-07T15:49:58.138] Star init authContent json data.
[INFO 2015-07-07T15:49:58.442] Init authContent json data complete.
[INFO 2015-07-07T15:49:58.443] Star init userContent json data.
[INFO 2015-07-07T15:49:58.444] Init userContent json data complete.
[INFO 2015-07-07T15:49:58.444] Star init navigationContent json data.
[INFO 2015-07-07T15:49:58.446] Init navigationContent json data complete.
[INFO 2015-07-07T15:49:58.446] Star init groupContent json data.
[INFO 2015-07-07T15:49:58.448] Init groupContent json data complete.
[INFO 2015-07-07T15:53:56.361] Star init authContent json data.
[INFO 2015-07-07T15:53:56.571] Init authContent json data complete.
[INFO 2015-07-07T15:53:56.572] Star init userContent json data.
[INFO 2015-07-07T15:53:56.573] Init userContent json data complete.
[INFO 2015-07-07T15:53:56.573] Star init navigationContent json data.
[INFO 2015-07-07T15:53:56.576] Init navigationContent json data complete.
[INFO 2015-07-07T15:53:56.576] Star init groupContent json data.
[INFO 2015-07-07T15:53:56.577] Init groupContent json data complete.
[INFO 2015-07-07T16:01:07.300] Star init authContent json data.
[INFO 2015-07-07T16:01:07.487] Init authContent json data complete.
[INFO 2015-07-07T16:01:07.488] Star init userContent json data.
[INFO 2015-07-07T16:01:07.489] Init userContent json data complete.
[INFO 2015-07-07T16:01:07.489] Star init navigationContent json data.
[INFO 2015-07-07T16:01:07.491] Init navigationContent json data complete.
[INFO 2015-07-07T16:01:07.492] Star init groupContent json data.
[INFO 2015-07-07T16:01:07.493] Init groupContent json data complete.
[INFO 2015-07-07T16:32:07.514] Star init authContent json data.
[INFO 2015-07-07T16:32:07.725] Init authContent json data complete.
[INFO 2015-07-07T16:32:07.725] Star init userContent json data.
[INFO 2015-07-07T16:32:07.726] Init userContent json data complete.
[INFO 2015-07-07T16:32:07.727] Star init navigationContent json data.
[INFO 2015-07-07T16:32:07.729] Init navigationContent json data complete.
[INFO 2015-07-07T16:32:07.729] Star init groupContent json data.
[INFO 2015-07-07T16:32:07.731] Init groupContent json data complete.
[INFO 2015-07-07T16:48:59.547] Star init authContent json data.
[INFO 2015-07-07T16:48:59.740] Init authContent json data complete.
[INFO 2015-07-07T16:48:59.741] Star init userContent json data.
[INFO 2015-07-07T16:48:59.742] Init userContent json data complete.
[INFO 2015-07-07T16:48:59.743] Star init navigationContent json data.
[INFO 2015-07-07T16:48:59.745] Init navigationContent json data complete.
[INFO 2015-07-07T16:48:59.746] Star init groupContent json data.
[INFO 2015-07-07T16:48:59.747] Init groupContent json data complete.
[INFO 2015-07-07T16:53:31.531] Star init authContent json data.
[INFO 2015-07-07T16:53:31.734] Init authContent json data complete.
[INFO 2015-07-07T16:53:31.735] Star init userContent json data.
[INFO 2015-07-07T16:53:31.736] Init userContent json data complete.
[INFO 2015-07-07T16:53:31.736] Star init navigationContent json data.
[INFO 2015-07-07T16:53:31.739] Init navigationContent json data complete.
[INFO 2015-07-07T16:53:31.739] Star init groupContent json data.
[INFO 2015-07-07T16:53:31.740] Init groupContent json data complete.
[INFO 2015-07-07T17:42:17.411] Star init authContent json data.
[INFO 2015-07-07T17:42:17.611] Init authContent json data complete.
[INFO 2015-07-07T17:42:17.612] Star init userContent json data.
[INFO 2015-07-07T17:42:17.613] Init userContent json data complete.
[INFO 2015-07-07T17:42:17.613] Star init navigationContent json data.
[INFO 2015-07-07T17:42:17.615] Init navigationContent json data complete.
[INFO 2015-07-07T17:42:17.616] Star init groupContent json data.
[INFO 2015-07-07T17:42:17.617] Init groupContent json data complete.
[INFO 2015-07-07T19:55:44.865] Star init authContent json data.
[INFO 2015-07-07T19:55:45.058] Init authContent json data complete.
[INFO 2015-07-07T19:55:45.059] Star init userContent json data.
[INFO 2015-07-07T19:55:45.060] Init userContent json data complete.
[INFO 2015-07-07T19:55:45.060] Star init navigationContent json data.
[INFO 2015-07-07T19:55:45.062] Init navigationContent json data complete.
[INFO 2015-07-07T19:55:45.063] Star init groupContent json data.
[INFO 2015-07-07T19:55:45.064] Init groupContent json data complete.
