[INFO 2015-08-03T09:13:26.380] Star init authContent json data.
[INFO 2015-08-03T09:13:26.568] Init authContent json data complete.
[INFO 2015-08-03T09:13:26.568] Star init userContent json data.
[INFO 2015-08-03T09:13:26.568] Init userContent json data complete.
[INFO 2015-08-03T09:13:26.568] Star init navigationContent json data.
[INFO 2015-08-03T09:13:26.583] Init navigationContent json data complete.
[INFO 2015-08-03T09:13:26.583] Star init groupContent json data.
[INFO 2015-08-03T09:13:26.583] Init groupContent json data complete.
[INFO 2015-08-03T12:07:13.318] Star init authContent json data.
[INFO 2015-08-03T12:07:13.571] Init authContent json data complete.
[INFO 2015-08-03T12:07:13.572] Star init userContent json data.
[INFO 2015-08-03T12:07:13.573] Init userContent json data complete.
[INFO 2015-08-03T12:07:13.574] Star init navigationContent json data.
[INFO 2015-08-03T12:07:13.587] Init navigationContent json data complete.
[INFO 2015-08-03T12:07:13.588] Star init groupContent json data.
[INFO 2015-08-03T12:07:13.589] Init groupContent json data complete.
[INFO 2015-08-03T12:26:46.167] Star init authContent json data.
[INFO 2015-08-03T12:26:46.354] Init authContent json data complete.
[INFO 2015-08-03T12:26:46.354] Star init userContent json data.
[INFO 2015-08-03T12:26:46.356] Init userContent json data complete.
[INFO 2015-08-03T12:26:46.356] Star init navigationContent json data.
[INFO 2015-08-03T12:26:46.383] Init navigationContent json data complete.
[INFO 2015-08-03T12:26:46.383] Star init groupContent json data.
[INFO 2015-08-03T12:26:46.385] Init groupContent json data complete.
[INFO 2015-08-03T14:14:06.526] Star init authContent json data.
[INFO 2015-08-03T14:14:06.713] Init authContent json data complete.
[INFO 2015-08-03T14:14:06.713] Star init userContent json data.
[INFO 2015-08-03T14:14:06.716] Init userContent json data complete.
[INFO 2015-08-03T14:14:06.716] Star init navigationContent json data.
[INFO 2015-08-03T14:14:06.731] Init navigationContent json data complete.
[INFO 2015-08-03T14:14:06.731] Star init groupContent json data.
[INFO 2015-08-03T14:14:06.733] Init groupContent json data complete.
[INFO 2015-08-03T14:23:23.145] Star init authContent json data.
[INFO 2015-08-03T14:23:23.333] Init authContent json data complete.
[INFO 2015-08-03T14:23:23.333] Star init userContent json data.
[INFO 2015-08-03T14:23:23.336] Init userContent json data complete.
[INFO 2015-08-03T14:23:23.336] Star init navigationContent json data.
[INFO 2015-08-03T14:23:23.339] Init navigationContent json data complete.
[INFO 2015-08-03T14:23:23.339] Star init groupContent json data.
[INFO 2015-08-03T14:23:23.340] Init groupContent json data complete.
[INFO 2015-08-03T14:55:44.809] Star init authContent json data.
[INFO 2015-08-03T14:55:44.993] Init authContent json data complete.
[INFO 2015-08-03T14:55:44.994] Star init userContent json data.
[INFO 2015-08-03T14:55:44.995] Init userContent json data complete.
[INFO 2015-08-03T14:55:44.995] Star init navigationContent json data.
[INFO 2015-08-03T14:55:44.998] Init navigationContent json data complete.
[INFO 2015-08-03T14:55:44.998] Star init groupContent json data.
[INFO 2015-08-03T14:55:44.999] Init groupContent json data complete.
[INFO 2015-08-03T15:08:42.955] Star init authContent json data.
[INFO 2015-08-03T15:08:43.139] Init authContent json data complete.
[INFO 2015-08-03T15:08:43.139] Star init userContent json data.
[INFO 2015-08-03T15:08:43.141] Init userContent json data complete.
[INFO 2015-08-03T15:08:43.141] Star init navigationContent json data.
[INFO 2015-08-03T15:08:43.143] Init navigationContent json data complete.
[INFO 2015-08-03T15:08:43.144] Star init groupContent json data.
[INFO 2015-08-03T15:08:43.145] Init groupContent json data complete.
[INFO 2015-08-03T15:54:57.443] Star init authContent json data.
[INFO 2015-08-03T15:54:57.630] Init authContent json data complete.
[INFO 2015-08-03T15:54:57.630] Star init userContent json data.
[INFO 2015-08-03T15:54:57.632] Init userContent json data complete.
[INFO 2015-08-03T15:54:57.632] Star init navigationContent json data.
[INFO 2015-08-03T15:54:57.634] Init navigationContent json data complete.
[INFO 2015-08-03T15:54:57.634] Star init groupContent json data.
[INFO 2015-08-03T15:54:57.636] Init groupContent json data complete.
