[INFO 2015-03-17T11:03:44.944] Star init authContent json data.
[INFO 2015-03-17T11:03:45.164] Init authContent json data complete.
[INFO 2015-03-17T11:03:45.164] Star init userContent json data.
[INFO 2015-03-17T11:03:45.166] Init userContent json data complete.
[INFO 2015-03-17T11:03:45.166] Star init navigationContent json data.
[INFO 2015-03-17T11:03:45.168] Init navigationContent json data complete.
[INFO 2015-03-17T11:03:45.168] Star init groupContent json data.
[INFO 2015-03-17T11:03:45.170] Init groupContent json data complete.
[INFO 2015-03-17T11:17:56.505] Star init authContent json data.
[INFO 2015-03-17T11:17:56.713] Init authContent json data complete.
[INFO 2015-03-17T11:17:56.713] Star init userContent json data.
[INFO 2015-03-17T11:17:56.715] Init userContent json data complete.
[INFO 2015-03-17T11:17:56.715] Star init navigationContent json data.
[INFO 2015-03-17T11:17:56.717] Init navigationContent json data complete.
[INFO 2015-03-17T11:17:56.717] Star init groupContent json data.
[INFO 2015-03-17T11:17:56.719] Init groupContent json data complete.
[INFO 2015-03-17T17:28:53.431] Star init authContent json data.
[INFO 2015-03-17T17:28:53.649] Init authContent json data complete.
[INFO 2015-03-17T17:28:53.650] Star init userContent json data.
[INFO 2015-03-17T17:28:53.652] Init userContent json data complete.
[INFO 2015-03-17T17:28:53.652] Star init navigationContent json data.
[INFO 2015-03-17T17:28:53.654] Init navigationContent json data complete.
[INFO 2015-03-17T17:28:53.654] Star init groupContent json data.
[INFO 2015-03-17T17:28:53.656] Init groupContent json data complete.
