[INFO 2015-04-01T09:54:26.546] Star init authContent json data.
[INFO 2015-04-01T09:54:26.745] Init authContent json data complete.
[INFO 2015-04-01T09:54:26.745] Star init userContent json data.
[INFO 2015-04-01T09:54:26.747] Init userContent json data complete.
[INFO 2015-04-01T09:54:26.747] Star init navigationContent json data.
[INFO 2015-04-01T09:54:26.749] Init navigationContent json data complete.
[INFO 2015-04-01T09:54:26.749] Star init groupContent json data.
[INFO 2015-04-01T09:54:26.750] Init groupContent json data complete.
[INFO 2015-04-01T10:48:08.262] Star init authContent json data.
[INFO 2015-04-01T10:48:08.540] Init authContent json data complete.
[INFO 2015-04-01T10:48:08.541] Star init userContent json data.
[INFO 2015-04-01T10:48:08.543] Init userContent json data complete.
[INFO 2015-04-01T10:48:08.544] Star init navigationContent json data.
[INFO 2015-04-01T10:48:08.546] Init navigationContent json data complete.
[INFO 2015-04-01T10:48:08.547] Star init groupContent json data.
[INFO 2015-04-01T10:48:08.549] Init groupContent json data complete.
[INFO 2015-04-01T11:03:09.400] Star init authContent json data.
[INFO 2015-04-01T11:03:09.628] Init authContent json data complete.
[INFO 2015-04-01T11:03:09.628] Star init userContent json data.
[INFO 2015-04-01T11:03:09.630] Init userContent json data complete.
[INFO 2015-04-01T11:03:09.630] Star init navigationContent json data.
[INFO 2015-04-01T11:03:09.634] Init navigationContent json data complete.
[INFO 2015-04-01T11:03:09.634] Star init groupContent json data.
[INFO 2015-04-01T11:03:09.637] Init groupContent json data complete.
[INFO 2015-04-01T11:05:02.623] Star init authContent json data.
[INFO 2015-04-01T11:05:02.874] Init authContent json data complete.
[INFO 2015-04-01T11:05:02.874] Star init userContent json data.
[INFO 2015-04-01T11:05:02.876] Init userContent json data complete.
[INFO 2015-04-01T11:05:02.876] Star init navigationContent json data.
[INFO 2015-04-01T11:05:02.877] Init navigationContent json data complete.
[INFO 2015-04-01T11:05:02.878] Star init groupContent json data.
[INFO 2015-04-01T11:05:02.879] Init groupContent json data complete.
[INFO 2015-04-01T16:46:54.178] Star init authContent json data.
[INFO 2015-04-01T16:46:54.389] Init authContent json data complete.
[INFO 2015-04-01T16:46:54.389] Star init userContent json data.
[INFO 2015-04-01T16:46:54.391] Init userContent json data complete.
[INFO 2015-04-01T16:46:54.391] Star init navigationContent json data.
[INFO 2015-04-01T16:46:54.393] Init navigationContent json data complete.
[INFO 2015-04-01T16:46:54.393] Star init groupContent json data.
[INFO 2015-04-01T16:46:54.395] Init groupContent json data complete.
[INFO 2015-04-01T17:57:23.344] Star init authContent json data.
[INFO 2015-04-01T17:57:23.556] Init authContent json data complete.
[INFO 2015-04-01T17:57:23.556] Star init userContent json data.
[INFO 2015-04-01T17:57:23.558] Init userContent json data complete.
[INFO 2015-04-01T17:57:23.559] Star init navigationContent json data.
[INFO 2015-04-01T17:57:23.561] Init navigationContent json data complete.
[INFO 2015-04-01T17:57:23.561] Star init groupContent json data.
[INFO 2015-04-01T17:57:23.563] Init groupContent json data complete.
