[INFO 2015-07-10T09:32:16.971] Star init authContent json data.
[INFO 2015-07-10T09:32:17.160] Init authContent json data complete.
[INFO 2015-07-10T09:32:17.160] Star init userContent json data.
[INFO 2015-07-10T09:32:17.160] Init userContent json data complete.
[INFO 2015-07-10T09:32:17.160] Star init navigationContent json data.
[INFO 2015-07-10T09:32:17.175] Init navigationContent json data complete.
[INFO 2015-07-10T09:32:17.175] Star init groupContent json data.
[INFO 2015-07-10T09:32:17.175] Init groupContent json data complete.
[INFO 2015-07-10T14:28:47.001] Star init authContent json data.
[INFO 2015-07-10T14:28:47.212] Init authContent json data complete.
[INFO 2015-07-10T14:28:47.213] Star init userContent json data.
[INFO 2015-07-10T14:28:47.214] Init userContent json data complete.
[INFO 2015-07-10T14:28:47.215] Star init navigationContent json data.
[INFO 2015-07-10T14:28:47.220] Init navigationContent json data complete.
[INFO 2015-07-10T14:28:47.220] Star init groupContent json data.
[INFO 2015-07-10T14:28:47.221] Init groupContent json data complete.
[INFO 2015-07-10T15:03:50.531] Star init authContent json data.
[INFO 2015-07-10T15:03:50.719] Init authContent json data complete.
[INFO 2015-07-10T15:03:50.719] Star init userContent json data.
[INFO 2015-07-10T15:03:50.722] Init userContent json data complete.
[INFO 2015-07-10T15:03:50.722] Star init navigationContent json data.
[INFO 2015-07-10T15:03:50.725] Init navigationContent json data complete.
[INFO 2015-07-10T15:03:50.725] Star init groupContent json data.
[INFO 2015-07-10T15:03:50.726] Init groupContent json data complete.
[INFO 2015-07-10T15:48:05.877] Star init authContent json data.
[INFO 2015-07-10T15:48:06.066] Init authContent json data complete.
[INFO 2015-07-10T15:48:06.066] Star init userContent json data.
[INFO 2015-07-10T15:48:06.068] Init userContent json data complete.
[INFO 2015-07-10T15:48:06.068] Star init navigationContent json data.
[INFO 2015-07-10T15:48:06.070] Init navigationContent json data complete.
[INFO 2015-07-10T15:48:06.070] Star init groupContent json data.
[INFO 2015-07-10T15:48:06.072] Init groupContent json data complete.
