[INFO 2015-03-20T09:54:47.201] Star init authContent json data.
[INFO 2015-03-20T09:54:47.406] Init authContent json data complete.
[INFO 2015-03-20T09:54:47.407] Star init userContent json data.
[INFO 2015-03-20T09:54:47.408] Init userContent json data complete.
[INFO 2015-03-20T09:54:47.409] Star init navigationContent json data.
[INFO 2015-03-20T09:54:47.410] Init navigationContent json data complete.
[INFO 2015-03-20T09:54:47.410] Star init groupContent json data.
[INFO 2015-03-20T09:54:47.412] Init groupContent json data complete.
[INFO 2015-03-20T15:00:25.157] Star init authContent json data.
[INFO 2015-03-20T15:00:25.350] Init authContent json data complete.
[INFO 2015-03-20T15:00:25.350] Star init userContent json data.
[INFO 2015-03-20T15:00:25.353] Init userContent json data complete.
[INFO 2015-03-20T15:00:25.353] Star init navigationContent json data.
[INFO 2015-03-20T15:00:25.355] Init navigationContent json data complete.
[INFO 2015-03-20T15:00:25.356] Star init groupContent json data.
[INFO 2015-03-20T15:00:25.358] Init groupContent json data complete.
[INFO 2015-03-20T15:37:30.583] Star init authContent json data.
[INFO 2015-03-20T15:37:30.798] Init authContent json data complete.
[INFO 2015-03-20T15:37:30.799] Star init userContent json data.
[INFO 2015-03-20T15:37:30.801] Init userContent json data complete.
[INFO 2015-03-20T15:37:30.801] Star init navigationContent json data.
[INFO 2015-03-20T15:37:30.802] Init navigationContent json data complete.
[INFO 2015-03-20T15:37:30.803] Star init groupContent json data.
[INFO 2015-03-20T15:37:30.804] Init groupContent json data complete.
[INFO 2015-03-20T15:42:26.874] Star init authContent json data.
[INFO 2015-03-20T15:42:27.090] Init authContent json data complete.
[INFO 2015-03-20T15:42:27.090] Star init userContent json data.
[INFO 2015-03-20T15:42:27.092] Init userContent json data complete.
[INFO 2015-03-20T15:42:27.092] Star init navigationContent json data.
[INFO 2015-03-20T15:42:27.094] Init navigationContent json data complete.
[INFO 2015-03-20T15:42:27.094] Star init groupContent json data.
[INFO 2015-03-20T15:42:27.096] Init groupContent json data complete.
[INFO 2015-03-20T15:42:14.754] Star init authContent json data.
[INFO 2015-03-20T15:42:14.992] Init authContent json data complete.
[INFO 2015-03-20T15:42:14.992] Star init userContent json data.
[INFO 2015-03-20T15:42:14.994] Init userContent json data complete.
[INFO 2015-03-20T15:42:14.994] Star init navigationContent json data.
[INFO 2015-03-20T15:42:14.997] Init navigationContent json data complete.
[INFO 2015-03-20T15:42:14.997] Star init groupContent json data.
[INFO 2015-03-20T15:42:15.001] Init groupContent json data complete.
[INFO 2015-03-20T15:45:02.908] Star init authContent json data.
[INFO 2015-03-20T15:45:03.108] Init authContent json data complete.
[INFO 2015-03-20T15:45:03.109] Star init userContent json data.
[INFO 2015-03-20T15:45:03.111] Init userContent json data complete.
[INFO 2015-03-20T15:45:03.111] Star init navigationContent json data.
[INFO 2015-03-20T15:45:03.113] Init navigationContent json data complete.
[INFO 2015-03-20T15:45:03.114] Star init groupContent json data.
[INFO 2015-03-20T15:45:03.116] Init groupContent json data complete.
[INFO 2015-03-20T15:45:55.008] Star init authContent json data.
[INFO 2015-03-20T15:45:55.210] Init authContent json data complete.
[INFO 2015-03-20T15:45:55.211] Star init userContent json data.
[INFO 2015-03-20T15:45:55.212] Init userContent json data complete.
[INFO 2015-03-20T15:45:55.213] Star init navigationContent json data.
[INFO 2015-03-20T15:45:55.214] Init navigationContent json data complete.
[INFO 2015-03-20T15:45:55.214] Star init groupContent json data.
[INFO 2015-03-20T15:45:55.216] Init groupContent json data complete.
[INFO 2015-03-20T15:47:28.204] Star init authContent json data.
[INFO 2015-03-20T15:47:28.417] Init authContent json data complete.
[INFO 2015-03-20T15:47:28.418] Star init userContent json data.
[INFO 2015-03-20T15:47:28.420] Init userContent json data complete.
[INFO 2015-03-20T15:47:28.420] Star init navigationContent json data.
[INFO 2015-03-20T15:47:28.423] Init navigationContent json data complete.
[INFO 2015-03-20T15:47:28.423] Star init groupContent json data.
[INFO 2015-03-20T15:47:28.425] Init groupContent json data complete.
[INFO 2015-03-20T15:48:00.525] Star init authContent json data.
[INFO 2015-03-20T15:48:00.782] Init authContent json data complete.
[INFO 2015-03-20T15:48:00.782] Star init userContent json data.
[INFO 2015-03-20T15:48:00.785] Init userContent json data complete.
[INFO 2015-03-20T15:48:00.785] Star init navigationContent json data.
[INFO 2015-03-20T15:48:00.788] Init navigationContent json data complete.
[INFO 2015-03-20T15:48:00.788] Star init groupContent json data.
[INFO 2015-03-20T15:48:00.790] Init groupContent json data complete.
[INFO 2015-03-20T15:52:31.512] Star init authContent json data.
[INFO 2015-03-20T15:52:31.719] Init authContent json data complete.
[INFO 2015-03-20T15:52:31.719] Star init userContent json data.
[INFO 2015-03-20T15:52:31.722] Init userContent json data complete.
[INFO 2015-03-20T15:52:31.722] Star init navigationContent json data.
[INFO 2015-03-20T15:52:31.724] Init navigationContent json data complete.
[INFO 2015-03-20T15:52:31.724] Star init groupContent json data.
[INFO 2015-03-20T15:52:31.725] Init groupContent json data complete.
[INFO 2015-03-20T15:55:22.777] Star init authContent json data.
[INFO 2015-03-20T15:55:23.006] Init authContent json data complete.
[INFO 2015-03-20T15:55:23.006] Star init userContent json data.
[INFO 2015-03-20T15:55:23.008] Init userContent json data complete.
[INFO 2015-03-20T15:55:23.008] Star init navigationContent json data.
[INFO 2015-03-20T15:55:23.010] Init navigationContent json data complete.
[INFO 2015-03-20T15:55:23.011] Star init groupContent json data.
[INFO 2015-03-20T15:55:23.013] Init groupContent json data complete.
[INFO 2015-03-20T16:12:03.501] Star init authContent json data.
[INFO 2015-03-20T16:12:03.721] Init authContent json data complete.
[INFO 2015-03-20T16:12:03.721] Star init userContent json data.
[INFO 2015-03-20T16:12:03.724] Init userContent json data complete.
[INFO 2015-03-20T16:12:03.724] Star init navigationContent json data.
[INFO 2015-03-20T16:12:03.727] Init navigationContent json data complete.
[INFO 2015-03-20T16:12:03.727] Star init groupContent json data.
[INFO 2015-03-20T16:12:03.729] Init groupContent json data complete.
