[INFO 2015-06-24T09:15:55.090] Star init authContent json data.
[INFO 2015-06-24T09:15:55.291] Init authContent json data complete.
[INFO 2015-06-24T09:15:55.291] Star init userContent json data.
[INFO 2015-06-24T09:15:55.291] Init userContent json data complete.
[INFO 2015-06-24T09:15:55.291] Star init navigationContent json data.
[INFO 2015-06-24T09:15:55.310] Init navigationContent json data complete.
[INFO 2015-06-24T09:15:55.310] Star init groupContent json data.
[INFO 2015-06-24T09:15:55.310] Init groupContent json data complete.
[INFO 2015-06-24T10:37:44.899] Star init authContent json data.
[INFO 2015-06-24T10:37:45.098] Init authContent json data complete.
[INFO 2015-06-24T10:37:45.098] Star init userContent json data.
[INFO 2015-06-24T10:37:45.100] Init userContent json data complete.
[INFO 2015-06-24T10:37:45.100] Star init navigationContent json data.
[INFO 2015-06-24T10:37:45.103] Init navigationContent json data complete.
[INFO 2015-06-24T10:37:45.103] Star init groupContent json data.
[INFO 2015-06-24T10:37:45.105] Init groupContent json data complete.
[INFO 2015-06-24T10:51:09.227] Star init authContent json data.
[INFO 2015-06-24T10:51:09.455] Init authContent json data complete.
[INFO 2015-06-24T10:51:09.455] Star init userContent json data.
[INFO 2015-06-24T10:51:09.457] Init userContent json data complete.
[INFO 2015-06-24T10:51:09.457] Star init navigationContent json data.
[INFO 2015-06-24T10:51:09.459] Init navigationContent json data complete.
[INFO 2015-06-24T10:51:09.460] Star init groupContent json data.
[INFO 2015-06-24T10:51:09.461] Init groupContent json data complete.
[INFO 2015-06-24T11:44:31.150] Star init authContent json data.
[INFO 2015-06-24T11:44:31.458] Init authContent json data complete.
[INFO 2015-06-24T11:44:31.458] Star init userContent json data.
[INFO 2015-06-24T11:44:31.460] Init userContent json data complete.
[INFO 2015-06-24T11:44:31.460] Star init navigationContent json data.
[INFO 2015-06-24T11:44:31.463] Init navigationContent json data complete.
[INFO 2015-06-24T11:44:31.463] Star init groupContent json data.
[INFO 2015-06-24T11:44:31.465] Init groupContent json data complete.
[INFO 2015-06-24T15:03:31.216] Star init authContent json data.
[INFO 2015-06-24T15:03:31.458] Init authContent json data complete.
[INFO 2015-06-24T15:03:31.459] Star init userContent json data.
[INFO 2015-06-24T15:03:31.460] Init userContent json data complete.
[INFO 2015-06-24T15:03:31.461] Star init navigationContent json data.
[INFO 2015-06-24T15:03:31.477] Init navigationContent json data complete.
[INFO 2015-06-24T15:03:31.478] Star init groupContent json data.
[INFO 2015-06-24T15:03:31.480] Init groupContent json data complete.
[INFO 2015-06-24T16:42:26.250] Star init authContent json data.
[INFO 2015-06-24T16:42:26.489] Init authContent json data complete.
[INFO 2015-06-24T16:42:26.489] Star init userContent json data.
[INFO 2015-06-24T16:42:26.491] Init userContent json data complete.
[INFO 2015-06-24T16:42:26.491] Star init navigationContent json data.
[INFO 2015-06-24T16:42:26.499] Init navigationContent json data complete.
[INFO 2015-06-24T16:42:26.499] Star init groupContent json data.
[INFO 2015-06-24T16:42:26.502] Init groupContent json data complete.
