[INFO 2015-02-10T09:25:09.489] Star init authContent json data.
[INFO 2015-02-10T09:25:09.726] Init authContent json data complete.
[INFO 2015-02-10T09:25:09.726] Star init userContent json data.
[INFO 2015-02-10T09:25:09.728] Init userContent json data complete.
[INFO 2015-02-10T09:25:09.728] Star init navigationContent json data.
[INFO 2015-02-10T09:25:09.729] Init navigationContent json data complete.
[INFO 2015-02-10T09:25:09.730] Star init groupContent json data.
[INFO 2015-02-10T09:25:09.731] Init groupContent json data complete.
[INFO 2015-02-10T09:57:53.264] Star init authContent json data.
[INFO 2015-02-10T09:57:53.486] Init authContent json data complete.
[INFO 2015-02-10T09:57:53.486] Star init userContent json data.
[INFO 2015-02-10T09:57:53.489] Init userContent json data complete.
[INFO 2015-02-10T09:57:53.489] Star init navigationContent json data.
[INFO 2015-02-10T09:57:53.491] Init navigationContent json data complete.
[INFO 2015-02-10T09:57:53.491] Star init groupContent json data.
[INFO 2015-02-10T09:57:53.493] Init groupContent json data complete.
[INFO 2015-02-10T11:01:49.955] Star init authContent json data.
[INFO 2015-02-10T11:01:50.151] Init authContent json data complete.
[INFO 2015-02-10T11:01:50.151] Star init userContent json data.
[INFO 2015-02-10T11:01:50.153] Init userContent json data complete.
[INFO 2015-02-10T11:01:50.153] Star init navigationContent json data.
[INFO 2015-02-10T11:01:50.155] Init navigationContent json data complete.
[INFO 2015-02-10T11:01:50.155] Star init groupContent json data.
[INFO 2015-02-10T11:01:50.158] Init groupContent json data complete.
[INFO 2015-02-10T15:06:27.675] Star init authContent json data.
[INFO 2015-02-10T15:06:27.922] Init authContent json data complete.
[INFO 2015-02-10T15:06:27.922] Star init userContent json data.
[INFO 2015-02-10T15:06:27.925] Init userContent json data complete.
[INFO 2015-02-10T15:06:27.925] Star init navigationContent json data.
[INFO 2015-02-10T15:06:27.927] Init navigationContent json data complete.
[INFO 2015-02-10T15:06:27.927] Star init groupContent json data.
[INFO 2015-02-10T15:06:27.929] Init groupContent json data complete.
[INFO 2015-02-10T17:11:23.341] Star init authContent json data.
[INFO 2015-02-10T17:11:23.552] Init authContent json data complete.
[INFO 2015-02-10T17:11:23.553] Star init userContent json data.
[INFO 2015-02-10T17:11:23.554] Init userContent json data complete.
[INFO 2015-02-10T17:11:23.555] Star init navigationContent json data.
[INFO 2015-02-10T17:11:23.556] Init navigationContent json data complete.
[INFO 2015-02-10T17:11:23.557] Star init groupContent json data.
[INFO 2015-02-10T17:11:23.558] Init groupContent json data complete.
[INFO 2015-02-10T17:57:06.704] Star init authContent json data.
[INFO 2015-02-10T17:57:06.915] Init authContent json data complete.
[INFO 2015-02-10T17:57:06.915] Star init userContent json data.
[INFO 2015-02-10T17:57:06.917] Init userContent json data complete.
[INFO 2015-02-10T17:57:06.918] Star init navigationContent json data.
[INFO 2015-02-10T17:57:06.920] Init navigationContent json data complete.
[INFO 2015-02-10T17:57:06.920] Star init groupContent json data.
[INFO 2015-02-10T17:57:06.922] Init groupContent json data complete.
