[INFO 2015-02-26T09:16:16.984] Star init authContent json data.
[INFO 2015-02-26T09:16:17.171] Init authContent json data complete.
[INFO 2015-02-26T09:16:17.171] Star init userContent json data.
[INFO 2015-02-26T09:16:17.171] Init userContent json data complete.
[INFO 2015-02-26T09:16:17.171] Star init navigationContent json data.
[INFO 2015-02-26T09:16:17.171] Init navigationContent json data complete.
[INFO 2015-02-26T09:16:17.171] Star init groupContent json data.
[INFO 2015-02-26T09:16:17.171] Init groupContent json data complete.
[INFO 2015-02-26T10:21:09.301] Star init authContent json data.
[INFO 2015-02-26T10:21:09.495] Init authContent json data complete.
[INFO 2015-02-26T10:21:09.495] Star init userContent json data.
[INFO 2015-02-26T10:21:09.498] Init userContent json data complete.
[INFO 2015-02-26T10:21:09.498] Star init navigationContent json data.
[INFO 2015-02-26T10:21:09.500] Init navigationContent json data complete.
[INFO 2015-02-26T10:21:09.500] Star init groupContent json data.
[INFO 2015-02-26T10:21:09.502] Init groupContent json data complete.
[INFO 2015-02-26T11:50:23.072] Star init authContent json data.
[INFO 2015-02-26T11:50:23.279] Init authContent json data complete.
[INFO 2015-02-26T11:50:23.279] Star init userContent json data.
[INFO 2015-02-26T11:50:23.279] Init userContent json data complete.
[INFO 2015-02-26T11:50:23.279] Star init navigationContent json data.
[INFO 2015-02-26T11:50:23.294] Init navigationContent json data complete.
[INFO 2015-02-26T11:50:23.294] Star init groupContent json data.
[INFO 2015-02-26T11:50:23.294] Init groupContent json data complete.
[INFO 2015-02-26T17:53:36.450] Star init authContent json data.
[INFO 2015-02-26T17:53:36.656] Init authContent json data complete.
[INFO 2015-02-26T17:53:36.656] Star init userContent json data.
[INFO 2015-02-26T17:53:36.658] Init userContent json data complete.
[INFO 2015-02-26T17:53:36.658] Star init navigationContent json data.
[INFO 2015-02-26T17:53:36.660] Init navigationContent json data complete.
[INFO 2015-02-26T17:53:36.660] Star init groupContent json data.
[INFO 2015-02-26T17:53:36.662] Init groupContent json data complete.
