[INFO 2015-05-04T09:13:15.528] Star init authContent json data.
[INFO 2015-05-04T09:13:15.715] Init authContent json data complete.
[INFO 2015-05-04T09:13:15.715] Star init userContent json data.
[INFO 2015-05-04T09:13:15.715] Init userContent json data complete.
[INFO 2015-05-04T09:13:15.715] Star init navigationContent json data.
[INFO 2015-05-04T09:13:15.715] Init navigationContent json data complete.
[INFO 2015-05-04T09:13:15.715] Star init groupContent json data.
[INFO 2015-05-04T09:13:15.715] Init groupContent json data complete.
[INFO 2015-05-04T11:33:53.852] Star init authContent json data.
[INFO 2015-05-04T11:33:54.057] Init authContent json data complete.
[INFO 2015-05-04T11:33:54.057] Star init userContent json data.
[INFO 2015-05-04T11:33:54.059] Init userContent json data complete.
[INFO 2015-05-04T11:33:54.059] Star init navigationContent json data.
[INFO 2015-05-04T11:33:54.061] Init navigationContent json data complete.
[INFO 2015-05-04T11:33:54.061] Star init groupContent json data.
[INFO 2015-05-04T11:33:54.063] Init groupContent json data complete.
[INFO 2015-05-04T21:04:00.173] Star init authContent json data.
[INFO 2015-05-04T21:04:00.476] Init authContent json data complete.
[INFO 2015-05-04T21:04:00.476] Star init userContent json data.
[INFO 2015-05-04T21:04:00.481] Init userContent json data complete.
[INFO 2015-05-04T21:04:00.481] Star init navigationContent json data.
[INFO 2015-05-04T21:04:00.484] Init navigationContent json data complete.
[INFO 2015-05-04T21:04:00.484] Star init groupContent json data.
[INFO 2015-05-04T21:04:00.487] Init groupContent json data complete.
[INFO 2015-05-04T21:04:00.173] Star init authContent json data.
[INFO 2015-05-04T21:04:00.467] Init authContent json data complete.
[INFO 2015-05-04T21:04:00.467] Star init userContent json data.
[INFO 2015-05-04T21:04:00.470] Init userContent json data complete.
[INFO 2015-05-04T21:04:00.470] Star init navigationContent json data.
[INFO 2015-05-04T21:04:00.480] Init navigationContent json data complete.
[INFO 2015-05-04T21:04:00.480] Star init groupContent json data.
[INFO 2015-05-04T21:04:00.483] Init groupContent json data complete.
[INFO 2015-05-04T21:10:11.328] Star init authContent json data.
[INFO 2015-05-04T21:10:11.543] Init authContent json data complete.
[INFO 2015-05-04T21:10:11.544] Star init userContent json data.
[INFO 2015-05-04T21:10:11.546] Init userContent json data complete.
[INFO 2015-05-04T21:10:11.546] Star init navigationContent json data.
[INFO 2015-05-04T21:10:11.548] Init navigationContent json data complete.
[INFO 2015-05-04T21:10:11.548] Star init groupContent json data.
[INFO 2015-05-04T21:10:11.551] Init groupContent json data complete.
