[INFO 2015-03-27T09:48:57.348] Star init authContent json data.
[INFO 2015-03-27T09:48:57.576] Init authContent json data complete.
[INFO 2015-03-27T09:48:57.576] Star init userContent json data.
[INFO 2015-03-27T09:48:57.578] Init userContent json data complete.
[INFO 2015-03-27T09:48:57.578] Star init navigationContent json data.
[INFO 2015-03-27T09:48:57.580] Init navigationContent json data complete.
[INFO 2015-03-27T09:48:57.580] Star init groupContent json data.
[INFO 2015-03-27T09:48:57.582] Init groupContent json data complete.
[INFO 2015-03-27T09:51:45.280] Star init authContent json data.
[INFO 2015-03-27T09:51:45.492] Init authContent json data complete.
[INFO 2015-03-27T09:51:45.493] Star init userContent json data.
[INFO 2015-03-27T09:51:45.495] Init userContent json data complete.
[INFO 2015-03-27T09:51:45.495] Star init navigationContent json data.
[INFO 2015-03-27T09:51:45.497] Init navigationContent json data complete.
[INFO 2015-03-27T09:51:45.498] Star init groupContent json data.
[INFO 2015-03-27T09:51:45.500] Init groupContent json data complete.
[INFO 2015-03-27T09:56:21.367] Star init authContent json data.
[INFO 2015-03-27T09:56:21.598] Init authContent json data complete.
[INFO 2015-03-27T09:56:21.598] Star init userContent json data.
[INFO 2015-03-27T09:56:21.600] Init userContent json data complete.
[INFO 2015-03-27T09:56:21.600] Star init navigationContent json data.
[INFO 2015-03-27T09:56:21.602] Init navigationContent json data complete.
[INFO 2015-03-27T09:56:21.603] Star init groupContent json data.
[INFO 2015-03-27T09:56:21.605] Init groupContent json data complete.
[INFO 2015-03-27T15:07:56.333] Star init authContent json data.
[INFO 2015-03-27T15:07:56.551] Init authContent json data complete.
[INFO 2015-03-27T15:07:56.551] Star init userContent json data.
[INFO 2015-03-27T15:07:56.555] Init userContent json data complete.
[INFO 2015-03-27T15:07:56.555] Star init navigationContent json data.
[INFO 2015-03-27T15:07:56.557] Init navigationContent json data complete.
[INFO 2015-03-27T15:07:56.558] Star init groupContent json data.
[INFO 2015-03-27T15:07:56.559] Init groupContent json data complete.
[INFO 2015-03-27T16:17:45.990] Star init authContent json data.
[INFO 2015-03-27T16:17:46.199] Init authContent json data complete.
[INFO 2015-03-27T16:17:46.199] Star init userContent json data.
[INFO 2015-03-27T16:17:46.201] Init userContent json data complete.
[INFO 2015-03-27T16:17:46.201] Star init navigationContent json data.
[INFO 2015-03-27T16:17:46.203] Init navigationContent json data complete.
[INFO 2015-03-27T16:17:46.203] Star init groupContent json data.
[INFO 2015-03-27T16:17:46.205] Init groupContent json data complete.
[INFO 2015-03-27T16:57:58.068] Star init authContent json data.
[INFO 2015-03-27T16:57:58.279] Init authContent json data complete.
[INFO 2015-03-27T16:57:58.279] Star init userContent json data.
[INFO 2015-03-27T16:57:58.281] Init userContent json data complete.
[INFO 2015-03-27T16:57:58.282] Star init navigationContent json data.
[INFO 2015-03-27T16:57:58.285] Init navigationContent json data complete.
[INFO 2015-03-27T16:57:58.285] Star init groupContent json data.
[INFO 2015-03-27T16:57:58.287] Init groupContent json data complete.
