[INFO 2015-07-03T09:05:36.004] Star init authContent json data.
[INFO 2015-07-03T09:05:36.200] Init authContent json data complete.
[INFO 2015-07-03T09:05:36.200] Star init userContent json data.
[INFO 2015-07-03T09:05:36.202] Init userContent json data complete.
[INFO 2015-07-03T09:05:36.202] Star init navigationContent json data.
[INFO 2015-07-03T09:05:36.215] Init navigationContent json data complete.
[INFO 2015-07-03T09:05:36.215] Star init groupContent json data.
[INFO 2015-07-03T09:05:36.216] Init groupContent json data complete.
[INFO 2015-07-03T10:56:51.490] Star init authContent json data.
[INFO 2015-07-03T10:56:51.761] Init authContent json data complete.
[INFO 2015-07-03T10:56:51.761] Star init userContent json data.
[INFO 2015-07-03T10:56:51.764] Init userContent json data complete.
[INFO 2015-07-03T10:56:51.765] Star init navigationContent json data.
[INFO 2015-07-03T10:56:51.777] Init navigationContent json data complete.
[INFO 2015-07-03T10:56:51.777] Star init groupContent json data.
[INFO 2015-07-03T10:56:51.779] Init groupContent json data complete.
[INFO 2015-07-03T15:02:13.958] Star init authContent json data.
[INFO 2015-07-03T15:02:14.167] Init authContent json data complete.
[INFO 2015-07-03T15:02:14.167] Star init userContent json data.
[INFO 2015-07-03T15:02:14.168] Init userContent json data complete.
[INFO 2015-07-03T15:02:14.169] Star init navigationContent json data.
[INFO 2015-07-03T15:02:14.171] Init navigationContent json data complete.
[INFO 2015-07-03T15:02:14.171] Star init groupContent json data.
[INFO 2015-07-03T15:02:14.173] Init groupContent json data complete.
[INFO 2015-07-03T15:06:04.962] Star init authContent json data.
[INFO 2015-07-03T15:06:05.162] Init authContent json data complete.
[INFO 2015-07-03T15:06:05.162] Star init userContent json data.
[INFO 2015-07-03T15:06:05.164] Init userContent json data complete.
[INFO 2015-07-03T15:06:05.164] Star init navigationContent json data.
[INFO 2015-07-03T15:06:05.166] Init navigationContent json data complete.
[INFO 2015-07-03T15:06:05.166] Star init groupContent json data.
[INFO 2015-07-03T15:06:05.168] Init groupContent json data complete.
[INFO 2015-07-03T15:09:54.481] Star init authContent json data.
[INFO 2015-07-03T15:09:54.698] Init authContent json data complete.
[INFO 2015-07-03T15:09:54.698] Star init userContent json data.
[INFO 2015-07-03T15:09:54.700] Init userContent json data complete.
[INFO 2015-07-03T15:09:54.700] Star init navigationContent json data.
[INFO 2015-07-03T15:09:54.703] Init navigationContent json data complete.
[INFO 2015-07-03T15:09:54.703] Star init groupContent json data.
[INFO 2015-07-03T15:09:54.745] Init groupContent json data complete.
[INFO 2015-07-03T16:45:49.939] Star init authContent json data.
[INFO 2015-07-03T16:45:50.145] Init authContent json data complete.
[INFO 2015-07-03T16:45:50.146] Star init userContent json data.
[INFO 2015-07-03T16:45:50.148] Init userContent json data complete.
[INFO 2015-07-03T16:45:50.148] Star init navigationContent json data.
[INFO 2015-07-03T16:45:50.166] Init navigationContent json data complete.
[INFO 2015-07-03T16:45:50.166] Star init groupContent json data.
[INFO 2015-07-03T16:45:50.168] Init groupContent json data complete.
[INFO 2015-07-03T17:58:08.272] Star init authContent json data.
[INFO 2015-07-03T17:58:08.572] Init authContent json data complete.
[INFO 2015-07-03T17:58:08.572] Star init userContent json data.
[INFO 2015-07-03T17:58:08.576] Init userContent json data complete.
[INFO 2015-07-03T17:58:08.578] Star init navigationContent json data.
[INFO 2015-07-03T17:58:08.588] Init navigationContent json data complete.
[INFO 2015-07-03T17:58:08.589] Star init groupContent json data.
[INFO 2015-07-03T17:58:08.591] Init groupContent json data complete.
