[INFO 2015-07-01T09:20:10.320] Star init authContent json data.
[INFO 2015-07-01T09:20:10.492] Init authContent json data complete.
[INFO 2015-07-01T09:20:10.508] Star init userContent json data.
[INFO 2015-07-01T09:20:10.508] Init userContent json data complete.
[INFO 2015-07-01T09:20:10.508] Star init navigationContent json data.
[INFO 2015-07-01T09:20:10.508] Init navigationContent json data complete.
[INFO 2015-07-01T09:20:10.508] Star init groupContent json data.
[INFO 2015-07-01T09:20:10.508] Init groupContent json data complete.
[INFO 2015-07-01T10:12:09.656] Star init authContent json data.
[INFO 2015-07-01T10:12:09.855] Init authContent json data complete.
[INFO 2015-07-01T10:12:09.855] Star init userContent json data.
[INFO 2015-07-01T10:12:09.857] Init userContent json data complete.
[INFO 2015-07-01T10:12:09.857] Star init navigationContent json data.
[INFO 2015-07-01T10:12:09.859] Init navigationContent json data complete.
[INFO 2015-07-01T10:12:09.859] Star init groupContent json data.
[INFO 2015-07-01T10:12:09.861] Init groupContent json data complete.
[INFO 2015-07-01T10:15:50.231] Star init authContent json data.
[INFO 2015-07-01T10:15:50.456] Init authContent json data complete.
[INFO 2015-07-01T10:15:50.456] Star init userContent json data.
[INFO 2015-07-01T10:15:50.460] Init userContent json data complete.
[INFO 2015-07-01T10:15:50.460] Star init navigationContent json data.
[INFO 2015-07-01T10:15:50.463] Init navigationContent json data complete.
[INFO 2015-07-01T10:15:50.463] Star init groupContent json data.
[INFO 2015-07-01T10:15:50.465] Init groupContent json data complete.
[INFO 2015-07-01T10:20:02.322] Star init authContent json data.
[INFO 2015-07-01T10:20:02.512] Init authContent json data complete.
[INFO 2015-07-01T10:20:02.512] Star init userContent json data.
[INFO 2015-07-01T10:20:02.514] Init userContent json data complete.
[INFO 2015-07-01T10:20:02.514] Star init navigationContent json data.
[INFO 2015-07-01T10:20:02.516] Init navigationContent json data complete.
[INFO 2015-07-01T10:20:02.517] Star init groupContent json data.
[INFO 2015-07-01T10:20:02.518] Init groupContent json data complete.
[INFO 2015-07-01T10:22:37.590] Star init authContent json data.
[INFO 2015-07-01T10:22:37.782] Init authContent json data complete.
[INFO 2015-07-01T10:22:37.782] Star init userContent json data.
[INFO 2015-07-01T10:22:37.784] Init userContent json data complete.
[INFO 2015-07-01T10:22:37.784] Star init navigationContent json data.
[INFO 2015-07-01T10:22:37.786] Init navigationContent json data complete.
[INFO 2015-07-01T10:22:37.787] Star init groupContent json data.
[INFO 2015-07-01T10:22:37.788] Init groupContent json data complete.
[INFO 2015-07-01T10:30:49.206] Star init authContent json data.
[INFO 2015-07-01T10:30:49.492] Init authContent json data complete.
[INFO 2015-07-01T10:30:49.493] Star init userContent json data.
[INFO 2015-07-01T10:30:49.494] Init userContent json data complete.
[INFO 2015-07-01T10:30:49.495] Star init navigationContent json data.
[INFO 2015-07-01T10:30:49.500] Init navigationContent json data complete.
[INFO 2015-07-01T10:30:49.501] Star init groupContent json data.
[INFO 2015-07-01T10:30:49.503] Init groupContent json data complete.
[INFO 2015-07-01T10:59:51.747] Star init authContent json data.
[INFO 2015-07-01T10:59:51.960] Init authContent json data complete.
[INFO 2015-07-01T10:59:51.960] Star init userContent json data.
[INFO 2015-07-01T10:59:51.962] Init userContent json data complete.
[INFO 2015-07-01T10:59:51.962] Star init navigationContent json data.
[INFO 2015-07-01T10:59:51.965] Init navigationContent json data complete.
[INFO 2015-07-01T10:59:51.965] Star init groupContent json data.
[INFO 2015-07-01T10:59:51.967] Init groupContent json data complete.
[INFO 2015-07-01T11:04:58.641] Star init authContent json data.
[INFO 2015-07-01T11:04:58.864] Init authContent json data complete.
[INFO 2015-07-01T11:04:58.864] Star init userContent json data.
[INFO 2015-07-01T11:04:58.866] Init userContent json data complete.
[INFO 2015-07-01T11:04:58.866] Star init navigationContent json data.
[INFO 2015-07-01T11:04:58.869] Init navigationContent json data complete.
[INFO 2015-07-01T11:04:58.869] Star init groupContent json data.
[INFO 2015-07-01T11:04:58.871] Init groupContent json data complete.
[INFO 2015-07-01T11:07:11.201] Star init authContent json data.
[INFO 2015-07-01T11:07:11.486] Init authContent json data complete.
[INFO 2015-07-01T11:07:11.486] Star init userContent json data.
[INFO 2015-07-01T11:07:11.488] Init userContent json data complete.
[INFO 2015-07-01T11:07:11.488] Star init navigationContent json data.
[INFO 2015-07-01T11:07:11.490] Init navigationContent json data complete.
[INFO 2015-07-01T11:07:11.490] Star init groupContent json data.
[INFO 2015-07-01T11:07:11.492] Init groupContent json data complete.
[INFO 2015-07-01T11:07:49.723] Star init authContent json data.
[INFO 2015-07-01T11:07:49.913] Init authContent json data complete.
[INFO 2015-07-01T11:07:49.913] Star init userContent json data.
[INFO 2015-07-01T11:07:49.915] Init userContent json data complete.
[INFO 2015-07-01T11:07:49.915] Star init navigationContent json data.
[INFO 2015-07-01T11:07:49.917] Init navigationContent json data complete.
[INFO 2015-07-01T11:07:49.917] Star init groupContent json data.
[INFO 2015-07-01T11:07:49.919] Init groupContent json data complete.
[INFO 2015-07-01T11:10:41.562] Star init authContent json data.
[INFO 2015-07-01T11:10:41.781] Init authContent json data complete.
[INFO 2015-07-01T11:10:41.781] Star init userContent json data.
[INFO 2015-07-01T11:10:41.783] Init userContent json data complete.
[INFO 2015-07-01T11:10:41.783] Star init navigationContent json data.
[INFO 2015-07-01T11:10:41.785] Init navigationContent json data complete.
[INFO 2015-07-01T11:10:41.786] Star init groupContent json data.
[INFO 2015-07-01T11:10:41.787] Init groupContent json data complete.
[INFO 2015-07-01T11:13:14.911] Star init authContent json data.
[INFO 2015-07-01T11:13:15.170] Init authContent json data complete.
[INFO 2015-07-01T11:13:15.170] Star init userContent json data.
[INFO 2015-07-01T11:13:15.172] Init userContent json data complete.
[INFO 2015-07-01T11:13:15.172] Star init navigationContent json data.
[INFO 2015-07-01T11:13:15.175] Init navigationContent json data complete.
[INFO 2015-07-01T11:13:15.175] Star init groupContent json data.
[INFO 2015-07-01T11:13:15.177] Init groupContent json data complete.
