[INFO 2015-03-13T17:03:12.758] Star init authContent json data.
[INFO 2015-03-13T17:03:12.961] Init authContent json data complete.
[INFO 2015-03-13T17:03:12.962] Star init userContent json data.
[INFO 2015-03-13T17:03:12.965] Init userContent json data complete.
[INFO 2015-03-13T17:03:12.965] Star init navigationContent json data.
[INFO 2015-03-13T17:03:12.967] Init navigationContent json data complete.
[INFO 2015-03-13T17:03:12.967] Star init groupContent json data.
[INFO 2015-03-13T17:03:12.969] Init groupContent json data complete.
[INFO 2015-03-13T17:05:05.089] Star init authContent json data.
[INFO 2015-03-13T17:05:05.290] Init authContent json data complete.
[INFO 2015-03-13T17:05:05.290] Star init userContent json data.
[INFO 2015-03-13T17:05:05.292] Init userContent json data complete.
[INFO 2015-03-13T17:05:05.293] Star init navigationContent json data.
[INFO 2015-03-13T17:05:05.295] Init navigationContent json data complete.
[INFO 2015-03-13T17:05:05.295] Star init groupContent json data.
[INFO 2015-03-13T17:05:05.297] Init groupContent json data complete.
[INFO 2015-03-13T17:27:16.094] Star init authContent json data.
[INFO 2015-03-13T17:27:16.357] Init authContent json data complete.
[INFO 2015-03-13T17:27:16.357] Star init userContent json data.
[INFO 2015-03-13T17:27:16.359] Init userContent json data complete.
[INFO 2015-03-13T17:27:16.359] Star init navigationContent json data.
[INFO 2015-03-13T17:27:16.361] Init navigationContent json data complete.
[INFO 2015-03-13T17:27:16.361] Star init groupContent json data.
[INFO 2015-03-13T17:27:16.364] Init groupContent json data complete.
[INFO 2015-03-13T17:28:17.025] Star init authContent json data.
[INFO 2015-03-13T17:28:17.237] Init authContent json data complete.
[INFO 2015-03-13T17:28:17.238] Star init userContent json data.
[INFO 2015-03-13T17:28:17.240] Init userContent json data complete.
[INFO 2015-03-13T17:28:17.240] Star init navigationContent json data.
[INFO 2015-03-13T17:28:17.242] Init navigationContent json data complete.
[INFO 2015-03-13T17:28:17.242] Star init groupContent json data.
[INFO 2015-03-13T17:28:17.244] Init groupContent json data complete.
