[INFO 2015-06-17T09:36:17.032] Star init authContent json data.
[INFO 2015-06-17T09:36:17.255] Init authContent json data complete.
[INFO 2015-06-17T09:36:17.255] Star init userContent json data.
[INFO 2015-06-17T09:36:17.258] Init userContent json data complete.
[INFO 2015-06-17T09:36:17.258] Star init navigationContent json data.
[INFO 2015-06-17T09:36:17.263] Init navigationContent json data complete.
[INFO 2015-06-17T09:36:17.263] Star init groupContent json data.
[INFO 2015-06-17T09:36:17.265] Init groupContent json data complete.
[INFO 2015-06-17T10:38:15.652] Star init authContent json data.
[INFO 2015-06-17T10:38:15.879] Init authContent json data complete.
[INFO 2015-06-17T10:38:15.879] Star init userContent json data.
[INFO 2015-06-17T10:38:15.881] Init userContent json data complete.
[INFO 2015-06-17T10:38:15.881] Star init navigationContent json data.
[INFO 2015-06-17T10:38:15.884] Init navigationContent json data complete.
[INFO 2015-06-17T10:38:15.884] Star init groupContent json data.
[INFO 2015-06-17T10:38:15.885] Init groupContent json data complete.
[INFO 2015-06-17T11:04:38.572] Star init authContent json data.
[INFO 2015-06-17T11:04:38.796] Init authContent json data complete.
[INFO 2015-06-17T11:04:38.796] Star init userContent json data.
[INFO 2015-06-17T11:04:38.798] Init userContent json data complete.
[INFO 2015-06-17T11:04:38.798] Star init navigationContent json data.
[INFO 2015-06-17T11:04:38.801] Init navigationContent json data complete.
[INFO 2015-06-17T11:04:38.801] Star init groupContent json data.
[INFO 2015-06-17T11:04:38.803] Init groupContent json data complete.
