[INFO 2015-08-18T09:46:13.224] Star init authContent json data.
[INFO 2015-08-18T09:46:13.444] Init authContent json data complete.
[INFO 2015-08-18T09:46:13.444] Star init userContent json data.
[INFO 2015-08-18T09:46:13.444] Init userContent json data complete.
[INFO 2015-08-18T09:46:13.444] Star init navigationContent json data.
[INFO 2015-08-18T09:46:13.444] Init navigationContent json data complete.
[INFO 2015-08-18T09:46:13.444] Star init groupContent json data.
[INFO 2015-08-18T09:46:13.444] Init groupContent json data complete.
[INFO 2015-08-18T12:19:49.963] Star init authContent json data.
[INFO 2015-08-18T12:19:50.149] Init authContent json data complete.
[INFO 2015-08-18T12:19:50.149] Star init userContent json data.
[INFO 2015-08-18T12:19:50.149] Init userContent json data complete.
[INFO 2015-08-18T12:19:50.149] Star init navigationContent json data.
[INFO 2015-08-18T12:19:50.149] Init navigationContent json data complete.
[INFO 2015-08-18T12:19:50.149] Star init groupContent json data.
[INFO 2015-08-18T12:19:50.149] Init groupContent json data complete.
[INFO 2015-08-18T19:40:58.452] Star init authContent json data.
[INFO 2015-08-18T19:40:58.663] Init authContent json data complete.
[INFO 2015-08-18T19:40:58.663] Star init userContent json data.
[INFO 2015-08-18T19:40:58.665] Init userContent json data complete.
[INFO 2015-08-18T19:40:58.665] Star init navigationContent json data.
[INFO 2015-08-18T19:40:58.672] Init navigationContent json data complete.
[INFO 2015-08-18T19:40:58.673] Star init groupContent json data.
[INFO 2015-08-18T19:40:58.674] Init groupContent json data complete.
