[INFO 2015-03-02T09:07:18.239] Star init authContent json data.
[INFO 2015-03-02T09:07:18.441] Init authContent json data complete.
[INFO 2015-03-02T09:07:18.441] Star init userContent json data.
[INFO 2015-03-02T09:07:18.441] Init userContent json data complete.
[INFO 2015-03-02T09:07:18.441] Star init navigationContent json data.
[INFO 2015-03-02T09:07:18.441] Init navigationContent json data complete.
[INFO 2015-03-02T09:07:18.441] Star init groupContent json data.
[INFO 2015-03-02T09:07:18.441] Init groupContent json data complete.
[INFO 2015-03-02T09:15:39.772] Star init authContent json data.
[INFO 2015-03-02T09:15:39.990] Init authContent json data complete.
[INFO 2015-03-02T09:15:39.990] Star init userContent json data.
[INFO 2015-03-02T09:15:39.990] Init userContent json data complete.
[INFO 2015-03-02T09:15:39.990] Star init navigationContent json data.
[INFO 2015-03-02T09:15:39.990] Init navigationContent json data complete.
[INFO 2015-03-02T09:15:39.990] Star init groupContent json data.
[INFO 2015-03-02T09:15:40.006] Init groupContent json data complete.
[INFO 2015-03-02T15:33:53.955] Star init authContent json data.
[INFO 2015-03-02T15:33:54.159] Init authContent json data complete.
[INFO 2015-03-02T15:33:54.159] Star init userContent json data.
[INFO 2015-03-02T15:33:54.159] Init userContent json data complete.
[INFO 2015-03-02T15:33:54.159] Star init navigationContent json data.
[INFO 2015-03-02T15:33:54.159] Init navigationContent json data complete.
[INFO 2015-03-02T15:33:54.159] Star init groupContent json data.
[INFO 2015-03-02T15:33:54.159] Init groupContent json data complete.
[INFO 2015-03-02T21:50:58.334] Star init authContent json data.
[INFO 2015-03-02T21:50:58.544] Init authContent json data complete.
[INFO 2015-03-02T21:50:58.544] Star init userContent json data.
[INFO 2015-03-02T21:50:58.546] Init userContent json data complete.
[INFO 2015-03-02T21:50:58.547] Star init navigationContent json data.
[INFO 2015-03-02T21:50:58.548] Init navigationContent json data complete.
[INFO 2015-03-02T21:50:58.548] Star init groupContent json data.
[INFO 2015-03-02T21:50:58.550] Init groupContent json data complete.
[INFO 2015-03-02T22:06:22.745] Star init authContent json data.
[INFO 2015-03-02T22:06:22.964] Init authContent json data complete.
[INFO 2015-03-02T22:06:22.964] Star init userContent json data.
[INFO 2015-03-02T22:06:22.966] Init userContent json data complete.
[INFO 2015-03-02T22:06:22.966] Star init navigationContent json data.
[INFO 2015-03-02T22:06:22.968] Init navigationContent json data complete.
[INFO 2015-03-02T22:06:22.968] Star init groupContent json data.
[INFO 2015-03-02T22:06:22.970] Init groupContent json data complete.
