[INFO 2015-06-10T09:25:33.866] Star init authContent json data.
[INFO 2015-06-10T09:25:34.053] Init authContent json data complete.
[INFO 2015-06-10T09:25:34.053] Star init userContent json data.
[INFO 2015-06-10T09:25:34.053] Init userContent json data complete.
[INFO 2015-06-10T09:25:34.053] Star init navigationContent json data.
[INFO 2015-06-10T09:25:34.068] Init navigationContent json data complete.
[INFO 2015-06-10T09:25:34.068] Star init groupContent json data.
[INFO 2015-06-10T09:25:34.068] Init groupContent json data complete.
[INFO 2015-06-10T11:13:28.696] Star init authContent json data.
[INFO 2015-06-10T11:13:28.882] Init authContent json data complete.
[INFO 2015-06-10T11:13:28.882] Star init userContent json data.
[INFO 2015-06-10T11:13:28.882] Init userContent json data complete.
[INFO 2015-06-10T11:13:28.882] Star init navigationContent json data.
[INFO 2015-06-10T11:13:28.906] Init navigationContent json data complete.
[INFO 2015-06-10T11:13:28.906] Star init groupContent json data.
[INFO 2015-06-10T11:13:28.906] Init groupContent json data complete.
[INFO 2015-06-10T11:50:13.954] Star init authContent json data.
[INFO 2015-06-10T11:50:14.145] Init authContent json data complete.
[INFO 2015-06-10T11:50:14.145] Star init userContent json data.
[INFO 2015-06-10T11:50:14.145] Init userContent json data complete.
[INFO 2015-06-10T11:50:14.145] Star init navigationContent json data.
[INFO 2015-06-10T11:50:14.155] Init navigationContent json data complete.
[INFO 2015-06-10T11:50:14.155] Star init groupContent json data.
[INFO 2015-06-10T11:50:14.155] Init groupContent json data complete.
[INFO 2015-06-10T12:26:37.908] Star init authContent json data.
[INFO 2015-06-10T12:26:38.102] Init authContent json data complete.
[INFO 2015-06-10T12:26:38.102] Star init userContent json data.
[INFO 2015-06-10T12:26:38.102] Init userContent json data complete.
[INFO 2015-06-10T12:26:38.102] Star init navigationContent json data.
[INFO 2015-06-10T12:26:38.112] Init navigationContent json data complete.
[INFO 2015-06-10T12:26:38.112] Star init groupContent json data.
[INFO 2015-06-10T12:26:38.112] Init groupContent json data complete.
[INFO 2015-06-10T14:45:56.992] Star init authContent json data.
[INFO 2015-06-10T14:45:57.211] Init authContent json data complete.
[INFO 2015-06-10T14:45:57.211] Star init userContent json data.
[INFO 2015-06-10T14:45:57.212] Init userContent json data complete.
[INFO 2015-06-10T14:45:57.213] Star init navigationContent json data.
[INFO 2015-06-10T14:45:57.229] Init navigationContent json data complete.
[INFO 2015-06-10T14:45:57.229] Star init groupContent json data.
[INFO 2015-06-10T14:45:57.231] Init groupContent json data complete.
[INFO 2015-06-10T15:26:35.361] Star init authContent json data.
[INFO 2015-06-10T15:26:35.568] Init authContent json data complete.
[INFO 2015-06-10T15:26:35.569] Star init userContent json data.
[INFO 2015-06-10T15:26:35.570] Init userContent json data complete.
[INFO 2015-06-10T15:26:35.571] Star init navigationContent json data.
[INFO 2015-06-10T15:26:35.582] Init navigationContent json data complete.
[INFO 2015-06-10T15:26:35.582] Star init groupContent json data.
[INFO 2015-06-10T15:26:35.584] Init groupContent json data complete.
[INFO 2015-06-10T15:50:07.767] Star init authContent json data.
[INFO 2015-06-10T15:50:07.972] Init authContent json data complete.
[INFO 2015-06-10T15:50:07.972] Star init userContent json data.
[INFO 2015-06-10T15:50:07.974] Init userContent json data complete.
[INFO 2015-06-10T15:50:07.974] Star init navigationContent json data.
[INFO 2015-06-10T15:50:07.976] Init navigationContent json data complete.
[INFO 2015-06-10T15:50:07.977] Star init groupContent json data.
[INFO 2015-06-10T15:50:07.978] Init groupContent json data complete.
[INFO 2015-06-10T17:45:57.243] Star init authContent json data.
[INFO 2015-06-10T17:45:57.447] Init authContent json data complete.
[INFO 2015-06-10T17:45:57.447] Star init userContent json data.
[INFO 2015-06-10T17:45:57.449] Init userContent json data complete.
[INFO 2015-06-10T17:45:57.449] Star init navigationContent json data.
[INFO 2015-06-10T17:45:57.458] Init navigationContent json data complete.
[INFO 2015-06-10T17:45:57.458] Star init groupContent json data.
[INFO 2015-06-10T17:45:57.460] Init groupContent json data complete.
[INFO 2015-06-10T17:48:55.276] Star init authContent json data.
[INFO 2015-06-10T17:48:55.476] Init authContent json data complete.
[INFO 2015-06-10T17:48:55.477] Star init userContent json data.
[INFO 2015-06-10T17:48:55.478] Init userContent json data complete.
[INFO 2015-06-10T17:48:55.479] Star init navigationContent json data.
[INFO 2015-06-10T17:48:55.481] Init navigationContent json data complete.
[INFO 2015-06-10T17:48:55.481] Star init groupContent json data.
[INFO 2015-06-10T17:48:55.482] Init groupContent json data complete.
[INFO 2015-06-10T17:54:01.985] Star init authContent json data.
[INFO 2015-06-10T17:54:02.250] Init authContent json data complete.
[INFO 2015-06-10T17:54:02.251] Star init userContent json data.
[INFO 2015-06-10T17:54:02.253] Init userContent json data complete.
[INFO 2015-06-10T17:54:02.253] Star init navigationContent json data.
[INFO 2015-06-10T17:54:02.256] Init navigationContent json data complete.
[INFO 2015-06-10T17:54:02.256] Star init groupContent json data.
[INFO 2015-06-10T17:54:02.258] Init groupContent json data complete.
