[INFO 2015-08-17T09:17:37.781] Star init authContent json data.
[INFO 2015-08-17T09:17:37.959] Init authContent json data complete.
[INFO 2015-08-17T09:17:37.959] Star init userContent json data.
[INFO 2015-08-17T09:17:37.959] Init userContent json data complete.
[INFO 2015-08-17T09:17:37.959] Star init navigationContent json data.
[INFO 2015-08-17T09:17:37.959] Init navigationContent json data complete.
[INFO 2015-08-17T09:17:37.959] Star init groupContent json data.
[INFO 2015-08-17T09:17:37.974] Init groupContent json data complete.
[INFO 2015-08-17T09:36:42.965] Star init authContent json data.
[INFO 2015-08-17T09:36:43.168] Init authContent json data complete.
[INFO 2015-08-17T09:36:43.168] Star init userContent json data.
[INFO 2015-08-17T09:36:43.168] Init userContent json data complete.
[INFO 2015-08-17T09:36:43.168] Star init navigationContent json data.
[INFO 2015-08-17T09:36:43.168] Init navigationContent json data complete.
[INFO 2015-08-17T09:36:43.168] Star init groupContent json data.
[INFO 2015-08-17T09:36:43.168] Init groupContent json data complete.
[INFO 2015-08-17T11:10:59.503] Star init authContent json data.
[INFO 2015-08-17T11:10:59.715] Init authContent json data complete.
[INFO 2015-08-17T11:10:59.715] Star init userContent json data.
[INFO 2015-08-17T11:10:59.717] Init userContent json data complete.
[INFO 2015-08-17T11:10:59.717] Star init navigationContent json data.
[INFO 2015-08-17T11:10:59.720] Init navigationContent json data complete.
[INFO 2015-08-17T11:10:59.720] Star init groupContent json data.
[INFO 2015-08-17T11:10:59.722] Init groupContent json data complete.
[INFO 2015-08-17T11:23:17.113] Star init authContent json data.
[INFO 2015-08-17T11:23:17.316] Init authContent json data complete.
[INFO 2015-08-17T11:23:17.316] Star init userContent json data.
[INFO 2015-08-17T11:23:17.318] Init userContent json data complete.
[INFO 2015-08-17T11:23:17.318] Star init navigationContent json data.
[INFO 2015-08-17T11:23:17.320] Init navigationContent json data complete.
[INFO 2015-08-17T11:23:17.321] Star init groupContent json data.
[INFO 2015-08-17T11:23:17.322] Init groupContent json data complete.
[INFO 2015-08-17T17:42:56.793] Star init authContent json data.
[INFO 2015-08-17T17:42:57.023] Init authContent json data complete.
[INFO 2015-08-17T17:42:57.024] Star init userContent json data.
[INFO 2015-08-17T17:42:57.025] Init userContent json data complete.
[INFO 2015-08-17T17:42:57.026] Star init navigationContent json data.
[INFO 2015-08-17T17:42:57.031] Init navigationContent json data complete.
[INFO 2015-08-17T17:42:57.032] Star init groupContent json data.
[INFO 2015-08-17T17:42:57.033] Init groupContent json data complete.
[INFO 2015-08-17T19:16:31.398] Star init authContent json data.
[INFO 2015-08-17T19:16:31.624] Init authContent json data complete.
[INFO 2015-08-17T19:16:31.625] Star init userContent json data.
[INFO 2015-08-17T19:16:31.627] Init userContent json data complete.
[INFO 2015-08-17T19:16:31.627] Star init navigationContent json data.
[INFO 2015-08-17T19:16:31.635] Init navigationContent json data complete.
[INFO 2015-08-17T19:16:31.635] Star init groupContent json data.
[INFO 2015-08-17T19:16:31.637] Init groupContent json data complete.
