[INFO 2015-07-16T09:06:17.073] Star init authContent json data.
[INFO 2015-07-16T09:06:17.261] Init authContent json data complete.
[INFO 2015-07-16T09:06:17.261] Star init userContent json data.
[INFO 2015-07-16T09:06:17.261] Init userContent json data complete.
[INFO 2015-07-16T09:06:17.261] Star init navigationContent json data.
[INFO 2015-07-16T09:06:17.261] Init navigationContent json data complete.
[INFO 2015-07-16T09:06:17.261] Star init groupContent json data.
[INFO 2015-07-16T09:06:17.277] Init groupContent json data complete.
[INFO 2015-07-16T10:11:36.637] Star init authContent json data.
[INFO 2015-07-16T10:11:36.827] Init authContent json data complete.
[INFO 2015-07-16T10:11:36.828] Star init userContent json data.
[INFO 2015-07-16T10:11:36.829] Init userContent json data complete.
[INFO 2015-07-16T10:11:36.829] Star init navigationContent json data.
[INFO 2015-07-16T10:11:36.831] Init navigationContent json data complete.
[INFO 2015-07-16T10:11:36.832] Star init groupContent json data.
[INFO 2015-07-16T10:11:36.833] Init groupContent json data complete.
[INFO 2015-07-16T12:24:17.422] Star init authContent json data.
[INFO 2015-07-16T12:24:17.627] Init authContent json data complete.
[INFO 2015-07-16T12:24:17.627] Star init userContent json data.
[INFO 2015-07-16T12:24:17.629] Init userContent json data complete.
[INFO 2015-07-16T12:24:17.629] Star init navigationContent json data.
[INFO 2015-07-16T12:24:17.631] Init navigationContent json data complete.
[INFO 2015-07-16T12:24:17.631] Star init groupContent json data.
[INFO 2015-07-16T12:24:17.633] Init groupContent json data complete.
[INFO 2015-07-16T17:28:23.872] Star init authContent json data.
[INFO 2015-07-16T17:28:24.078] Init authContent json data complete.
[INFO 2015-07-16T17:28:24.078] Star init userContent json data.
[INFO 2015-07-16T17:28:24.080] Init userContent json data complete.
[INFO 2015-07-16T17:28:24.080] Star init navigationContent json data.
[INFO 2015-07-16T17:28:24.089] Init navigationContent json data complete.
[INFO 2015-07-16T17:28:24.090] Star init groupContent json data.
[INFO 2015-07-16T17:28:24.091] Init groupContent json data complete.
