[INFO 2015-07-22T09:07:43.575] Star init authContent json data.
[INFO 2015-07-22T09:07:43.797] Init authContent json data complete.
[INFO 2015-07-22T09:07:43.798] Star init userContent json data.
[INFO 2015-07-22T09:07:43.799] Init userContent json data complete.
[INFO 2015-07-22T09:07:43.799] Star init navigationContent json data.
[INFO 2015-07-22T09:07:43.816] Init navigationContent json data complete.
[INFO 2015-07-22T09:07:43.816] Star init groupContent json data.
[INFO 2015-07-22T09:07:43.818] Init groupContent json data complete.
[INFO 2015-07-22T11:07:33.798] Star init authContent json data.
[INFO 2015-07-22T11:07:33.994] Init authContent json data complete.
[INFO 2015-07-22T11:07:33.994] Star init userContent json data.
[INFO 2015-07-22T11:07:33.996] Init userContent json data complete.
[INFO 2015-07-22T11:07:33.996] Star init navigationContent json data.
[INFO 2015-07-22T11:07:34.007] Init navigationContent json data complete.
[INFO 2015-07-22T11:07:34.008] Star init groupContent json data.
[INFO 2015-07-22T11:07:34.009] Init groupContent json data complete.
[INFO 2015-07-22T11:30:01.056] Star init authContent json data.
[INFO 2015-07-22T11:30:01.248] Init authContent json data complete.
[INFO 2015-07-22T11:30:01.248] Star init userContent json data.
[INFO 2015-07-22T11:30:01.250] Init userContent json data complete.
[INFO 2015-07-22T11:30:01.250] Star init navigationContent json data.
[INFO 2015-07-22T11:30:01.252] Init navigationContent json data complete.
[INFO 2015-07-22T11:30:01.252] Star init groupContent json data.
[INFO 2015-07-22T11:30:01.254] Init groupContent json data complete.
[INFO 2015-07-22T15:16:58.846] Star init authContent json data.
[INFO 2015-07-22T15:16:59.037] Init authContent json data complete.
[INFO 2015-07-22T15:16:59.038] Star init userContent json data.
[INFO 2015-07-22T15:16:59.040] Init userContent json data complete.
[INFO 2015-07-22T15:16:59.040] Star init navigationContent json data.
[INFO 2015-07-22T15:16:59.054] Init navigationContent json data complete.
[INFO 2015-07-22T15:16:59.054] Star init groupContent json data.
[INFO 2015-07-22T15:16:59.056] Init groupContent json data complete.
[INFO 2015-07-22T16:36:50.685] Star init authContent json data.
[INFO 2015-07-22T16:36:50.877] Init authContent json data complete.
[INFO 2015-07-22T16:36:50.877] Star init userContent json data.
[INFO 2015-07-22T16:36:50.878] Init userContent json data complete.
[INFO 2015-07-22T16:36:50.879] Star init navigationContent json data.
[INFO 2015-07-22T16:36:50.881] Init navigationContent json data complete.
[INFO 2015-07-22T16:36:50.881] Star init groupContent json data.
[INFO 2015-07-22T16:36:50.882] Init groupContent json data complete.
[INFO 2015-07-22T17:23:55.890] Star init authContent json data.
[INFO 2015-07-22T17:23:56.091] Init authContent json data complete.
[INFO 2015-07-22T17:23:56.091] Star init userContent json data.
[INFO 2015-07-22T17:23:56.092] Init userContent json data complete.
[INFO 2015-07-22T17:23:56.093] Star init navigationContent json data.
[INFO 2015-07-22T17:23:56.095] Init navigationContent json data complete.
[INFO 2015-07-22T17:23:56.095] Star init groupContent json data.
[INFO 2015-07-22T17:23:56.096] Init groupContent json data complete.
[INFO 2015-07-22T20:38:48.573] Star init authContent json data.
[INFO 2015-07-22T20:38:48.766] Init authContent json data complete.
[INFO 2015-07-22T20:38:48.766] Star init userContent json data.
[INFO 2015-07-22T20:38:48.768] Init userContent json data complete.
[INFO 2015-07-22T20:38:48.768] Star init navigationContent json data.
[INFO 2015-07-22T20:38:48.781] Init navigationContent json data complete.
[INFO 2015-07-22T20:38:48.781] Star init groupContent json data.
[INFO 2015-07-22T20:38:48.783] Init groupContent json data complete.
