[INFO 2015-03-05T09:20:49.832] Star init authContent json data.
[INFO 2015-03-05T09:20:50.034] Init authContent json data complete.
[INFO 2015-03-05T09:20:50.034] Star init userContent json data.
[INFO 2015-03-05T09:20:50.050] Init userContent json data complete.
[INFO 2015-03-05T09:20:50.050] Star init navigationContent json data.
[INFO 2015-03-05T09:20:50.050] Init navigationContent json data complete.
[INFO 2015-03-05T09:20:50.050] Star init groupContent json data.
[INFO 2015-03-05T09:20:50.050] Init groupContent json data complete.
[INFO 2015-03-05T14:45:54.111] Star init authContent json data.
[INFO 2015-03-05T14:45:54.306] Init authContent json data complete.
[INFO 2015-03-05T14:45:54.307] Star init userContent json data.
[INFO 2015-03-05T14:45:54.308] Init userContent json data complete.
[INFO 2015-03-05T14:45:54.309] Star init navigationContent json data.
[INFO 2015-03-05T14:45:54.310] Init navigationContent json data complete.
[INFO 2015-03-05T14:45:54.310] Star init groupContent json data.
[INFO 2015-03-05T14:45:54.312] Init groupContent json data complete.
[INFO 2015-03-05T15:34:36.658] Star init authContent json data.
[INFO 2015-03-05T15:34:36.878] Init authContent json data complete.
[INFO 2015-03-05T15:34:36.879] Star init userContent json data.
[INFO 2015-03-05T15:34:36.881] Init userContent json data complete.
[INFO 2015-03-05T15:34:36.881] Star init navigationContent json data.
[INFO 2015-03-05T15:34:36.883] Init navigationContent json data complete.
[INFO 2015-03-05T15:34:36.883] Star init groupContent json data.
[INFO 2015-03-05T15:34:36.885] Init groupContent json data complete.
