[INFO 2015-01-20T08:53:27.171] Star init authContent json data.
[INFO 2015-01-20T08:53:27.358] Init authContent json data complete.
[INFO 2015-01-20T08:53:27.358] Star init userContent json data.
[INFO 2015-01-20T08:53:27.358] Init userContent json data complete.
[INFO 2015-01-20T08:53:27.358] Star init navigationContent json data.
[INFO 2015-01-20T08:53:27.358] Init navigationContent json data complete.
[INFO 2015-01-20T08:53:27.358] Star init groupContent json data.
[INFO 2015-01-20T08:53:27.358] Init groupContent json data complete.
[INFO 2015-01-20T09:27:28.467] Star init authContent json data.
[INFO 2015-01-20T09:27:28.670] Init authContent json data complete.
[INFO 2015-01-20T09:27:28.670] Star init userContent json data.
[INFO 2015-01-20T09:27:28.670] Init userContent json data complete.
[INFO 2015-01-20T09:27:28.670] Star init navigationContent json data.
[INFO 2015-01-20T09:27:28.670] Init navigationContent json data complete.
[INFO 2015-01-20T09:27:28.670] Star init groupContent json data.
[INFO 2015-01-20T09:27:28.685] Init groupContent json data complete.
[INFO 2015-01-20T15:00:59.027] Star init authContent json data.
[INFO 2015-01-20T15:00:59.246] Init authContent json data complete.
[INFO 2015-01-20T15:00:59.246] Star init userContent json data.
[INFO 2015-01-20T15:00:59.246] Init userContent json data complete.
[INFO 2015-01-20T15:00:59.246] Star init navigationContent json data.
[INFO 2015-01-20T15:00:59.246] Init navigationContent json data complete.
[INFO 2015-01-20T15:00:59.246] Star init groupContent json data.
[INFO 2015-01-20T15:00:59.246] Init groupContent json data complete.
[INFO 2015-01-20T15:05:35.807] Star init authContent json data.
[INFO 2015-01-20T15:05:36.010] Init authContent json data complete.
[INFO 2015-01-20T15:05:36.010] Star init userContent json data.
[INFO 2015-01-20T15:05:36.010] Init userContent json data complete.
[INFO 2015-01-20T15:05:36.010] Star init navigationContent json data.
[INFO 2015-01-20T15:05:36.010] Init navigationContent json data complete.
[INFO 2015-01-20T15:05:36.010] Star init groupContent json data.
[INFO 2015-01-20T15:05:36.010] Init groupContent json data complete.
