[INFO 2015-08-14T09:06:43.663] Star init authContent json data.
[INFO 2015-08-14T09:06:43.834] Init authContent json data complete.
[INFO 2015-08-14T09:06:43.834] Star init userContent json data.
[INFO 2015-08-14T09:06:43.834] Init userContent json data complete.
[INFO 2015-08-14T09:06:43.834] Star init navigationContent json data.
[INFO 2015-08-14T09:06:43.850] Init navigationContent json data complete.
[INFO 2015-08-14T09:06:43.850] Star init groupContent json data.
[INFO 2015-08-14T09:06:43.850] Init groupContent json data complete.
[INFO 2015-08-14T09:46:03.828] Star init authContent json data.
[INFO 2015-08-14T09:46:04.022] Init authContent json data complete.
[INFO 2015-08-14T09:46:04.022] Star init userContent json data.
[INFO 2015-08-14T09:46:04.025] Init userContent json data complete.
[INFO 2015-08-14T09:46:04.025] Star init navigationContent json data.
[INFO 2015-08-14T09:46:04.052] Init navigationContent json data complete.
[INFO 2015-08-14T09:46:04.052] Star init groupContent json data.
[INFO 2015-08-14T09:46:04.054] Init groupContent json data complete.
[INFO 2015-08-14T09:48:04.089] Star init authContent json data.
[INFO 2015-08-14T09:48:04.275] Init authContent json data complete.
[INFO 2015-08-14T09:48:04.275] Star init userContent json data.
[INFO 2015-08-14T09:48:04.277] Init userContent json data complete.
[INFO 2015-08-14T09:48:04.277] Star init navigationContent json data.
[INFO 2015-08-14T09:48:04.279] Init navigationContent json data complete.
[INFO 2015-08-14T09:48:04.279] Star init groupContent json data.
[INFO 2015-08-14T09:48:04.281] Init groupContent json data complete.
[INFO 2015-08-14T09:53:20.207] Star init authContent json data.
[INFO 2015-08-14T09:53:20.469] Init authContent json data complete.
[INFO 2015-08-14T09:53:20.470] Star init userContent json data.
[INFO 2015-08-14T09:53:20.472] Init userContent json data complete.
[INFO 2015-08-14T09:53:20.472] Star init navigationContent json data.
[INFO 2015-08-14T09:53:20.475] Init navigationContent json data complete.
[INFO 2015-08-14T09:53:20.475] Star init groupContent json data.
[INFO 2015-08-14T09:53:20.477] Init groupContent json data complete.
[INFO 2015-08-14T10:04:44.102] Star init authContent json data.
[INFO 2015-08-14T10:04:44.296] Init authContent json data complete.
[INFO 2015-08-14T10:04:44.296] Star init userContent json data.
[INFO 2015-08-14T10:04:44.298] Init userContent json data complete.
[INFO 2015-08-14T10:04:44.298] Star init navigationContent json data.
[INFO 2015-08-14T10:04:44.301] Init navigationContent json data complete.
[INFO 2015-08-14T10:04:44.301] Star init groupContent json data.
[INFO 2015-08-14T10:04:44.303] Init groupContent json data complete.
[INFO 2015-08-14T10:06:55.661] Star init authContent json data.
[INFO 2015-08-14T10:06:55.872] Init authContent json data complete.
[INFO 2015-08-14T10:06:55.873] Star init userContent json data.
[INFO 2015-08-14T10:06:55.874] Init userContent json data complete.
[INFO 2015-08-14T10:06:55.874] Star init navigationContent json data.
[INFO 2015-08-14T10:06:55.877] Init navigationContent json data complete.
[INFO 2015-08-14T10:06:55.877] Star init groupContent json data.
[INFO 2015-08-14T10:06:55.879] Init groupContent json data complete.
[INFO 2015-08-14T10:13:50.218] Star init authContent json data.
[INFO 2015-08-14T10:13:50.410] Init authContent json data complete.
[INFO 2015-08-14T10:13:50.410] Star init userContent json data.
[INFO 2015-08-14T10:13:50.412] Init userContent json data complete.
[INFO 2015-08-14T10:13:50.412] Star init navigationContent json data.
[INFO 2015-08-14T10:13:50.414] Init navigationContent json data complete.
[INFO 2015-08-14T10:13:50.414] Star init groupContent json data.
[INFO 2015-08-14T10:13:50.416] Init groupContent json data complete.
[INFO 2015-08-14T10:25:30.615] Star init authContent json data.
[INFO 2015-08-14T10:25:30.815] Init authContent json data complete.
[INFO 2015-08-14T10:25:30.815] Star init userContent json data.
[INFO 2015-08-14T10:25:30.817] Init userContent json data complete.
[INFO 2015-08-14T10:25:30.817] Star init navigationContent json data.
[INFO 2015-08-14T10:25:30.819] Init navigationContent json data complete.
[INFO 2015-08-14T10:25:30.819] Star init groupContent json data.
[INFO 2015-08-14T10:25:30.821] Init groupContent json data complete.
[INFO 2015-08-14T10:46:43.041] Star init authContent json data.
[INFO 2015-08-14T10:46:43.261] Init authContent json data complete.
[INFO 2015-08-14T10:46:43.261] Star init userContent json data.
[INFO 2015-08-14T10:46:43.263] Init userContent json data complete.
[INFO 2015-08-14T10:46:43.264] Star init navigationContent json data.
[INFO 2015-08-14T10:46:43.266] Init navigationContent json data complete.
[INFO 2015-08-14T10:46:43.266] Star init groupContent json data.
[INFO 2015-08-14T10:46:43.269] Init groupContent json data complete.
[INFO 2015-08-14T11:08:11.433] Star init authContent json data.
[INFO 2015-08-14T11:08:11.628] Init authContent json data complete.
[INFO 2015-08-14T11:08:11.629] Star init userContent json data.
[INFO 2015-08-14T11:08:11.630] Init userContent json data complete.
[INFO 2015-08-14T11:08:11.630] Star init navigationContent json data.
[INFO 2015-08-14T11:08:11.632] Init navigationContent json data complete.
[INFO 2015-08-14T11:08:11.633] Star init groupContent json data.
[INFO 2015-08-14T11:08:11.634] Init groupContent json data complete.
[INFO 2015-08-14T14:58:11.058] Star init authContent json data.
[INFO 2015-08-14T14:58:11.251] Init authContent json data complete.
[INFO 2015-08-14T14:58:11.251] Star init userContent json data.
[INFO 2015-08-14T14:58:11.253] Init userContent json data complete.
[INFO 2015-08-14T14:58:11.253] Star init navigationContent json data.
[INFO 2015-08-14T14:58:11.255] Init navigationContent json data complete.
[INFO 2015-08-14T14:58:11.256] Star init groupContent json data.
[INFO 2015-08-14T14:58:11.257] Init groupContent json data complete.
[INFO 2015-08-14T17:05:18.348] Star init authContent json data.
[INFO 2015-08-14T17:05:18.538] Init authContent json data complete.
[INFO 2015-08-14T17:05:18.538] Star init userContent json data.
[INFO 2015-08-14T17:05:18.540] Init userContent json data complete.
[INFO 2015-08-14T17:05:18.540] Star init navigationContent json data.
[INFO 2015-08-14T17:05:18.542] Init navigationContent json data complete.
[INFO 2015-08-14T17:05:18.542] Star init groupContent json data.
[INFO 2015-08-14T17:05:18.544] Init groupContent json data complete.
[INFO 2015-08-14T17:14:57.973] Star init authContent json data.
[INFO 2015-08-14T17:14:58.208] Init authContent json data complete.
[INFO 2015-08-14T17:14:58.208] Star init userContent json data.
[INFO 2015-08-14T17:14:58.210] Init userContent json data complete.
[INFO 2015-08-14T17:14:58.210] Star init navigationContent json data.
[INFO 2015-08-14T17:14:58.212] Init navigationContent json data complete.
[INFO 2015-08-14T17:14:58.212] Star init groupContent json data.
[INFO 2015-08-14T17:14:58.214] Init groupContent json data complete.
[INFO 2015-08-14T17:48:24.021] Star init authContent json data.
[INFO 2015-08-14T17:48:24.223] Init authContent json data complete.
[INFO 2015-08-14T17:48:24.223] Star init userContent json data.
[INFO 2015-08-14T17:48:24.225] Init userContent json data complete.
[INFO 2015-08-14T17:48:24.225] Star init navigationContent json data.
[INFO 2015-08-14T17:48:24.227] Init navigationContent json data complete.
[INFO 2015-08-14T17:48:24.227] Star init groupContent json data.
[INFO 2015-08-14T17:48:24.229] Init groupContent json data complete.
[INFO 2015-08-14T17:52:25.124] Star init authContent json data.
[INFO 2015-08-14T17:52:25.317] Init authContent json data complete.
[INFO 2015-08-14T17:52:25.317] Star init userContent json data.
[INFO 2015-08-14T17:52:25.319] Init userContent json data complete.
[INFO 2015-08-14T17:52:25.319] Star init navigationContent json data.
[INFO 2015-08-14T17:52:25.321] Init navigationContent json data complete.
[INFO 2015-08-14T17:52:25.322] Star init groupContent json data.
[INFO 2015-08-14T17:52:25.323] Init groupContent json data complete.
[INFO 2015-08-14T18:02:47.488] Star init authContent json data.
[INFO 2015-08-14T18:02:47.690] Init authContent json data complete.
[INFO 2015-08-14T18:02:47.690] Star init userContent json data.
[INFO 2015-08-14T18:02:47.692] Init userContent json data complete.
[INFO 2015-08-14T18:02:47.692] Star init navigationContent json data.
[INFO 2015-08-14T18:02:47.694] Init navigationContent json data complete.
[INFO 2015-08-14T18:02:47.694] Star init groupContent json data.
[INFO 2015-08-14T18:02:47.696] Init groupContent json data complete.
[INFO 2015-08-14T18:11:28.306] Star init authContent json data.
[INFO 2015-08-14T18:11:28.536] Init authContent json data complete.
[INFO 2015-08-14T18:11:28.536] Star init userContent json data.
[INFO 2015-08-14T18:11:28.538] Init userContent json data complete.
[INFO 2015-08-14T18:11:28.539] Star init navigationContent json data.
[INFO 2015-08-14T18:11:28.543] Init navigationContent json data complete.
[INFO 2015-08-14T18:11:28.543] Star init groupContent json data.
[INFO 2015-08-14T18:11:28.546] Init groupContent json data complete.
