[INFO 2015-08-10T09:21:05.984] Star init authContent json data.
[INFO 2015-08-10T09:21:06.173] Init authContent json data complete.
[INFO 2015-08-10T09:21:06.173] Star init userContent json data.
[INFO 2015-08-10T09:21:06.175] Init userContent json data complete.
[INFO 2015-08-10T09:21:06.175] Star init navigationContent json data.
[INFO 2015-08-10T09:21:06.175] Init navigationContent json data complete.
[INFO 2015-08-10T09:21:06.175] Star init groupContent json data.
[INFO 2015-08-10T09:21:06.175] Init groupContent json data complete.
[INFO 2015-08-10T11:00:04.359] Star init authContent json data.
[INFO 2015-08-10T11:00:04.541] Init authContent json data complete.
[INFO 2015-08-10T11:00:04.541] Star init userContent json data.
[INFO 2015-08-10T11:00:04.543] Init userContent json data complete.
[INFO 2015-08-10T11:00:04.543] Star init navigationContent json data.
[INFO 2015-08-10T11:00:04.545] Init navigationContent json data complete.
[INFO 2015-08-10T11:00:04.545] Star init groupContent json data.
[INFO 2015-08-10T11:00:04.547] Init groupContent json data complete.
[INFO 2015-08-10T11:10:57.206] Star init authContent json data.
[INFO 2015-08-10T11:10:57.399] Init authContent json data complete.
[INFO 2015-08-10T11:10:57.400] Star init userContent json data.
[INFO 2015-08-10T11:10:57.401] Init userContent json data complete.
[INFO 2015-08-10T11:10:57.401] Star init navigationContent json data.
[INFO 2015-08-10T11:10:57.403] Init navigationContent json data complete.
[INFO 2015-08-10T11:10:57.404] Star init groupContent json data.
[INFO 2015-08-10T11:10:57.405] Init groupContent json data complete.
[INFO 2015-08-10T11:25:56.332] Star init authContent json data.
[INFO 2015-08-10T11:25:56.525] Init authContent json data complete.
[INFO 2015-08-10T11:25:56.525] Star init userContent json data.
[INFO 2015-08-10T11:25:56.527] Init userContent json data complete.
[INFO 2015-08-10T11:25:56.527] Star init navigationContent json data.
[INFO 2015-08-10T11:25:56.529] Init navigationContent json data complete.
[INFO 2015-08-10T11:25:56.529] Star init groupContent json data.
[INFO 2015-08-10T11:25:56.530] Init groupContent json data complete.
[INFO 2015-08-10T11:37:11.224] Star init authContent json data.
[INFO 2015-08-10T11:37:11.447] Init authContent json data complete.
[INFO 2015-08-10T11:37:11.447] Star init userContent json data.
[INFO 2015-08-10T11:37:11.449] Init userContent json data complete.
[INFO 2015-08-10T11:37:11.449] Star init navigationContent json data.
[INFO 2015-08-10T11:37:11.453] Init navigationContent json data complete.
[INFO 2015-08-10T11:37:11.453] Star init groupContent json data.
[INFO 2015-08-10T11:37:11.456] Init groupContent json data complete.
[INFO 2015-08-10T12:30:46.808] Star init authContent json data.
[INFO 2015-08-10T12:30:46.993] Init authContent json data complete.
[INFO 2015-08-10T12:30:46.994] Star init userContent json data.
[INFO 2015-08-10T12:30:46.996] Init userContent json data complete.
[INFO 2015-08-10T12:30:46.996] Star init navigationContent json data.
[INFO 2015-08-10T12:30:46.998] Init navigationContent json data complete.
[INFO 2015-08-10T12:30:46.998] Star init groupContent json data.
[INFO 2015-08-10T12:30:46.999] Init groupContent json data complete.
