[INFO 2015-01-19T14:23:09.455] Star init authContent json data.
[INFO 2015-01-19T14:23:09.657] Init authContent json data complete.
[INFO 2015-01-19T14:23:09.657] Star init userContent json data.
[INFO 2015-01-19T14:23:09.657] Init userContent json data complete.
[INFO 2015-01-19T14:23:09.657] Star init navigationContent json data.
[INFO 2015-01-19T14:23:09.657] Init navigationContent json data complete.
[INFO 2015-01-19T14:23:09.657] Star init groupContent json data.
[INFO 2015-01-19T14:23:09.657] Init groupContent json data complete.
[INFO 2015-01-19T16:05:03.752] Star init authContent json data.
[INFO 2015-01-19T16:05:03.953] Init authContent json data complete.
[INFO 2015-01-19T16:05:03.954] Star init userContent json data.
[INFO 2015-01-19T16:05:03.954] Init userContent json data complete.
[INFO 2015-01-19T16:05:03.954] Star init navigationContent json data.
[INFO 2015-01-19T16:05:03.954] Init navigationContent json data complete.
[INFO 2015-01-19T16:05:03.954] Star init groupContent json data.
[INFO 2015-01-19T16:05:03.954] Init groupContent json data complete.
[INFO 2015-01-19T16:59:03.490] Star init authContent json data.
[INFO 2015-01-19T16:59:03.692] Init authContent json data complete.
[INFO 2015-01-19T16:59:03.692] Star init userContent json data.
[INFO 2015-01-19T16:59:03.692] Init userContent json data complete.
[INFO 2015-01-19T16:59:03.692] Star init navigationContent json data.
[INFO 2015-01-19T16:59:03.692] Init navigationContent json data complete.
[INFO 2015-01-19T16:59:03.692] Star init groupContent json data.
[INFO 2015-01-19T16:59:03.692] Init groupContent json data complete.
