[INFO 2015-07-06T09:03:15.970] Star init authContent json data.
[INFO 2015-07-06T09:03:16.175] Init authContent json data complete.
[INFO 2015-07-06T09:03:16.175] Star init userContent json data.
[INFO 2015-07-06T09:03:16.175] Init userContent json data complete.
[INFO 2015-07-06T09:03:16.175] Star init navigationContent json data.
[INFO 2015-07-06T09:03:16.190] Init navigationContent json data complete.
[INFO 2015-07-06T09:03:16.190] Star init groupContent json data.
[INFO 2015-07-06T09:03:16.190] Init groupContent json data complete.
[INFO 2015-07-06T09:23:22.400] Star init authContent json data.
[INFO 2015-07-06T09:23:22.633] Init authContent json data complete.
[INFO 2015-07-06T09:23:22.633] Star init userContent json data.
[INFO 2015-07-06T09:23:22.633] Init userContent json data complete.
[INFO 2015-07-06T09:23:22.633] Star init navigationContent json data.
[INFO 2015-07-06T09:23:22.633] Init navigationContent json data complete.
[INFO 2015-07-06T09:23:22.633] Star init groupContent json data.
[INFO 2015-07-06T09:23:22.633] Init groupContent json data complete.
[INFO 2015-07-06T09:33:43.248] Star init authContent json data.
[INFO 2015-07-06T09:33:43.438] Init authContent json data complete.
[INFO 2015-07-06T09:33:43.438] Star init userContent json data.
[INFO 2015-07-06T09:33:43.454] Init userContent json data complete.
[INFO 2015-07-06T09:33:43.454] Star init navigationContent json data.
[INFO 2015-07-06T09:33:43.454] Init navigationContent json data complete.
[INFO 2015-07-06T09:33:43.454] Star init groupContent json data.
[INFO 2015-07-06T09:33:43.454] Init groupContent json data complete.
