[INFO 2015-01-16T17:28:06.287] Star init authContent json data.
[INFO 2015-01-16T17:28:06.493] Init authContent json data complete.
[INFO 2015-01-16T17:28:06.494] Star init userContent json data.
[INFO 2015-01-16T17:28:06.496] Init userContent json data complete.
[INFO 2015-01-16T17:28:06.496] Star init navigationContent json data.
[INFO 2015-01-16T17:28:06.498] Init navigationContent json data complete.
[INFO 2015-01-16T17:28:06.498] Star init groupContent json data.
[INFO 2015-01-16T17:28:06.500] Init groupContent json data complete.
[INFO 2015-01-16T17:34:32.113] Star init authContent json data.
[INFO 2015-01-16T17:34:32.350] Init authContent json data complete.
[INFO 2015-01-16T17:34:32.350] Star init userContent json data.
[INFO 2015-01-16T17:34:32.352] Init userContent json data complete.
[INFO 2015-01-16T17:34:32.353] Star init navigationContent json data.
[INFO 2015-01-16T17:34:32.355] Init navigationContent json data complete.
[INFO 2015-01-16T17:34:32.355] Star init groupContent json data.
[INFO 2015-01-16T17:34:32.357] Init groupContent json data complete.
[INFO 2015-01-16T17:35:48.203] Star init authContent json data.
[INFO 2015-01-16T17:35:48.397] Init authContent json data complete.
[INFO 2015-01-16T17:35:48.397] Star init userContent json data.
[INFO 2015-01-16T17:35:48.399] Init userContent json data complete.
[INFO 2015-01-16T17:35:48.399] Star init navigationContent json data.
[INFO 2015-01-16T17:35:48.401] Init navigationContent json data complete.
[INFO 2015-01-16T17:35:48.401] Star init groupContent json data.
[INFO 2015-01-16T17:35:48.403] Init groupContent json data complete.
[INFO 2015-01-16T17:45:52.471] Star init authContent json data.
[INFO 2015-01-16T17:45:52.687] Init authContent json data complete.
[INFO 2015-01-16T17:45:52.687] Star init userContent json data.
[INFO 2015-01-16T17:45:52.689] Init userContent json data complete.
[INFO 2015-01-16T17:45:52.689] Star init navigationContent json data.
[INFO 2015-01-16T17:45:52.691] Init navigationContent json data complete.
[INFO 2015-01-16T17:45:52.692] Star init groupContent json data.
[INFO 2015-01-16T17:45:52.693] Init groupContent json data complete.
[INFO 2015-01-16T18:21:28.791] Star init authContent json data.
[INFO 2015-01-16T18:21:29.001] Init authContent json data complete.
[INFO 2015-01-16T18:21:29.002] Star init userContent json data.
[INFO 2015-01-16T18:21:29.004] Init userContent json data complete.
[INFO 2015-01-16T18:21:29.005] Star init navigationContent json data.
[INFO 2015-01-16T18:21:29.006] Init navigationContent json data complete.
[INFO 2015-01-16T18:21:29.007] Star init groupContent json data.
[INFO 2015-01-16T18:21:29.008] Init groupContent json data complete.
