[INFO 2015-03-31T11:08:43.757] Star init authContent json data.
[INFO 2015-03-31T11:08:43.972] Init authContent json data complete.
[INFO 2015-03-31T11:08:43.972] Star init userContent json data.
[INFO 2015-03-31T11:08:43.974] Init userContent json data complete.
[INFO 2015-03-31T11:08:43.974] Star init navigationContent json data.
[INFO 2015-03-31T11:08:43.976] Init navigationContent json data complete.
[INFO 2015-03-31T11:08:43.976] Star init groupContent json data.
[INFO 2015-03-31T11:08:43.978] Init groupContent json data complete.
[INFO 2015-03-31T14:22:27.344] Star init authContent json data.
[INFO 2015-03-31T14:22:27.543] Init authContent json data complete.
[INFO 2015-03-31T14:22:27.543] Star init userContent json data.
[INFO 2015-03-31T14:22:27.545] Init userContent json data complete.
[INFO 2015-03-31T14:22:27.545] Star init navigationContent json data.
[INFO 2015-03-31T14:22:27.547] Init navigationContent json data complete.
[INFO 2015-03-31T14:22:27.547] Star init groupContent json data.
[INFO 2015-03-31T14:22:27.549] Init groupContent json data complete.
[INFO 2015-03-31T14:50:16.747] Star init authContent json data.
[INFO 2015-03-31T14:50:16.948] Init authContent json data complete.
[INFO 2015-03-31T14:50:16.948] Star init userContent json data.
[INFO 2015-03-31T14:50:16.950] Init userContent json data complete.
[INFO 2015-03-31T14:50:16.950] Star init navigationContent json data.
[INFO 2015-03-31T14:50:16.951] Init navigationContent json data complete.
[INFO 2015-03-31T14:50:16.952] Star init groupContent json data.
[INFO 2015-03-31T14:50:16.955] Init groupContent json data complete.
[INFO 2015-03-31T15:05:23.200] Star init authContent json data.
[INFO 2015-03-31T15:05:23.443] Init authContent json data complete.
[INFO 2015-03-31T15:05:23.443] Star init userContent json data.
[INFO 2015-03-31T15:05:23.446] Init userContent json data complete.
[INFO 2015-03-31T15:05:23.446] Star init navigationContent json data.
[INFO 2015-03-31T15:05:23.448] Init navigationContent json data complete.
[INFO 2015-03-31T15:05:23.448] Star init groupContent json data.
[INFO 2015-03-31T15:05:23.450] Init groupContent json data complete.
[INFO 2015-03-31T15:23:40.894] Star init authContent json data.
[INFO 2015-03-31T15:23:41.113] Init authContent json data complete.
[INFO 2015-03-31T15:23:41.113] Star init userContent json data.
[INFO 2015-03-31T15:23:41.115] Init userContent json data complete.
[INFO 2015-03-31T15:23:41.116] Star init navigationContent json data.
[INFO 2015-03-31T15:23:41.118] Init navigationContent json data complete.
[INFO 2015-03-31T15:23:41.118] Star init groupContent json data.
[INFO 2015-03-31T15:23:41.121] Init groupContent json data complete.
[INFO 2015-03-31T15:29:04.830] Star init authContent json data.
[INFO 2015-03-31T15:29:05.042] Init authContent json data complete.
[INFO 2015-03-31T15:29:05.042] Star init userContent json data.
[INFO 2015-03-31T15:29:05.045] Init userContent json data complete.
[INFO 2015-03-31T15:29:05.045] Star init navigationContent json data.
[INFO 2015-03-31T15:29:05.047] Init navigationContent json data complete.
[INFO 2015-03-31T15:29:05.048] Star init groupContent json data.
[INFO 2015-03-31T15:29:05.050] Init groupContent json data complete.
[INFO 2015-03-31T15:41:46.689] Star init authContent json data.
[INFO 2015-03-31T15:41:46.968] Init authContent json data complete.
[INFO 2015-03-31T15:41:46.968] Star init userContent json data.
[INFO 2015-03-31T15:41:46.968] Init userContent json data complete.
[INFO 2015-03-31T15:41:46.968] Star init navigationContent json data.
[INFO 2015-03-31T15:41:46.968] Init navigationContent json data complete.
[INFO 2015-03-31T15:41:46.968] Star init groupContent json data.
[INFO 2015-03-31T15:41:46.968] Init groupContent json data complete.
[INFO 2015-03-31T16:25:08.615] Star init authContent json data.
[INFO 2015-03-31T16:25:08.814] Init authContent json data complete.
[INFO 2015-03-31T16:25:08.814] Star init userContent json data.
[INFO 2015-03-31T16:25:08.816] Init userContent json data complete.
[INFO 2015-03-31T16:25:08.816] Star init navigationContent json data.
[INFO 2015-03-31T16:25:08.818] Init navigationContent json data complete.
[INFO 2015-03-31T16:25:08.818] Star init groupContent json data.
[INFO 2015-03-31T16:25:08.820] Init groupContent json data complete.
[INFO 2015-03-31T17:32:26.865] Star init authContent json data.
[INFO 2015-03-31T17:32:27.074] Init authContent json data complete.
[INFO 2015-03-31T17:32:27.075] Star init userContent json data.
[INFO 2015-03-31T17:32:27.077] Init userContent json data complete.
[INFO 2015-03-31T17:32:27.077] Star init navigationContent json data.
[INFO 2015-03-31T17:32:27.079] Init navigationContent json data complete.
[INFO 2015-03-31T17:32:27.079] Star init groupContent json data.
[INFO 2015-03-31T17:32:27.081] Init groupContent json data complete.
