[INFO 2015-06-04T09:39:21.801] Star init authContent json data.
[INFO 2015-06-04T09:39:21.989] Init authContent json data complete.
[INFO 2015-06-04T09:39:21.989] Star init userContent json data.
[INFO 2015-06-04T09:39:21.989] Init userContent json data complete.
[INFO 2015-06-04T09:39:21.989] Star init navigationContent json data.
[INFO 2015-06-04T09:39:22.020] Init navigationContent json data complete.
[INFO 2015-06-04T09:39:22.020] Star init groupContent json data.
[INFO 2015-06-04T09:39:22.020] Init groupContent json data complete.
[INFO 2015-06-04T15:03:58.645] Star init authContent json data.
[INFO 2015-06-04T15:03:58.842] Init authContent json data complete.
[INFO 2015-06-04T15:03:58.842] Star init userContent json data.
[INFO 2015-06-04T15:03:58.844] Init userContent json data complete.
[INFO 2015-06-04T15:03:58.844] Star init navigationContent json data.
[INFO 2015-06-04T15:03:58.853] Init navigationContent json data complete.
[INFO 2015-06-04T15:03:58.853] Star init groupContent json data.
[INFO 2015-06-04T15:03:58.854] Init groupContent json data complete.
[INFO 2015-06-04T16:12:16.299] Star init authContent json data.
[INFO 2015-06-04T16:12:16.494] Init authContent json data complete.
[INFO 2015-06-04T16:12:16.494] Star init userContent json data.
[INFO 2015-06-04T16:12:16.496] Init userContent json data complete.
[INFO 2015-06-04T16:12:16.496] Star init navigationContent json data.
[INFO 2015-06-04T16:12:16.499] Init navigationContent json data complete.
[INFO 2015-06-04T16:12:16.499] Star init groupContent json data.
[INFO 2015-06-04T16:12:16.500] Init groupContent json data complete.
[INFO 2015-06-04T16:53:51.908] Star init authContent json data.
[INFO 2015-06-04T16:53:52.108] Init authContent json data complete.
[INFO 2015-06-04T16:53:52.109] Star init userContent json data.
[INFO 2015-06-04T16:53:52.110] Init userContent json data complete.
[INFO 2015-06-04T16:53:52.110] Star init navigationContent json data.
[INFO 2015-06-04T16:53:52.113] Init navigationContent json data complete.
[INFO 2015-06-04T16:53:52.113] Star init groupContent json data.
[INFO 2015-06-04T16:53:52.114] Init groupContent json data complete.
