[INFO 2015-05-06T09:36:39.110] Star init authContent json data.
[INFO 2015-05-06T09:36:39.327] Init authContent json data complete.
[INFO 2015-05-06T09:36:39.327] Star init userContent json data.
[INFO 2015-05-06T09:36:39.330] Init userContent json data complete.
[INFO 2015-05-06T09:36:39.330] Star init navigationContent json data.
[INFO 2015-05-06T09:36:39.333] Init navigationContent json data complete.
[INFO 2015-05-06T09:36:39.333] Star init groupContent json data.
[INFO 2015-05-06T09:36:39.335] Init groupContent json data complete.
[INFO 2015-05-06T14:41:08.184] Star init authContent json data.
[INFO 2015-05-06T14:41:08.391] Init authContent json data complete.
[INFO 2015-05-06T14:41:08.391] Star init userContent json data.
[INFO 2015-05-06T14:41:08.393] Init userContent json data complete.
[INFO 2015-05-06T14:41:08.393] Star init navigationContent json data.
[INFO 2015-05-06T14:41:08.395] Init navigationContent json data complete.
[INFO 2015-05-06T14:41:08.395] Star init groupContent json data.
[INFO 2015-05-06T14:41:08.398] Init groupContent json data complete.
[INFO 2015-05-06T15:11:50.023] Star init authContent json data.
[INFO 2015-05-06T15:11:50.289] Init authContent json data complete.
[INFO 2015-05-06T15:11:50.290] Star init userContent json data.
[INFO 2015-05-06T15:11:50.292] Init userContent json data complete.
[INFO 2015-05-06T15:11:50.292] Star init navigationContent json data.
[INFO 2015-05-06T15:11:50.294] Init navigationContent json data complete.
[INFO 2015-05-06T15:11:50.295] Star init groupContent json data.
[INFO 2015-05-06T15:11:50.296] Init groupContent json data complete.
[INFO 2015-05-06T15:13:14.079] Star init authContent json data.
[INFO 2015-05-06T15:13:14.321] Init authContent json data complete.
[INFO 2015-05-06T15:13:14.321] Star init userContent json data.
[INFO 2015-05-06T15:13:14.323] Init userContent json data complete.
[INFO 2015-05-06T15:13:14.324] Star init navigationContent json data.
[INFO 2015-05-06T15:13:14.326] Init navigationContent json data complete.
[INFO 2015-05-06T15:13:14.326] Star init groupContent json data.
[INFO 2015-05-06T15:13:14.328] Init groupContent json data complete.
[INFO 2015-05-06T15:30:29.887] Star init authContent json data.
[INFO 2015-05-06T15:30:30.149] Init authContent json data complete.
[INFO 2015-05-06T15:30:30.149] Star init userContent json data.
[INFO 2015-05-06T15:30:30.151] Init userContent json data complete.
[INFO 2015-05-06T15:30:30.151] Star init navigationContent json data.
[INFO 2015-05-06T15:30:30.153] Init navigationContent json data complete.
[INFO 2015-05-06T15:30:30.153] Star init groupContent json data.
[INFO 2015-05-06T15:30:30.155] Init groupContent json data complete.
[INFO 2015-05-06T15:41:44.963] Star init authContent json data.
[INFO 2015-05-06T15:41:45.193] Init authContent json data complete.
[INFO 2015-05-06T15:41:45.194] Star init userContent json data.
[INFO 2015-05-06T15:41:45.196] Init userContent json data complete.
[INFO 2015-05-06T15:41:45.196] Star init navigationContent json data.
[INFO 2015-05-06T15:41:45.200] Init navigationContent json data complete.
[INFO 2015-05-06T15:41:45.201] Star init groupContent json data.
[INFO 2015-05-06T15:41:45.203] Init groupContent json data complete.
[INFO 2015-05-06T16:16:55.634] Star init authContent json data.
[INFO 2015-05-06T16:16:55.849] Init authContent json data complete.
[INFO 2015-05-06T16:16:55.849] Star init userContent json data.
[INFO 2015-05-06T16:16:55.852] Init userContent json data complete.
[INFO 2015-05-06T16:16:55.853] Star init navigationContent json data.
[INFO 2015-05-06T16:16:55.855] Init navigationContent json data complete.
[INFO 2015-05-06T16:16:55.855] Star init groupContent json data.
[INFO 2015-05-06T16:16:55.857] Init groupContent json data complete.
[INFO 2015-05-06T16:20:43.771] Star init authContent json data.
[INFO 2015-05-06T16:20:43.988] Init authContent json data complete.
[INFO 2015-05-06T16:20:43.989] Star init userContent json data.
[INFO 2015-05-06T16:20:43.991] Init userContent json data complete.
[INFO 2015-05-06T16:20:43.991] Star init navigationContent json data.
[INFO 2015-05-06T16:20:43.995] Init navigationContent json data complete.
[INFO 2015-05-06T16:20:43.995] Star init groupContent json data.
[INFO 2015-05-06T16:20:43.997] Init groupContent json data complete.
[INFO 2015-05-06T16:22:22.024] Star init authContent json data.
[INFO 2015-05-06T16:22:22.250] Init authContent json data complete.
[INFO 2015-05-06T16:22:22.251] Star init userContent json data.
[INFO 2015-05-06T16:22:22.253] Init userContent json data complete.
[INFO 2015-05-06T16:22:22.253] Star init navigationContent json data.
[INFO 2015-05-06T16:22:22.255] Init navigationContent json data complete.
[INFO 2015-05-06T16:22:22.256] Star init groupContent json data.
[INFO 2015-05-06T16:22:22.258] Init groupContent json data complete.
[INFO 2015-05-06T16:25:20.103] Star init authContent json data.
[INFO 2015-05-06T16:25:20.334] Init authContent json data complete.
[INFO 2015-05-06T16:25:20.334] Star init userContent json data.
[INFO 2015-05-06T16:25:20.336] Init userContent json data complete.
[INFO 2015-05-06T16:25:20.337] Star init navigationContent json data.
[INFO 2015-05-06T16:25:20.339] Init navigationContent json data complete.
[INFO 2015-05-06T16:25:20.339] Star init groupContent json data.
[INFO 2015-05-06T16:25:20.341] Init groupContent json data complete.
[INFO 2015-05-06T16:49:33.521] Star init authContent json data.
[INFO 2015-05-06T16:49:33.772] Init authContent json data complete.
[INFO 2015-05-06T16:49:33.772] Star init userContent json data.
[INFO 2015-05-06T16:49:33.774] Init userContent json data complete.
[INFO 2015-05-06T16:49:33.775] Star init navigationContent json data.
[INFO 2015-05-06T16:49:33.778] Init navigationContent json data complete.
[INFO 2015-05-06T16:49:33.778] Star init groupContent json data.
[INFO 2015-05-06T16:49:33.780] Init groupContent json data complete.
[INFO 2015-05-06T16:55:34.733] Star init authContent json data.
[INFO 2015-05-06T16:55:35.005] Init authContent json data complete.
[INFO 2015-05-06T16:55:35.005] Star init userContent json data.
[INFO 2015-05-06T16:55:35.007] Init userContent json data complete.
[INFO 2015-05-06T16:55:35.008] Star init navigationContent json data.
[INFO 2015-05-06T16:55:35.010] Init navigationContent json data complete.
[INFO 2015-05-06T16:55:35.011] Star init groupContent json data.
[INFO 2015-05-06T16:55:35.013] Init groupContent json data complete.
[INFO 2015-05-06T17:20:03.703] Star init authContent json data.
[INFO 2015-05-06T17:20:03.928] Init authContent json data complete.
[INFO 2015-05-06T17:20:03.928] Star init userContent json data.
[INFO 2015-05-06T17:20:03.930] Init userContent json data complete.
[INFO 2015-05-06T17:20:03.931] Star init navigationContent json data.
[INFO 2015-05-06T17:20:03.934] Init navigationContent json data complete.
[INFO 2015-05-06T17:20:03.934] Star init groupContent json data.
[INFO 2015-05-06T17:20:03.936] Init groupContent json data complete.
[INFO 2015-05-06T17:37:47.854] Star init authContent json data.
[INFO 2015-05-06T17:37:48.094] Init authContent json data complete.
[INFO 2015-05-06T17:37:48.094] Star init userContent json data.
[INFO 2015-05-06T17:37:48.097] Init userContent json data complete.
[INFO 2015-05-06T17:37:48.097] Star init navigationContent json data.
[INFO 2015-05-06T17:37:48.100] Init navigationContent json data complete.
[INFO 2015-05-06T17:37:48.100] Star init groupContent json data.
[INFO 2015-05-06T17:37:48.102] Init groupContent json data complete.
[INFO 2015-05-06T17:49:32.306] Star init authContent json data.
[INFO 2015-05-06T17:49:32.534] Init authContent json data complete.
[INFO 2015-05-06T17:49:32.534] Star init userContent json data.
[INFO 2015-05-06T17:49:32.536] Init userContent json data complete.
[INFO 2015-05-06T17:49:32.536] Star init navigationContent json data.
[INFO 2015-05-06T17:49:32.538] Init navigationContent json data complete.
[INFO 2015-05-06T17:49:32.538] Star init groupContent json data.
[INFO 2015-05-06T17:49:32.539] Init groupContent json data complete.
[INFO 2015-05-06T20:08:13.219] Star init authContent json data.
[INFO 2015-05-06T20:08:13.445] Init authContent json data complete.
[INFO 2015-05-06T20:08:13.445] Star init userContent json data.
[INFO 2015-05-06T20:08:13.445] Init userContent json data complete.
[INFO 2015-05-06T20:08:13.445] Star init navigationContent json data.
[INFO 2015-05-06T20:08:13.445] Init navigationContent json data complete.
[INFO 2015-05-06T20:08:13.445] Star init groupContent json data.
[INFO 2015-05-06T20:08:13.445] Init groupContent json data complete.
