[INFO 2015-05-18T12:23:41.708] Star init authContent json data.
[INFO 2015-05-18T12:23:41.920] Init authContent json data complete.
[INFO 2015-05-18T12:23:41.920] Star init userContent json data.
[INFO 2015-05-18T12:23:41.922] Init userContent json data complete.
[INFO 2015-05-18T12:23:41.922] Star init navigationContent json data.
[INFO 2015-05-18T12:23:41.939] Init navigationContent json data complete.
[INFO 2015-05-18T12:23:41.939] Star init groupContent json data.
[INFO 2015-05-18T12:23:41.940] Init groupContent json data complete.
[INFO 2015-05-18T15:57:53.137] Star init authContent json data.
[INFO 2015-05-18T15:57:53.338] Init authContent json data complete.
[INFO 2015-05-18T15:57:53.338] Star init userContent json data.
[INFO 2015-05-18T15:57:53.338] Init userContent json data complete.
[INFO 2015-05-18T15:57:53.338] Star init navigationContent json data.
[INFO 2015-05-18T15:57:53.348] Init navigationContent json data complete.
[INFO 2015-05-18T15:57:53.348] Star init groupContent json data.
[INFO 2015-05-18T15:57:53.348] Init groupContent json data complete.
[INFO 2015-05-18T16:51:05.344] Star init authContent json data.
[INFO 2015-05-18T16:51:05.551] Init authContent json data complete.
[INFO 2015-05-18T16:51:05.551] Star init userContent json data.
[INFO 2015-05-18T16:51:05.553] Init userContent json data complete.
[INFO 2015-05-18T16:51:05.553] Star init navigationContent json data.
[INFO 2015-05-18T16:51:05.555] Init navigationContent json data complete.
[INFO 2015-05-18T16:51:05.555] Star init groupContent json data.
[INFO 2015-05-18T16:51:05.557] Init groupContent json data complete.
