[INFO 2015-05-05T09:06:07.724] Star init authContent json data.
[INFO 2015-05-05T09:06:07.932] Init authContent json data complete.
[INFO 2015-05-05T09:06:07.932] Star init userContent json data.
[INFO 2015-05-05T09:06:07.934] Init userContent json data complete.
[INFO 2015-05-05T09:06:07.934] Star init navigationContent json data.
[INFO 2015-05-05T09:06:07.936] Init navigationContent json data complete.
[INFO 2015-05-05T09:06:07.936] Star init groupContent json data.
[INFO 2015-05-05T09:06:07.938] Init groupContent json data complete.
[INFO 2015-05-05T11:43:42.188] Star init authContent json data.
[INFO 2015-05-05T11:43:42.402] Init authContent json data complete.
[INFO 2015-05-05T11:43:42.402] Star init userContent json data.
[INFO 2015-05-05T11:43:42.404] Init userContent json data complete.
[INFO 2015-05-05T11:43:42.405] Star init navigationContent json data.
[INFO 2015-05-05T11:43:42.407] Init navigationContent json data complete.
[INFO 2015-05-05T11:43:42.407] Star init groupContent json data.
[INFO 2015-05-05T11:43:42.409] Init groupContent json data complete.
[ERROR 2015-05-05T11:50:00.289] Field 'id' doesn't have a default value
[INFO 2015-05-05T14:17:09.469] Star init authContent json data.
[INFO 2015-05-05T14:17:09.685] Init authContent json data complete.
[INFO 2015-05-05T14:17:09.685] Star init userContent json data.
[INFO 2015-05-05T14:17:09.687] Init userContent json data complete.
[INFO 2015-05-05T14:17:09.688] Star init navigationContent json data.
[INFO 2015-05-05T14:17:09.690] Init navigationContent json data complete.
[INFO 2015-05-05T14:17:09.690] Star init groupContent json data.
[INFO 2015-05-05T14:17:09.692] Init groupContent json data complete.
[INFO 2015-05-05T19:46:27.038] Star init authContent json data.
[INFO 2015-05-05T19:46:27.240] Init authContent json data complete.
[INFO 2015-05-05T19:46:27.241] Star init userContent json data.
[INFO 2015-05-05T19:46:27.243] Init userContent json data complete.
[INFO 2015-05-05T19:46:27.243] Star init navigationContent json data.
[INFO 2015-05-05T19:46:27.245] Init navigationContent json data complete.
[INFO 2015-05-05T19:46:27.245] Star init groupContent json data.
[INFO 2015-05-05T19:46:27.247] Init groupContent json data complete.
[INFO 2015-05-05T20:31:56.414] Star init authContent json data.
[INFO 2015-05-05T20:31:56.618] Init authContent json data complete.
[INFO 2015-05-05T20:31:56.618] Star init userContent json data.
[INFO 2015-05-05T20:31:56.620] Init userContent json data complete.
[INFO 2015-05-05T20:31:56.620] Star init navigationContent json data.
[INFO 2015-05-05T20:31:56.622] Init navigationContent json data complete.
[INFO 2015-05-05T20:31:56.622] Star init groupContent json data.
[INFO 2015-05-05T20:31:56.624] Init groupContent json data complete.
