[INFO 2015-04-24T10:00:20.450] Star init authContent json data.
[INFO 2015-04-24T10:00:20.658] Init authContent json data complete.
[INFO 2015-04-24T10:00:20.658] Star init userContent json data.
[INFO 2015-04-24T10:00:20.660] Init userContent json data complete.
[INFO 2015-04-24T10:00:20.660] Star init navigationContent json data.
[INFO 2015-04-24T10:00:20.662] Init navigationContent json data complete.
[INFO 2015-04-24T10:00:20.662] Star init groupContent json data.
[INFO 2015-04-24T10:00:20.664] Init groupContent json data complete.
[INFO 2015-04-24T10:09:18.501] Star init authContent json data.
[INFO 2015-04-24T10:09:18.727] Init authContent json data complete.
[INFO 2015-04-24T10:09:18.727] Star init userContent json data.
[INFO 2015-04-24T10:09:18.729] Init userContent json data complete.
[INFO 2015-04-24T10:09:18.729] Star init navigationContent json data.
[INFO 2015-04-24T10:09:18.731] Init navigationContent json data complete.
[INFO 2015-04-24T10:09:18.732] Star init groupContent json data.
[INFO 2015-04-24T10:09:18.734] Init groupContent json data complete.
[INFO 2015-04-24T16:51:04.228] Star init authContent json data.
[INFO 2015-04-24T16:51:04.441] Init authContent json data complete.
[INFO 2015-04-24T16:51:04.441] Star init userContent json data.
[INFO 2015-04-24T16:51:04.444] Init userContent json data complete.
[INFO 2015-04-24T16:51:04.444] Star init navigationContent json data.
[INFO 2015-04-24T16:51:04.446] Init navigationContent json data complete.
[INFO 2015-04-24T16:51:04.446] Star init groupContent json data.
[INFO 2015-04-24T16:51:04.448] Init groupContent json data complete.
