[INFO 2015-06-08T09:12:20.547] Star init authContent json data.
[INFO 2015-06-08T09:12:20.743] Init authContent json data complete.
[INFO 2015-06-08T09:12:20.743] Star init userContent json data.
[INFO 2015-06-08T09:12:20.745] Init userContent json data complete.
[INFO 2015-06-08T09:12:20.745] Star init navigationContent json data.
[INFO 2015-06-08T09:12:20.761] Init navigationContent json data complete.
[INFO 2015-06-08T09:12:20.761] Star init groupContent json data.
[INFO 2015-06-08T09:12:20.763] Init groupContent json data complete.
[INFO 2015-06-08T10:01:56.160] Star init authContent json data.
[INFO 2015-06-08T10:01:56.353] Init authContent json data complete.
[INFO 2015-06-08T10:01:56.353] Star init userContent json data.
[INFO 2015-06-08T10:01:56.362] Init userContent json data complete.
[INFO 2015-06-08T10:01:56.362] Star init navigationContent json data.
[INFO 2015-06-08T10:01:56.364] Init navigationContent json data complete.
[INFO 2015-06-08T10:01:56.364] Star init groupContent json data.
[INFO 2015-06-08T10:01:56.366] Init groupContent json data complete.
[INFO 2015-06-08T10:55:37.759] Star init authContent json data.
[INFO 2015-06-08T10:55:37.954] Init authContent json data complete.
[INFO 2015-06-08T10:55:37.954] Star init userContent json data.
[INFO 2015-06-08T10:55:37.956] Init userContent json data complete.
[INFO 2015-06-08T10:55:37.956] Star init navigationContent json data.
[INFO 2015-06-08T10:55:37.958] Init navigationContent json data complete.
[INFO 2015-06-08T10:55:37.958] Star init groupContent json data.
[INFO 2015-06-08T10:55:37.960] Init groupContent json data complete.
[INFO 2015-06-08T10:57:53.327] Star init authContent json data.
[INFO 2015-06-08T10:57:53.518] Init authContent json data complete.
[INFO 2015-06-08T10:57:53.518] Star init userContent json data.
[INFO 2015-06-08T10:57:53.520] Init userContent json data complete.
[INFO 2015-06-08T10:57:53.520] Star init navigationContent json data.
[INFO 2015-06-08T10:57:53.522] Init navigationContent json data complete.
[INFO 2015-06-08T10:57:53.523] Star init groupContent json data.
[INFO 2015-06-08T10:57:53.524] Init groupContent json data complete.
[INFO 2015-06-08T11:02:20.021] Star init authContent json data.
[INFO 2015-06-08T11:02:20.212] Init authContent json data complete.
[INFO 2015-06-08T11:02:20.212] Star init userContent json data.
[INFO 2015-06-08T11:02:20.214] Init userContent json data complete.
[INFO 2015-06-08T11:02:20.214] Star init navigationContent json data.
[INFO 2015-06-08T11:02:20.216] Init navigationContent json data complete.
[INFO 2015-06-08T11:02:20.216] Star init groupContent json data.
[INFO 2015-06-08T11:02:20.218] Init groupContent json data complete.
[INFO 2015-06-08T11:04:43.084] Star init authContent json data.
[INFO 2015-06-08T11:04:43.279] Init authContent json data complete.
[INFO 2015-06-08T11:04:43.280] Star init userContent json data.
[INFO 2015-06-08T11:04:43.281] Init userContent json data complete.
[INFO 2015-06-08T11:04:43.281] Star init navigationContent json data.
[INFO 2015-06-08T11:04:43.284] Init navigationContent json data complete.
[INFO 2015-06-08T11:04:43.284] Star init groupContent json data.
[INFO 2015-06-08T11:04:43.285] Init groupContent json data complete.
[INFO 2015-06-08T15:45:18.619] Star init authContent json data.
[INFO 2015-06-08T15:45:18.821] Init authContent json data complete.
[INFO 2015-06-08T15:45:18.821] Star init userContent json data.
[INFO 2015-06-08T15:45:18.823] Init userContent json data complete.
[INFO 2015-06-08T15:45:18.823] Star init navigationContent json data.
[INFO 2015-06-08T15:45:18.832] Init navigationContent json data complete.
[INFO 2015-06-08T15:45:18.832] Star init groupContent json data.
[INFO 2015-06-08T15:45:18.834] Init groupContent json data complete.
[INFO 2015-06-08T18:27:26.875] Star init authContent json data.
[INFO 2015-06-08T18:27:27.082] Init authContent json data complete.
[INFO 2015-06-08T18:27:27.082] Star init userContent json data.
[INFO 2015-06-08T18:27:27.084] Init userContent json data complete.
[INFO 2015-06-08T18:27:27.084] Star init navigationContent json data.
[INFO 2015-06-08T18:27:27.089] Init navigationContent json data complete.
[INFO 2015-06-08T18:27:27.089] Star init groupContent json data.
[INFO 2015-06-08T18:27:27.091] Init groupContent json data complete.
