[INFO 2015-08-26T09:09:53.864] Star init authContent json data.
[INFO 2015-08-26T09:09:54.050] Init authContent json data complete.
[INFO 2015-08-26T09:09:54.050] Star init userContent json data.
[INFO 2015-08-26T09:09:54.051] Init userContent json data complete.
[INFO 2015-08-26T09:09:54.052] Star init navigationContent json data.
[INFO 2015-08-26T09:09:54.073] Init navigationContent json data complete.
[INFO 2015-08-26T09:09:54.073] Star init groupContent json data.
[INFO 2015-08-26T09:09:54.074] Init groupContent json data complete.
[INFO 2015-08-26T12:05:52.628] Star init authContent json data.
[INFO 2015-08-26T12:05:52.814] Init authContent json data complete.
[INFO 2015-08-26T12:05:52.815] Star init userContent json data.
[INFO 2015-08-26T12:05:52.816] Init userContent json data complete.
[INFO 2015-08-26T12:05:52.817] Star init navigationContent json data.
[INFO 2015-08-26T12:05:52.825] Init navigationContent json data complete.
[INFO 2015-08-26T12:05:52.825] Star init groupContent json data.
[INFO 2015-08-26T12:05:52.827] Init groupContent json data complete.
[INFO 2015-08-26T12:09:05.243] Star init authContent json data.
[INFO 2015-08-26T12:09:05.561] Init authContent json data complete.
[INFO 2015-08-26T12:09:05.561] Star init userContent json data.
[INFO 2015-08-26T12:09:05.563] Init userContent json data complete.
[INFO 2015-08-26T12:09:05.563] Star init navigationContent json data.
[INFO 2015-08-26T12:09:05.565] Init navigationContent json data complete.
[INFO 2015-08-26T12:09:05.565] Star init groupContent json data.
[INFO 2015-08-26T12:09:05.566] Init groupContent json data complete.
