[INFO 2015-02-11T09:20:02.079] Star init authContent json data.
[INFO 2015-02-11T09:20:02.266] Init authContent json data complete.
[INFO 2015-02-11T09:20:02.266] Star init userContent json data.
[INFO 2015-02-11T09:20:02.266] Init userContent json data complete.
[INFO 2015-02-11T09:20:02.266] Star init navigationContent json data.
[INFO 2015-02-11T09:20:02.266] Init navigationContent json data complete.
[INFO 2015-02-11T09:20:02.266] Star init groupContent json data.
[INFO 2015-02-11T09:20:02.266] Init groupContent json data complete.
[INFO 2015-02-11T11:16:34.778] Star init authContent json data.
[INFO 2015-02-11T11:16:34.981] Init authContent json data complete.
[INFO 2015-02-11T11:16:34.981] Star init userContent json data.
[INFO 2015-02-11T11:16:34.981] Init userContent json data complete.
[INFO 2015-02-11T11:16:34.981] Star init navigationContent json data.
[INFO 2015-02-11T11:16:34.981] Init navigationContent json data complete.
[INFO 2015-02-11T11:16:34.981] Star init groupContent json data.
[INFO 2015-02-11T11:16:34.981] Init groupContent json data complete.
[INFO 2015-02-11T15:04:54.165] Star init authContent json data.
[INFO 2015-02-11T15:04:54.360] Init authContent json data complete.
[INFO 2015-02-11T15:04:54.360] Star init userContent json data.
[INFO 2015-02-11T15:04:54.362] Init userContent json data complete.
[INFO 2015-02-11T15:04:54.363] Star init navigationContent json data.
[INFO 2015-02-11T15:04:54.364] Init navigationContent json data complete.
[INFO 2015-02-11T15:04:54.365] Star init groupContent json data.
[INFO 2015-02-11T15:04:54.366] Init groupContent json data complete.
[INFO 2015-02-11T15:24:58.800] Star init authContent json data.
[INFO 2015-02-11T15:24:59.014] Init authContent json data complete.
[INFO 2015-02-11T15:24:59.015] Star init userContent json data.
[INFO 2015-02-11T15:24:59.016] Init userContent json data complete.
[INFO 2015-02-11T15:24:59.017] Star init navigationContent json data.
[INFO 2015-02-11T15:24:59.019] Init navigationContent json data complete.
[INFO 2015-02-11T15:24:59.019] Star init groupContent json data.
[INFO 2015-02-11T15:24:59.021] Init groupContent json data complete.
[INFO 2015-02-11T16:40:04.855] Star init authContent json data.
[INFO 2015-02-11T16:40:05.069] Init authContent json data complete.
[INFO 2015-02-11T16:40:05.070] Star init userContent json data.
[INFO 2015-02-11T16:40:05.071] Init userContent json data complete.
[INFO 2015-02-11T16:40:05.072] Star init navigationContent json data.
[INFO 2015-02-11T16:40:05.073] Init navigationContent json data complete.
[INFO 2015-02-11T16:40:05.073] Star init groupContent json data.
[INFO 2015-02-11T16:40:05.075] Init groupContent json data complete.
[INFO 2015-02-11T17:09:59.211] Star init authContent json data.
[INFO 2015-02-11T17:09:59.414] Init authContent json data complete.
[INFO 2015-02-11T17:09:59.414] Star init userContent json data.
[INFO 2015-02-11T17:09:59.416] Init userContent json data complete.
[INFO 2015-02-11T17:09:59.416] Star init navigationContent json data.
[INFO 2015-02-11T17:09:59.418] Init navigationContent json data complete.
[INFO 2015-02-11T17:09:59.418] Star init groupContent json data.
[INFO 2015-02-11T17:09:59.419] Init groupContent json data complete.
[INFO 2015-02-11T17:16:07.550] Star init authContent json data.
[INFO 2015-02-11T17:16:07.766] Init authContent json data complete.
[INFO 2015-02-11T17:16:07.766] Star init userContent json data.
[INFO 2015-02-11T17:16:07.768] Init userContent json data complete.
[INFO 2015-02-11T17:16:07.768] Star init navigationContent json data.
[INFO 2015-02-11T17:16:07.770] Init navigationContent json data complete.
[INFO 2015-02-11T17:16:07.770] Star init groupContent json data.
[INFO 2015-02-11T17:16:07.771] Init groupContent json data complete.
[INFO 2015-02-11T17:36:03.881] Star init authContent json data.
[INFO 2015-02-11T17:36:04.088] Init authContent json data complete.
[INFO 2015-02-11T17:36:04.088] Star init userContent json data.
[INFO 2015-02-11T17:36:04.090] Init userContent json data complete.
[INFO 2015-02-11T17:36:04.090] Star init navigationContent json data.
[INFO 2015-02-11T17:36:04.092] Init navigationContent json data complete.
[INFO 2015-02-11T17:36:04.092] Star init groupContent json data.
[INFO 2015-02-11T17:36:04.094] Init groupContent json data complete.
[INFO 2015-02-11T18:13:16.057] Star init authContent json data.
[INFO 2015-02-11T18:13:16.263] Init authContent json data complete.
[INFO 2015-02-11T18:13:16.263] Star init userContent json data.
[INFO 2015-02-11T18:13:16.265] Init userContent json data complete.
[INFO 2015-02-11T18:13:16.265] Star init navigationContent json data.
[INFO 2015-02-11T18:13:16.267] Init navigationContent json data complete.
[INFO 2015-02-11T18:13:16.267] Star init groupContent json data.
[INFO 2015-02-11T18:13:16.269] Init groupContent json data complete.
