[INFO 2015-08-19T09:18:39.113] Star init authContent json data.
[INFO 2015-08-19T09:18:39.305] Init authContent json data complete.
[INFO 2015-08-19T09:18:39.305] Star init userContent json data.
[INFO 2015-08-19T09:18:39.305] Init userContent json data complete.
[INFO 2015-08-19T09:18:39.305] Star init navigationContent json data.
[INFO 2015-08-19T09:18:39.321] Init navigationContent json data complete.
[INFO 2015-08-19T09:18:39.321] Star init groupContent json data.
[INFO 2015-08-19T09:18:39.321] Init groupContent json data complete.
[INFO 2015-08-19T11:09:28.841] Star init authContent json data.
[INFO 2015-08-19T11:09:29.036] Init authContent json data complete.
[INFO 2015-08-19T11:09:29.036] Star init userContent json data.
[INFO 2015-08-19T11:09:29.037] Init userContent json data complete.
[INFO 2015-08-19T11:09:29.037] Star init navigationContent json data.
[INFO 2015-08-19T11:09:29.048] Init navigationContent json data complete.
[INFO 2015-08-19T11:09:29.048] Star init groupContent json data.
[INFO 2015-08-19T11:09:29.049] Init groupContent json data complete.
[INFO 2015-08-19T11:59:13.511] Star init authContent json data.
[INFO 2015-08-19T11:59:13.705] Init authContent json data complete.
[INFO 2015-08-19T11:59:13.705] Star init userContent json data.
[INFO 2015-08-19T11:59:13.705] Init userContent json data complete.
[INFO 2015-08-19T11:59:13.705] Star init navigationContent json data.
[INFO 2015-08-19T11:59:13.705] Init navigationContent json data complete.
[INFO 2015-08-19T11:59:13.705] Star init groupContent json data.
[INFO 2015-08-19T11:59:13.705] Init groupContent json data complete.
[INFO 2015-08-19T12:15:01.996] Star init authContent json data.
[INFO 2015-08-19T12:15:02.187] Init authContent json data complete.
[INFO 2015-08-19T12:15:02.187] Star init userContent json data.
[INFO 2015-08-19T12:15:02.187] Init userContent json data complete.
[INFO 2015-08-19T12:15:02.187] Star init navigationContent json data.
[INFO 2015-08-19T12:15:02.197] Init navigationContent json data complete.
[INFO 2015-08-19T12:15:02.197] Star init groupContent json data.
[INFO 2015-08-19T12:15:02.199] Init groupContent json data complete.
[INFO 2015-08-19T16:49:38.885] Star init authContent json data.
[INFO 2015-08-19T16:49:39.083] Init authContent json data complete.
[INFO 2015-08-19T16:49:39.083] Star init userContent json data.
[INFO 2015-08-19T16:49:39.085] Init userContent json data complete.
[INFO 2015-08-19T16:49:39.085] Star init navigationContent json data.
[INFO 2015-08-19T16:49:39.097] Init navigationContent json data complete.
[INFO 2015-08-19T16:49:39.097] Star init groupContent json data.
[INFO 2015-08-19T16:49:39.099] Init groupContent json data complete.
[INFO 2015-08-19T17:02:23.089] Star init authContent json data.
[INFO 2015-08-19T17:02:23.280] Init authContent json data complete.
[INFO 2015-08-19T17:02:23.280] Star init userContent json data.
[INFO 2015-08-19T17:02:23.282] Init userContent json data complete.
[INFO 2015-08-19T17:02:23.282] Star init navigationContent json data.
[INFO 2015-08-19T17:02:23.284] Init navigationContent json data complete.
[INFO 2015-08-19T17:02:23.285] Star init groupContent json data.
[INFO 2015-08-19T17:02:23.286] Init groupContent json data complete.
