[INFO 2015-04-02T08:58:03.344] Star init authContent json data.
[INFO 2015-04-02T08:58:03.546] Init authContent json data complete.
[INFO 2015-04-02T08:58:03.546] Star init userContent json data.
[INFO 2015-04-02T08:58:03.546] Init userContent json data complete.
[INFO 2015-04-02T08:58:03.546] Star init navigationContent json data.
[INFO 2015-04-02T08:58:03.546] Init navigationContent json data complete.
[INFO 2015-04-02T08:58:03.546] Star init groupContent json data.
[INFO 2015-04-02T08:58:03.546] Init groupContent json data complete.
[INFO 2015-04-02T10:52:26.473] Star init authContent json data.
[INFO 2015-04-02T10:52:26.700] Init authContent json data complete.
[INFO 2015-04-02T10:52:26.701] Star init userContent json data.
[INFO 2015-04-02T10:52:26.703] Init userContent json data complete.
[INFO 2015-04-02T10:52:26.703] Star init navigationContent json data.
[INFO 2015-04-02T10:52:26.705] Init navigationContent json data complete.
[INFO 2015-04-02T10:52:26.706] Star init groupContent json data.
[INFO 2015-04-02T10:52:26.708] Init groupContent json data complete.
[INFO 2015-04-02T11:28:45.778] Star init authContent json data.
[INFO 2015-04-02T11:28:45.995] Init authContent json data complete.
[INFO 2015-04-02T11:28:45.996] Star init userContent json data.
[INFO 2015-04-02T11:28:45.997] Init userContent json data complete.
[INFO 2015-04-02T11:28:45.998] Star init navigationContent json data.
[INFO 2015-04-02T11:28:45.999] Init navigationContent json data complete.
[INFO 2015-04-02T11:28:45.999] Star init groupContent json data.
[INFO 2015-04-02T11:28:46.001] Init groupContent json data complete.
[INFO 2015-04-02T13:46:10.988] Star init authContent json data.
[INFO 2015-04-02T13:46:11.175] Init authContent json data complete.
[INFO 2015-04-02T13:46:11.175] Star init userContent json data.
[INFO 2015-04-02T13:46:11.175] Init userContent json data complete.
[INFO 2015-04-02T13:46:11.175] Star init navigationContent json data.
[INFO 2015-04-02T13:46:11.175] Init navigationContent json data complete.
[INFO 2015-04-02T13:46:11.175] Star init groupContent json data.
[INFO 2015-04-02T13:46:11.191] Init groupContent json data complete.
