[INFO 2015-06-01T10:12:52.540] Star init authContent json data.
[INFO 2015-06-01T10:12:52.736] Init authContent json data complete.
[INFO 2015-06-01T10:12:52.736] Star init userContent json data.
[INFO 2015-06-01T10:12:52.738] Init userContent json data complete.
[INFO 2015-06-01T10:12:52.738] Star init navigationContent json data.
[INFO 2015-06-01T10:12:52.752] Init navigationContent json data complete.
[INFO 2015-06-01T10:12:52.752] Star init groupContent json data.
[INFO 2015-06-01T10:12:52.754] Init groupContent json data complete.
[INFO 2015-06-01T12:00:18.198] Star init authContent json data.
[INFO 2015-06-01T12:00:18.392] Init authContent json data complete.
[INFO 2015-06-01T12:00:18.393] Star init userContent json data.
[INFO 2015-06-01T12:00:18.394] Init userContent json data complete.
[INFO 2015-06-01T12:00:18.395] Star init navigationContent json data.
[INFO 2015-06-01T12:00:18.404] Init navigationContent json data complete.
[INFO 2015-06-01T12:00:18.405] Star init groupContent json data.
[INFO 2015-06-01T12:00:18.407] Init groupContent json data complete.
[INFO 2015-06-01T12:08:35.865] Star init authContent json data.
[INFO 2015-06-01T12:08:36.056] Init authContent json data complete.
[INFO 2015-06-01T12:08:36.056] Star init userContent json data.
[INFO 2015-06-01T12:08:36.058] Init userContent json data complete.
[INFO 2015-06-01T12:08:36.058] Star init navigationContent json data.
[INFO 2015-06-01T12:08:36.060] Init navigationContent json data complete.
[INFO 2015-06-01T12:08:36.060] Star init groupContent json data.
[INFO 2015-06-01T12:08:36.062] Init groupContent json data complete.
[INFO 2015-06-01T12:20:25.376] Star init authContent json data.
[INFO 2015-06-01T12:20:25.573] Init authContent json data complete.
[INFO 2015-06-01T12:20:25.573] Star init userContent json data.
[INFO 2015-06-01T12:20:25.575] Init userContent json data complete.
[INFO 2015-06-01T12:20:25.575] Star init navigationContent json data.
[INFO 2015-06-01T12:20:25.577] Init navigationContent json data complete.
[INFO 2015-06-01T12:20:25.577] Star init groupContent json data.
[INFO 2015-06-01T12:20:25.579] Init groupContent json data complete.
[INFO 2015-06-01T12:21:49.425] Star init authContent json data.
[INFO 2015-06-01T12:21:49.622] Init authContent json data complete.
[INFO 2015-06-01T12:21:49.622] Star init userContent json data.
[INFO 2015-06-01T12:21:49.624] Init userContent json data complete.
[INFO 2015-06-01T12:21:49.624] Star init navigationContent json data.
[INFO 2015-06-01T12:21:49.628] Init navigationContent json data complete.
[INFO 2015-06-01T12:21:49.628] Star init groupContent json data.
[INFO 2015-06-01T12:21:49.630] Init groupContent json data complete.
[INFO 2015-06-01T12:27:18.362] Star init authContent json data.
[INFO 2015-06-01T12:27:18.561] Init authContent json data complete.
[INFO 2015-06-01T12:27:18.561] Star init userContent json data.
[INFO 2015-06-01T12:27:18.563] Init userContent json data complete.
[INFO 2015-06-01T12:27:18.563] Star init navigationContent json data.
[INFO 2015-06-01T12:27:18.565] Init navigationContent json data complete.
[INFO 2015-06-01T12:27:18.565] Star init groupContent json data.
[INFO 2015-06-01T12:27:18.566] Init groupContent json data complete.
