[INFO 2015-09-07T12:07:01.997] Star init authContent json data.
[INFO 2015-09-07T12:07:02.202] Init authContent json data complete.
[INFO 2015-09-07T12:07:02.202] Star init userContent json data.
[INFO 2015-09-07T12:07:02.203] Init userContent json data complete.
[INFO 2015-09-07T12:07:02.204] Star init navigationContent json data.
[INFO 2015-09-07T12:07:02.220] Init navigationContent json data complete.
[INFO 2015-09-07T12:07:02.220] Star init groupContent json data.
[INFO 2015-09-07T12:07:02.222] Init groupContent json data complete.
[INFO 2015-09-07T12:09:54.428] Star init authContent json data.
[INFO 2015-09-07T12:09:54.625] Init authContent json data complete.
[INFO 2015-09-07T12:09:54.625] Star init userContent json data.
[INFO 2015-09-07T12:09:54.628] Init userContent json data complete.
[INFO 2015-09-07T12:09:54.628] Star init navigationContent json data.
[INFO 2015-09-07T12:09:54.630] Init navigationContent json data complete.
[INFO 2015-09-07T12:09:54.630] Star init groupContent json data.
[INFO 2015-09-07T12:09:54.631] Init groupContent json data complete.
[INFO 2015-09-07T12:41:02.852] Star init authContent json data.
[INFO 2015-09-07T12:41:03.037] Init authContent json data complete.
[INFO 2015-09-07T12:41:03.037] Star init userContent json data.
[INFO 2015-09-07T12:41:03.039] Init userContent json data complete.
[INFO 2015-09-07T12:41:03.039] Star init navigationContent json data.
[INFO 2015-09-07T12:41:03.041] Init navigationContent json data complete.
[INFO 2015-09-07T12:41:03.041] Star init groupContent json data.
[INFO 2015-09-07T12:41:03.042] Init groupContent json data complete.
[INFO 2015-09-07T12:41:52.854] Star init authContent json data.
[INFO 2015-09-07T12:41:53.045] Init authContent json data complete.
[INFO 2015-09-07T12:41:53.046] Star init userContent json data.
[INFO 2015-09-07T12:41:53.047] Init userContent json data complete.
[INFO 2015-09-07T12:41:53.047] Star init navigationContent json data.
[INFO 2015-09-07T12:41:53.049] Init navigationContent json data complete.
[INFO 2015-09-07T12:41:53.050] Star init groupContent json data.
[INFO 2015-09-07T12:41:53.051] Init groupContent json data complete.
[INFO 2015-09-07T13:33:43.557] Star init authContent json data.
[INFO 2015-09-07T13:33:43.756] Init authContent json data complete.
[INFO 2015-09-07T13:33:43.756] Star init userContent json data.
[INFO 2015-09-07T13:33:43.757] Init userContent json data complete.
[INFO 2015-09-07T13:33:43.757] Star init navigationContent json data.
[INFO 2015-09-07T13:33:43.759] Init navigationContent json data complete.
[INFO 2015-09-07T13:33:43.759] Star init groupContent json data.
[INFO 2015-09-07T13:33:43.761] Init groupContent json data complete.
[INFO 2015-09-07T13:36:40.995] Star init authContent json data.
[INFO 2015-09-07T13:36:41.219] Init authContent json data complete.
[INFO 2015-09-07T13:36:41.219] Star init userContent json data.
[INFO 2015-09-07T13:36:41.221] Init userContent json data complete.
[INFO 2015-09-07T13:36:41.221] Star init navigationContent json data.
[INFO 2015-09-07T13:36:41.223] Init navigationContent json data complete.
[INFO 2015-09-07T13:36:41.223] Star init groupContent json data.
[INFO 2015-09-07T13:36:41.225] Init groupContent json data complete.
[INFO 2015-09-07T15:06:24.589] Star init authContent json data.
[INFO 2015-09-07T15:06:24.799] Init authContent json data complete.
[INFO 2015-09-07T15:06:24.799] Star init userContent json data.
[INFO 2015-09-07T15:06:24.801] Init userContent json data complete.
[INFO 2015-09-07T15:06:24.801] Star init navigationContent json data.
[INFO 2015-09-07T15:06:24.827] Init navigationContent json data complete.
[INFO 2015-09-07T15:06:24.827] Star init groupContent json data.
[INFO 2015-09-07T15:06:24.829] Init groupContent json data complete.
[INFO 2015-09-07T15:08:27.524] Star init authContent json data.
[INFO 2015-09-07T15:08:27.715] Init authContent json data complete.
[INFO 2015-09-07T15:08:27.715] Star init userContent json data.
[INFO 2015-09-07T15:08:27.717] Init userContent json data complete.
[INFO 2015-09-07T15:08:27.717] Star init navigationContent json data.
[INFO 2015-09-07T15:08:27.721] Init navigationContent json data complete.
[INFO 2015-09-07T15:08:27.721] Star init groupContent json data.
[INFO 2015-09-07T15:08:27.723] Init groupContent json data complete.
[INFO 2015-09-07T15:15:04.759] Star init authContent json data.
[INFO 2015-09-07T15:15:04.956] Init authContent json data complete.
[INFO 2015-09-07T15:15:04.956] Star init userContent json data.
[INFO 2015-09-07T15:15:04.957] Init userContent json data complete.
[INFO 2015-09-07T15:15:04.958] Star init navigationContent json data.
[INFO 2015-09-07T15:15:04.960] Init navigationContent json data complete.
[INFO 2015-09-07T15:15:04.960] Star init groupContent json data.
[INFO 2015-09-07T15:15:04.961] Init groupContent json data complete.
[INFO 2015-09-07T16:01:22.805] Star init authContent json data.
[INFO 2015-09-07T16:01:23.001] Init authContent json data complete.
[INFO 2015-09-07T16:01:23.001] Star init userContent json data.
[INFO 2015-09-07T16:01:23.003] Init userContent json data complete.
[INFO 2015-09-07T16:01:23.003] Star init navigationContent json data.
[INFO 2015-09-07T16:01:23.006] Init navigationContent json data complete.
[INFO 2015-09-07T16:01:23.006] Star init groupContent json data.
[INFO 2015-09-07T16:01:23.007] Init groupContent json data complete.
