[INFO 2015-07-28T09:09:38.697] Star init authContent json data.
[INFO 2015-07-28T09:09:38.917] Init authContent json data complete.
[INFO 2015-07-28T09:09:38.917] Star init userContent json data.
[INFO 2015-07-28T09:09:38.917] Init userContent json data complete.
[INFO 2015-07-28T09:09:38.917] Star init navigationContent json data.
[INFO 2015-07-28T09:09:38.948] Init navigationContent json data complete.
[INFO 2015-07-28T09:09:38.948] Star init groupContent json data.
[INFO 2015-07-28T09:09:38.948] Init groupContent json data complete.
[INFO 2015-07-28T14:14:59.115] Star init authContent json data.
[INFO 2015-07-28T14:14:59.313] Init authContent json data complete.
[INFO 2015-07-28T14:14:59.313] Star init userContent json data.
[INFO 2015-07-28T14:14:59.314] Init userContent json data complete.
[INFO 2015-07-28T14:14:59.315] Star init navigationContent json data.
[INFO 2015-07-28T14:14:59.322] Init navigationContent json data complete.
[INFO 2015-07-28T14:14:59.323] Star init groupContent json data.
[INFO 2015-07-28T14:14:59.324] Init groupContent json data complete.
[INFO 2015-07-28T14:39:06.290] Star init authContent json data.
[INFO 2015-07-28T14:39:06.482] Init authContent json data complete.
[INFO 2015-07-28T14:39:06.483] Star init userContent json data.
[INFO 2015-07-28T14:39:06.484] Init userContent json data complete.
[INFO 2015-07-28T14:39:06.484] Star init navigationContent json data.
[INFO 2015-07-28T14:39:06.486] Init navigationContent json data complete.
[INFO 2015-07-28T14:39:06.487] Star init groupContent json data.
[INFO 2015-07-28T14:39:06.488] Init groupContent json data complete.
