[INFO 2015-08-07T09:09:11.536] Star init authContent json data.
[INFO 2015-08-07T09:09:11.724] Init authContent json data complete.
[INFO 2015-08-07T09:09:11.724] Star init userContent json data.
[INFO 2015-08-07T09:09:11.724] Init userContent json data complete.
[INFO 2015-08-07T09:09:11.724] Star init navigationContent json data.
[INFO 2015-08-07T09:09:11.740] Init navigationContent json data complete.
[INFO 2015-08-07T09:09:11.740] Star init groupContent json data.
[INFO 2015-08-07T09:09:11.740] Init groupContent json data complete.
[INFO 2015-08-07T12:03:50.463] Star init authContent json data.
[INFO 2015-08-07T12:03:50.656] Init authContent json data complete.
[INFO 2015-08-07T12:03:50.656] Star init userContent json data.
[INFO 2015-08-07T12:03:50.658] Init userContent json data complete.
[INFO 2015-08-07T12:03:50.658] Star init navigationContent json data.
[INFO 2015-08-07T12:03:50.680] Init navigationContent json data complete.
[INFO 2015-08-07T12:03:50.680] Star init groupContent json data.
[INFO 2015-08-07T12:03:50.681] Init groupContent json data complete.
[INFO 2015-08-07T15:33:31.179] Star init authContent json data.
[INFO 2015-08-07T15:33:31.374] Init authContent json data complete.
[INFO 2015-08-07T15:33:31.374] Star init userContent json data.
[INFO 2015-08-07T15:33:31.376] Init userContent json data complete.
[INFO 2015-08-07T15:33:31.376] Star init navigationContent json data.
[INFO 2015-08-07T15:33:31.389] Init navigationContent json data complete.
[INFO 2015-08-07T15:33:31.389] Star init groupContent json data.
[INFO 2015-08-07T15:33:31.391] Init groupContent json data complete.
