[INFO 2015-07-02T09:03:53.423] Star init authContent json data.
[INFO 2015-07-02T09:03:53.595] Init authContent json data complete.
[INFO 2015-07-02T09:03:53.595] Star init userContent json data.
[INFO 2015-07-02T09:03:53.595] Init userContent json data complete.
[INFO 2015-07-02T09:03:53.595] Star init navigationContent json data.
[INFO 2015-07-02T09:03:53.611] Init navigationContent json data complete.
[INFO 2015-07-02T09:03:53.611] Star init groupContent json data.
[INFO 2015-07-02T09:03:53.611] Init groupContent json data complete.
[INFO 2015-07-02T09:31:49.678] Star init authContent json data.
[INFO 2015-07-02T09:31:49.866] Init authContent json data complete.
[INFO 2015-07-02T09:31:49.866] Star init userContent json data.
[INFO 2015-07-02T09:31:49.868] Init userContent json data complete.
[INFO 2015-07-02T09:31:49.869] Star init navigationContent json data.
[INFO 2015-07-02T09:31:49.871] Init navigationContent json data complete.
[INFO 2015-07-02T09:31:49.871] Star init groupContent json data.
[INFO 2015-07-02T09:31:49.873] Init groupContent json data complete.
[INFO 2015-07-02T09:37:21.334] Star init authContent json data.
[INFO 2015-07-02T09:37:21.522] Init authContent json data complete.
[INFO 2015-07-02T09:37:21.522] Star init userContent json data.
[INFO 2015-07-02T09:37:21.523] Init userContent json data complete.
[INFO 2015-07-02T09:37:21.524] Star init navigationContent json data.
[INFO 2015-07-02T09:37:21.526] Init navigationContent json data complete.
[INFO 2015-07-02T09:37:21.526] Star init groupContent json data.
[INFO 2015-07-02T09:37:21.527] Init groupContent json data complete.
[INFO 2015-07-02T09:38:28.024] Star init authContent json data.
[INFO 2015-07-02T09:38:28.224] Init authContent json data complete.
[INFO 2015-07-02T09:38:28.225] Star init userContent json data.
[INFO 2015-07-02T09:38:28.226] Init userContent json data complete.
[INFO 2015-07-02T09:38:28.226] Star init navigationContent json data.
[INFO 2015-07-02T09:38:28.229] Init navigationContent json data complete.
[INFO 2015-07-02T09:38:28.229] Star init groupContent json data.
[INFO 2015-07-02T09:38:28.230] Init groupContent json data complete.
[INFO 2015-07-02T11:18:38.692] Star init authContent json data.
[INFO 2015-07-02T11:18:38.878] Init authContent json data complete.
[INFO 2015-07-02T11:18:38.879] Star init userContent json data.
[INFO 2015-07-02T11:18:38.881] Init userContent json data complete.
[INFO 2015-07-02T11:18:38.881] Star init navigationContent json data.
[INFO 2015-07-02T11:18:38.883] Init navigationContent json data complete.
[INFO 2015-07-02T11:18:38.883] Star init groupContent json data.
[INFO 2015-07-02T11:18:38.885] Init groupContent json data complete.
[INFO 2015-07-02T11:42:38.360] Star init authContent json data.
[INFO 2015-07-02T11:42:38.583] Init authContent json data complete.
[INFO 2015-07-02T11:42:38.583] Star init userContent json data.
[INFO 2015-07-02T11:42:38.585] Init userContent json data complete.
[INFO 2015-07-02T11:42:38.585] Star init navigationContent json data.
[INFO 2015-07-02T11:42:38.587] Init navigationContent json data complete.
[INFO 2015-07-02T11:42:38.587] Star init groupContent json data.
[INFO 2015-07-02T11:42:38.589] Init groupContent json data complete.
[INFO 2015-07-02T15:05:16.022] Star init authContent json data.
[INFO 2015-07-02T15:05:16.222] Init authContent json data complete.
[INFO 2015-07-02T15:05:16.222] Star init userContent json data.
[INFO 2015-07-02T15:05:16.224] Init userContent json data complete.
[INFO 2015-07-02T15:05:16.225] Star init navigationContent json data.
[INFO 2015-07-02T15:05:16.237] Init navigationContent json data complete.
[INFO 2015-07-02T15:05:16.237] Star init groupContent json data.
[INFO 2015-07-02T15:05:16.239] Init groupContent json data complete.
[INFO 2015-07-02T15:08:17.837] Star init authContent json data.
[INFO 2015-07-02T15:08:18.035] Init authContent json data complete.
[INFO 2015-07-02T15:08:18.035] Star init userContent json data.
[INFO 2015-07-02T15:08:18.037] Init userContent json data complete.
[INFO 2015-07-02T15:08:18.037] Star init navigationContent json data.
[INFO 2015-07-02T15:08:18.039] Init navigationContent json data complete.
[INFO 2015-07-02T15:08:18.040] Star init groupContent json data.
[INFO 2015-07-02T15:08:18.041] Init groupContent json data complete.
