[INFO 2015-06-30T09:49:57.860] Star init authContent json data.
[INFO 2015-06-30T09:49:58.084] Init authContent json data complete.
[INFO 2015-06-30T09:49:58.085] Star init userContent json data.
[INFO 2015-06-30T09:49:58.087] Init userContent json data complete.
[INFO 2015-06-30T09:49:58.087] Star init navigationContent json data.
[INFO 2015-06-30T09:49:58.096] Init navigationContent json data complete.
[INFO 2015-06-30T09:49:58.097] Star init groupContent json data.
[INFO 2015-06-30T09:49:58.098] Init groupContent json data complete.
[INFO 2015-06-30T09:52:50.017] Star init authContent json data.
[INFO 2015-06-30T09:52:50.220] Init authContent json data complete.
[INFO 2015-06-30T09:52:50.220] Star init userContent json data.
[INFO 2015-06-30T09:52:50.236] Init userContent json data complete.
[INFO 2015-06-30T09:52:50.236] Star init navigationContent json data.
[INFO 2015-06-30T09:52:50.236] Init navigationContent json data complete.
[INFO 2015-06-30T09:52:50.236] Star init groupContent json data.
[INFO 2015-06-30T09:52:50.236] Init groupContent json data complete.
[INFO 2015-06-30T09:54:11.813] Star init authContent json data.
[INFO 2015-06-30T09:54:12.016] Init authContent json data complete.
[INFO 2015-06-30T09:54:12.016] Star init userContent json data.
[INFO 2015-06-30T09:54:12.032] Init userContent json data complete.
[INFO 2015-06-30T09:54:12.032] Star init navigationContent json data.
[INFO 2015-06-30T09:54:12.032] Init navigationContent json data complete.
[INFO 2015-06-30T09:54:12.032] Star init groupContent json data.
[INFO 2015-06-30T09:54:12.032] Init groupContent json data complete.
[INFO 2015-06-30T09:55:23.304] Star init authContent json data.
[INFO 2015-06-30T09:55:23.617] Init authContent json data complete.
[INFO 2015-06-30T09:55:23.617] Star init userContent json data.
[INFO 2015-06-30T09:55:23.617] Init userContent json data complete.
[INFO 2015-06-30T09:55:23.617] Star init navigationContent json data.
[INFO 2015-06-30T09:55:23.617] Init navigationContent json data complete.
[INFO 2015-06-30T09:55:23.617] Star init groupContent json data.
[INFO 2015-06-30T09:55:23.617] Init groupContent json data complete.
[INFO 2015-06-30T10:54:06.254] Star init authContent json data.
[INFO 2015-06-30T10:54:06.447] Init authContent json data complete.
[INFO 2015-06-30T10:54:06.447] Star init userContent json data.
[INFO 2015-06-30T10:54:06.449] Init userContent json data complete.
[INFO 2015-06-30T10:54:06.450] Star init navigationContent json data.
[INFO 2015-06-30T10:54:06.452] Init navigationContent json data complete.
[INFO 2015-06-30T10:54:06.452] Star init groupContent json data.
[INFO 2015-06-30T10:54:06.454] Init groupContent json data complete.
[INFO 2015-06-30T10:59:07.323] Star init authContent json data.
[INFO 2015-06-30T10:59:07.525] Init authContent json data complete.
[INFO 2015-06-30T10:59:07.525] Star init userContent json data.
[INFO 2015-06-30T10:59:07.526] Init userContent json data complete.
[INFO 2015-06-30T10:59:07.527] Star init navigationContent json data.
[INFO 2015-06-30T10:59:07.529] Init navigationContent json data complete.
[INFO 2015-06-30T10:59:07.529] Star init groupContent json data.
[INFO 2015-06-30T10:59:07.531] Init groupContent json data complete.
[INFO 2015-06-30T14:32:38.561] Star init authContent json data.
[INFO 2015-06-30T14:32:38.753] Init authContent json data complete.
[INFO 2015-06-30T14:32:38.753] Star init userContent json data.
[INFO 2015-06-30T14:32:38.755] Init userContent json data complete.
[INFO 2015-06-30T14:32:38.755] Star init navigationContent json data.
[INFO 2015-06-30T14:32:38.764] Init navigationContent json data complete.
[INFO 2015-06-30T14:32:38.764] Star init groupContent json data.
[INFO 2015-06-30T14:32:38.765] Init groupContent json data complete.
[INFO 2015-06-30T16:11:01.321] Star init authContent json data.
[INFO 2015-06-30T16:11:01.507] Init authContent json data complete.
[INFO 2015-06-30T16:11:01.507] Star init userContent json data.
[INFO 2015-06-30T16:11:01.509] Init userContent json data complete.
[INFO 2015-06-30T16:11:01.509] Star init navigationContent json data.
[INFO 2015-06-30T16:11:01.512] Init navigationContent json data complete.
[INFO 2015-06-30T16:11:01.512] Star init groupContent json data.
[INFO 2015-06-30T16:11:01.513] Init groupContent json data complete.
[INFO 2015-06-30T16:29:01.232] Star init authContent json data.
[INFO 2015-06-30T16:29:01.425] Init authContent json data complete.
[INFO 2015-06-30T16:29:01.425] Star init userContent json data.
[INFO 2015-06-30T16:29:01.427] Init userContent json data complete.
[INFO 2015-06-30T16:29:01.427] Star init navigationContent json data.
[INFO 2015-06-30T16:29:01.429] Init navigationContent json data complete.
[INFO 2015-06-30T16:29:01.429] Star init groupContent json data.
[INFO 2015-06-30T16:29:01.431] Init groupContent json data complete.
[INFO 2015-06-30T16:35:25.215] Star init authContent json data.
[INFO 2015-06-30T16:35:25.404] Init authContent json data complete.
[INFO 2015-06-30T16:35:25.404] Star init userContent json data.
[INFO 2015-06-30T16:35:25.406] Init userContent json data complete.
[INFO 2015-06-30T16:35:25.406] Star init navigationContent json data.
[INFO 2015-06-30T16:35:25.408] Init navigationContent json data complete.
[INFO 2015-06-30T16:35:25.408] Star init groupContent json data.
[INFO 2015-06-30T16:35:25.409] Init groupContent json data complete.
[INFO 2015-06-30T16:59:46.888] Star init authContent json data.
[INFO 2015-06-30T16:59:47.239] Init authContent json data complete.
[INFO 2015-06-30T16:59:47.239] Star init userContent json data.
[INFO 2015-06-30T16:59:47.241] Init userContent json data complete.
[INFO 2015-06-30T16:59:47.241] Star init navigationContent json data.
[INFO 2015-06-30T16:59:47.243] Init navigationContent json data complete.
[INFO 2015-06-30T16:59:47.243] Star init groupContent json data.
[INFO 2015-06-30T16:59:47.245] Init groupContent json data complete.
[INFO 2015-06-30T20:58:37.222] Star init authContent json data.
[INFO 2015-06-30T20:58:37.424] Init authContent json data complete.
[INFO 2015-06-30T20:58:37.424] Star init userContent json data.
[INFO 2015-06-30T20:58:37.426] Init userContent json data complete.
[INFO 2015-06-30T20:58:37.426] Star init navigationContent json data.
[INFO 2015-06-30T20:58:37.436] Init navigationContent json data complete.
[INFO 2015-06-30T20:58:37.437] Star init groupContent json data.
[INFO 2015-06-30T20:58:37.438] Init groupContent json data complete.
