[INFO 2015-08-05T09:07:56.402] Star init authContent json data.
[INFO 2015-08-05T09:07:56.590] Init authContent json data complete.
[INFO 2015-08-05T09:07:56.590] Star init userContent json data.
[INFO 2015-08-05T09:07:56.590] Init userContent json data complete.
[INFO 2015-08-05T09:07:56.590] Star init navigationContent json data.
[INFO 2015-08-05T09:07:56.606] Init navigationContent json data complete.
[INFO 2015-08-05T09:07:56.606] Star init groupContent json data.
[INFO 2015-08-05T09:07:56.606] Init groupContent json data complete.
[INFO 2015-08-05T11:10:31.194] Star init authContent json data.
[INFO 2015-08-05T11:10:31.379] Init authContent json data complete.
[INFO 2015-08-05T11:10:31.379] Star init userContent json data.
[INFO 2015-08-05T11:10:31.381] Init userContent json data complete.
[INFO 2015-08-05T11:10:31.381] Star init navigationContent json data.
[INFO 2015-08-05T11:10:31.390] Init navigationContent json data complete.
[INFO 2015-08-05T11:10:31.390] Star init groupContent json data.
[INFO 2015-08-05T11:10:31.391] Init groupContent json data complete.
[INFO 2015-08-05T11:19:32.117] Star init authContent json data.
[INFO 2015-08-05T11:19:32.311] Init authContent json data complete.
[INFO 2015-08-05T11:19:32.311] Star init userContent json data.
[INFO 2015-08-05T11:19:32.313] Init userContent json data complete.
[INFO 2015-08-05T11:19:32.313] Star init navigationContent json data.
[INFO 2015-08-05T11:19:32.321] Init navigationContent json data complete.
[INFO 2015-08-05T11:19:32.321] Star init groupContent json data.
[INFO 2015-08-05T11:19:32.323] Init groupContent json data complete.
[INFO 2015-08-05T16:07:59.448] Star init authContent json data.
[INFO 2015-08-05T16:07:59.640] Init authContent json data complete.
[INFO 2015-08-05T16:07:59.640] Star init userContent json data.
[INFO 2015-08-05T16:07:59.642] Init userContent json data complete.
[INFO 2015-08-05T16:07:59.642] Star init navigationContent json data.
[INFO 2015-08-05T16:07:59.667] Init navigationContent json data complete.
[INFO 2015-08-05T16:07:59.667] Star init groupContent json data.
[INFO 2015-08-05T16:07:59.668] Init groupContent json data complete.
[INFO 2015-08-05T17:30:51.993] Star init authContent json data.
[INFO 2015-08-05T17:30:52.209] Init authContent json data complete.
[INFO 2015-08-05T17:30:52.210] Star init userContent json data.
[INFO 2015-08-05T17:30:52.211] Init userContent json data complete.
[INFO 2015-08-05T17:30:52.211] Star init navigationContent json data.
[INFO 2015-08-05T17:30:52.214] Init navigationContent json data complete.
[INFO 2015-08-05T17:30:52.214] Star init groupContent json data.
[INFO 2015-08-05T17:30:52.215] Init groupContent json data complete.
[INFO 2015-08-05T20:40:13.144] Star init authContent json data.
[INFO 2015-08-05T20:40:13.331] Init authContent json data complete.
[INFO 2015-08-05T20:40:13.332] Star init userContent json data.
[INFO 2015-08-05T20:40:13.333] Init userContent json data complete.
[INFO 2015-08-05T20:40:13.333] Star init navigationContent json data.
[INFO 2015-08-05T20:40:13.349] Init navigationContent json data complete.
[INFO 2015-08-05T20:40:13.349] Star init groupContent json data.
[INFO 2015-08-05T20:40:13.351] Init groupContent json data complete.
