[INFO 2015-02-09T09:05:12.117] Star init authContent json data.
[INFO 2015-02-09T09:05:12.335] Init authContent json data complete.
[INFO 2015-02-09T09:05:12.335] Star init userContent json data.
[INFO 2015-02-09T09:05:12.335] Init userContent json data complete.
[INFO 2015-02-09T09:05:12.335] Star init navigationContent json data.
[INFO 2015-02-09T09:05:12.335] Init navigationContent json data complete.
[INFO 2015-02-09T09:05:12.335] Star init groupContent json data.
[INFO 2015-02-09T09:05:12.335] Init groupContent json data complete.
[INFO 2015-02-09T09:53:53.624] Star init authContent json data.
[INFO 2015-02-09T09:53:53.858] Init authContent json data complete.
[INFO 2015-02-09T09:53:53.858] Star init userContent json data.
[INFO 2015-02-09T09:53:53.858] Init userContent json data complete.
[INFO 2015-02-09T09:53:53.858] Star init navigationContent json data.
[INFO 2015-02-09T09:53:53.858] Init navigationContent json data complete.
[INFO 2015-02-09T09:53:53.858] Star init groupContent json data.
[INFO 2015-02-09T09:53:53.858] Init groupContent json data complete.
[INFO 2015-02-09T09:55:51.411] Star init authContent json data.
[INFO 2015-02-09T09:55:51.614] Init authContent json data complete.
[INFO 2015-02-09T09:55:51.614] Star init userContent json data.
[INFO 2015-02-09T09:55:51.614] Init userContent json data complete.
[INFO 2015-02-09T09:55:51.614] Star init navigationContent json data.
[INFO 2015-02-09T09:55:51.629] Init navigationContent json data complete.
[INFO 2015-02-09T09:55:51.629] Star init groupContent json data.
[INFO 2015-02-09T09:55:51.629] Init groupContent json data complete.
[INFO 2015-02-09T10:41:23.998] Star init authContent json data.
[INFO 2015-02-09T10:41:24.216] Init authContent json data complete.
[INFO 2015-02-09T10:41:24.216] Star init userContent json data.
[INFO 2015-02-09T10:41:24.216] Init userContent json data complete.
[INFO 2015-02-09T10:41:24.216] Star init navigationContent json data.
[INFO 2015-02-09T10:41:24.232] Init navigationContent json data complete.
[INFO 2015-02-09T10:41:24.232] Star init groupContent json data.
[INFO 2015-02-09T10:41:24.232] Init groupContent json data complete.
