[INFO 2015-08-28T10:15:13.946] Star init authContent json data.
[INFO 2015-08-28T10:15:14.134] Init authContent json data complete.
[INFO 2015-08-28T10:15:14.134] Star init userContent json data.
[INFO 2015-08-28T10:15:14.134] Init userContent json data complete.
[INFO 2015-08-28T10:15:14.134] Star init navigationContent json data.
[INFO 2015-08-28T10:15:14.150] Init navigationContent json data complete.
[INFO 2015-08-28T10:15:14.150] Star init groupContent json data.
[INFO 2015-08-28T10:15:14.150] Init groupContent json data complete.
[INFO 2015-08-28T11:15:49.520] Star init authContent json data.
[INFO 2015-08-28T11:15:49.737] Init authContent json data complete.
[INFO 2015-08-28T11:15:49.738] Star init userContent json data.
[INFO 2015-08-28T11:15:49.739] Init userContent json data complete.
[INFO 2015-08-28T11:15:49.739] Star init navigationContent json data.
[INFO 2015-08-28T11:15:49.741] Init navigationContent json data complete.
[INFO 2015-08-28T11:15:49.741] Star init groupContent json data.
[INFO 2015-08-28T11:15:49.743] Init groupContent json data complete.
[INFO 2015-08-28T12:00:14.558] Star init authContent json data.
[INFO 2015-08-28T12:00:14.753] Init authContent json data complete.
[INFO 2015-08-28T12:00:14.753] Star init userContent json data.
[INFO 2015-08-28T12:00:14.755] Init userContent json data complete.
[INFO 2015-08-28T12:00:14.755] Star init navigationContent json data.
[INFO 2015-08-28T12:00:14.757] Init navigationContent json data complete.
[INFO 2015-08-28T12:00:14.757] Star init groupContent json data.
[INFO 2015-08-28T12:00:14.759] Init groupContent json data complete.
[INFO 2015-08-28T12:09:02.504] Star init authContent json data.
[INFO 2015-08-28T12:09:02.698] Init authContent json data complete.
[INFO 2015-08-28T12:09:02.698] Star init userContent json data.
[INFO 2015-08-28T12:09:02.700] Init userContent json data complete.
[INFO 2015-08-28T12:09:02.700] Star init navigationContent json data.
[INFO 2015-08-28T12:09:02.702] Init navigationContent json data complete.
[INFO 2015-08-28T12:09:02.703] Star init groupContent json data.
[INFO 2015-08-28T12:09:02.704] Init groupContent json data complete.
[INFO 2015-08-28T12:27:44.494] Star init authContent json data.
[INFO 2015-08-28T12:27:44.686] Init authContent json data complete.
[INFO 2015-08-28T12:27:44.686] Star init userContent json data.
[INFO 2015-08-28T12:27:44.688] Init userContent json data complete.
[INFO 2015-08-28T12:27:44.688] Star init navigationContent json data.
[INFO 2015-08-28T12:27:44.690] Init navigationContent json data complete.
[INFO 2015-08-28T12:27:44.690] Star init groupContent json data.
[INFO 2015-08-28T12:27:44.692] Init groupContent json data complete.
[INFO 2015-08-28T15:31:00.699] Star init authContent json data.
[INFO 2015-08-28T15:31:00.891] Init authContent json data complete.
[INFO 2015-08-28T15:31:00.891] Star init userContent json data.
[INFO 2015-08-28T15:31:00.893] Init userContent json data complete.
[INFO 2015-08-28T15:31:00.893] Star init navigationContent json data.
[INFO 2015-08-28T15:31:00.909] Init navigationContent json data complete.
[INFO 2015-08-28T15:31:00.909] Star init groupContent json data.
[INFO 2015-08-28T15:31:00.911] Init groupContent json data complete.
[INFO 2015-08-28T15:41:42.509] Star init authContent json data.
[INFO 2015-08-28T15:41:42.704] Init authContent json data complete.
[INFO 2015-08-28T15:41:42.704] Star init userContent json data.
[INFO 2015-08-28T15:41:42.706] Init userContent json data complete.
[INFO 2015-08-28T15:41:42.706] Star init navigationContent json data.
[INFO 2015-08-28T15:41:42.708] Init navigationContent json data complete.
[INFO 2015-08-28T15:41:42.708] Star init groupContent json data.
[INFO 2015-08-28T15:41:42.710] Init groupContent json data complete.
[INFO 2015-08-28T15:55:26.390] Star init authContent json data.
[INFO 2015-08-28T15:55:26.590] Init authContent json data complete.
[INFO 2015-08-28T15:55:26.590] Star init userContent json data.
[INFO 2015-08-28T15:55:26.592] Init userContent json data complete.
[INFO 2015-08-28T15:55:26.592] Star init navigationContent json data.
[INFO 2015-08-28T15:55:26.594] Init navigationContent json data complete.
[INFO 2015-08-28T15:55:26.594] Star init groupContent json data.
[INFO 2015-08-28T15:55:26.596] Init groupContent json data complete.
[INFO 2015-08-28T16:05:15.755] Star init authContent json data.
[INFO 2015-08-28T16:05:15.979] Init authContent json data complete.
[INFO 2015-08-28T16:05:15.979] Star init userContent json data.
[INFO 2015-08-28T16:05:15.981] Init userContent json data complete.
[INFO 2015-08-28T16:05:15.981] Star init navigationContent json data.
[INFO 2015-08-28T16:05:15.983] Init navigationContent json data complete.
[INFO 2015-08-28T16:05:15.983] Star init groupContent json data.
[INFO 2015-08-28T16:05:15.985] Init groupContent json data complete.
