[INFO 2015-08-21T09:32:28.992] Star init authContent json data.
[INFO 2015-08-21T09:32:29.247] Init authContent json data complete.
[INFO 2015-08-21T09:32:29.247] Star init userContent json data.
[INFO 2015-08-21T09:32:29.247] Init userContent json data complete.
[INFO 2015-08-21T09:32:29.247] Star init navigationContent json data.
[INFO 2015-08-21T09:32:29.263] Init navigationContent json data complete.
[INFO 2015-08-21T09:32:29.263] Star init groupContent json data.
[INFO 2015-08-21T09:32:29.263] Init groupContent json data complete.
[INFO 2015-08-21T11:03:43.071] Star init authContent json data.
[INFO 2015-08-21T11:03:43.272] Init authContent json data complete.
[INFO 2015-08-21T11:03:43.272] Star init userContent json data.
[INFO 2015-08-21T11:03:43.272] Init userContent json data complete.
[INFO 2015-08-21T11:03:43.272] Star init navigationContent json data.
[INFO 2015-08-21T11:03:43.282] Init navigationContent json data complete.
[INFO 2015-08-21T11:03:43.282] Star init groupContent json data.
[INFO 2015-08-21T11:03:43.282] Init groupContent json data complete.
[INFO 2015-08-21T11:52:37.601] Star init authContent json data.
[INFO 2015-08-21T11:52:37.813] Init authContent json data complete.
[INFO 2015-08-21T11:52:37.813] Star init userContent json data.
[INFO 2015-08-21T11:52:37.814] Init userContent json data complete.
[INFO 2015-08-21T11:52:37.815] Star init navigationContent json data.
[INFO 2015-08-21T11:52:37.817] Init navigationContent json data complete.
[INFO 2015-08-21T11:52:37.817] Star init groupContent json data.
[INFO 2015-08-21T11:52:37.818] Init groupContent json data complete.
[INFO 2015-08-21T12:06:27.482] Star init authContent json data.
[INFO 2015-08-21T12:06:27.680] Init authContent json data complete.
[INFO 2015-08-21T12:06:27.680] Star init userContent json data.
[INFO 2015-08-21T12:06:27.682] Init userContent json data complete.
[INFO 2015-08-21T12:06:27.682] Star init navigationContent json data.
[INFO 2015-08-21T12:06:27.684] Init navigationContent json data complete.
[INFO 2015-08-21T12:06:27.684] Star init groupContent json data.
[INFO 2015-08-21T12:06:27.686] Init groupContent json data complete.
[INFO 2015-08-21T12:28:16.954] Star init authContent json data.
[INFO 2015-08-21T12:28:17.140] Init authContent json data complete.
[INFO 2015-08-21T12:28:17.141] Star init userContent json data.
[INFO 2015-08-21T12:28:17.142] Init userContent json data complete.
[INFO 2015-08-21T12:28:17.142] Star init navigationContent json data.
[INFO 2015-08-21T12:28:17.144] Init navigationContent json data complete.
[INFO 2015-08-21T12:28:17.145] Star init groupContent json data.
[INFO 2015-08-21T12:28:17.146] Init groupContent json data complete.
[INFO 2015-08-21T17:23:43.834] Star init authContent json data.
[INFO 2015-08-21T17:23:44.060] Init authContent json data complete.
[INFO 2015-08-21T17:23:44.061] Star init userContent json data.
[INFO 2015-08-21T17:23:44.062] Init userContent json data complete.
[INFO 2015-08-21T17:23:44.062] Star init navigationContent json data.
[INFO 2015-08-21T17:23:44.091] Init navigationContent json data complete.
[INFO 2015-08-21T17:23:44.091] Star init groupContent json data.
[INFO 2015-08-21T17:23:44.093] Init groupContent json data complete.
