[INFO 2015-05-07T09:51:59.947] Star init authContent json data.
[INFO 2015-05-07T09:52:00.243] Init authContent json data complete.
[INFO 2015-05-07T09:52:00.243] Star init userContent json data.
[INFO 2015-05-07T09:52:00.245] Init userContent json data complete.
[INFO 2015-05-07T09:52:00.245] Star init navigationContent json data.
[INFO 2015-05-07T09:52:00.248] Init navigationContent json data complete.
[INFO 2015-05-07T09:52:00.248] Star init groupContent json data.
[INFO 2015-05-07T09:52:00.249] Init groupContent json data complete.
[INFO 2015-05-07T10:22:55.255] Star init authContent json data.
[INFO 2015-05-07T10:22:55.466] Init authContent json data complete.
[INFO 2015-05-07T10:22:55.466] Star init userContent json data.
[INFO 2015-05-07T10:22:55.468] Init userContent json data complete.
[INFO 2015-05-07T10:22:55.468] Star init navigationContent json data.
[INFO 2015-05-07T10:22:55.471] Init navigationContent json data complete.
[INFO 2015-05-07T10:22:55.471] Star init groupContent json data.
[INFO 2015-05-07T10:22:55.472] Init groupContent json data complete.
[ERROR 2015-05-07T10:46:21.395] Table 'rcgl.announcement' doesn't exist Query: select COUNT(*) from announcement Parameters: []
[INFO 2015-05-07T11:02:16.974] Star init authContent json data.
[INFO 2015-05-07T11:02:17.189] Init authContent json data complete.
[INFO 2015-05-07T11:02:17.190] Star init userContent json data.
[INFO 2015-05-07T11:02:17.192] Init userContent json data complete.
[INFO 2015-05-07T11:02:17.192] Star init navigationContent json data.
[INFO 2015-05-07T11:02:17.194] Init navigationContent json data complete.
[INFO 2015-05-07T11:02:17.194] Star init groupContent json data.
[INFO 2015-05-07T11:02:17.196] Init groupContent json data complete.
[INFO 2015-05-07T11:17:20.268] Star init authContent json data.
[INFO 2015-05-07T11:17:20.616] Init authContent json data complete.
[INFO 2015-05-07T11:17:20.616] Star init userContent json data.
[INFO 2015-05-07T11:17:20.618] Init userContent json data complete.
[INFO 2015-05-07T11:17:20.619] Star init navigationContent json data.
[INFO 2015-05-07T11:17:20.634] Init navigationContent json data complete.
[INFO 2015-05-07T11:17:20.634] Star init groupContent json data.
[INFO 2015-05-07T11:17:20.636] Init groupContent json data complete.
