[INFO 2015-07-15T09:09:28.399] Star init authContent json data.
[INFO 2015-07-15T09:09:28.606] Init authContent json data complete.
[INFO 2015-07-15T09:09:28.606] Star init userContent json data.
[INFO 2015-07-15T09:09:28.606] Init userContent json data complete.
[INFO 2015-07-15T09:09:28.606] Star init navigationContent json data.
[INFO 2015-07-15T09:09:28.622] Init navigationContent json data complete.
[INFO 2015-07-15T09:09:28.622] Star init groupContent json data.
[INFO 2015-07-15T09:09:28.622] Init groupContent json data complete.
[INFO 2015-07-15T09:53:15.513] Star init authContent json data.
[INFO 2015-07-15T09:53:15.702] Init authContent json data complete.
[INFO 2015-07-15T09:53:15.702] Star init userContent json data.
[INFO 2015-07-15T09:53:15.702] Init userContent json data complete.
[INFO 2015-07-15T09:53:15.702] Star init navigationContent json data.
[INFO 2015-07-15T09:53:15.718] Init navigationContent json data complete.
[INFO 2015-07-15T09:53:15.718] Star init groupContent json data.
[INFO 2015-07-15T09:53:15.718] Init groupContent json data complete.
[INFO 2015-07-15T10:40:53.500] Star init authContent json data.
[INFO 2015-07-15T10:40:53.685] Init authContent json data complete.
[INFO 2015-07-15T10:40:53.685] Star init userContent json data.
[INFO 2015-07-15T10:40:53.687] Init userContent json data complete.
[INFO 2015-07-15T10:40:53.687] Star init navigationContent json data.
[INFO 2015-07-15T10:40:53.689] Init navigationContent json data complete.
[INFO 2015-07-15T10:40:53.689] Star init groupContent json data.
[INFO 2015-07-15T10:40:53.691] Init groupContent json data complete.
[INFO 2015-07-15T11:24:23.226] Star init authContent json data.
[INFO 2015-07-15T11:24:23.475] Init authContent json data complete.
[INFO 2015-07-15T11:24:23.475] Star init userContent json data.
[INFO 2015-07-15T11:24:23.491] Init userContent json data complete.
[INFO 2015-07-15T11:24:23.491] Star init navigationContent json data.
[INFO 2015-07-15T11:24:23.491] Init navigationContent json data complete.
[INFO 2015-07-15T11:24:23.491] Star init groupContent json data.
[INFO 2015-07-15T11:24:23.506] Init groupContent json data complete.
[INFO 2015-07-15T14:07:29.162] Star init authContent json data.
[INFO 2015-07-15T14:07:29.355] Init authContent json data complete.
[INFO 2015-07-15T14:07:29.355] Star init userContent json data.
[INFO 2015-07-15T14:07:29.357] Init userContent json data complete.
[INFO 2015-07-15T14:07:29.357] Star init navigationContent json data.
[INFO 2015-07-15T14:07:29.366] Init navigationContent json data complete.
[INFO 2015-07-15T14:07:29.367] Star init groupContent json data.
[INFO 2015-07-15T14:07:29.368] Init groupContent json data complete.
[INFO 2015-07-15T17:20:05.892] Star init authContent json data.
[INFO 2015-07-15T17:20:06.081] Init authContent json data complete.
[INFO 2015-07-15T17:20:06.081] Star init userContent json data.
[INFO 2015-07-15T17:20:06.083] Init userContent json data complete.
[INFO 2015-07-15T17:20:06.083] Star init navigationContent json data.
[INFO 2015-07-15T17:20:06.085] Init navigationContent json data complete.
[INFO 2015-07-15T17:20:06.086] Star init groupContent json data.
[INFO 2015-07-15T17:20:06.087] Init groupContent json data complete.
[INFO 2015-07-15T17:42:37.687] Star init authContent json data.
[INFO 2015-07-15T17:42:37.876] Init authContent json data complete.
[INFO 2015-07-15T17:42:37.876] Star init userContent json data.
[INFO 2015-07-15T17:42:37.878] Init userContent json data complete.
[INFO 2015-07-15T17:42:37.878] Star init navigationContent json data.
[INFO 2015-07-15T17:42:37.880] Init navigationContent json data complete.
[INFO 2015-07-15T17:42:37.881] Star init groupContent json data.
[INFO 2015-07-15T17:42:37.882] Init groupContent json data complete.
[INFO 2015-07-15T17:47:23.562] Star init authContent json data.
[INFO 2015-07-15T17:47:23.831] Init authContent json data complete.
[INFO 2015-07-15T17:47:23.832] Star init userContent json data.
[INFO 2015-07-15T17:47:23.834] Init userContent json data complete.
[INFO 2015-07-15T17:47:23.834] Star init navigationContent json data.
[INFO 2015-07-15T17:47:23.837] Init navigationContent json data complete.
[INFO 2015-07-15T17:47:23.837] Star init groupContent json data.
[INFO 2015-07-15T17:47:23.841] Init groupContent json data complete.
