[INFO 2015-05-13T14:42:54.870] Star init authContent json data.
[INFO 2015-05-13T14:42:55.087] Init authContent json data complete.
[INFO 2015-05-13T14:42:55.087] Star init userContent json data.
[INFO 2015-05-13T14:42:55.089] Init userContent json data complete.
[INFO 2015-05-13T14:42:55.089] Star init navigationContent json data.
[INFO 2015-05-13T14:42:55.091] Init navigationContent json data complete.
[INFO 2015-05-13T14:42:55.091] Star init groupContent json data.
[INFO 2015-05-13T14:42:55.093] Init groupContent json data complete.
[INFO 2015-05-13T14:51:15.676] Star init authContent json data.
[INFO 2015-05-13T14:51:15.877] Init authContent json data complete.
[INFO 2015-05-13T14:51:15.877] Star init userContent json data.
[INFO 2015-05-13T14:51:15.879] Init userContent json data complete.
[INFO 2015-05-13T14:51:15.879] Star init navigationContent json data.
[INFO 2015-05-13T14:51:15.881] Init navigationContent json data complete.
[INFO 2015-05-13T14:51:15.882] Star init groupContent json data.
[INFO 2015-05-13T14:51:15.883] Init groupContent json data complete.
[INFO 2015-05-13T14:54:35.403] Star init authContent json data.
[INFO 2015-05-13T14:54:35.608] Init authContent json data complete.
[INFO 2015-05-13T14:54:35.608] Star init userContent json data.
[INFO 2015-05-13T14:54:35.610] Init userContent json data complete.
[INFO 2015-05-13T14:54:35.610] Star init navigationContent json data.
[INFO 2015-05-13T14:54:35.613] Init navigationContent json data complete.
[INFO 2015-05-13T14:54:35.613] Star init groupContent json data.
[INFO 2015-05-13T14:54:35.614] Init groupContent json data complete.
[INFO 2015-05-13T14:56:52.651] Star init authContent json data.
[INFO 2015-05-13T14:56:52.860] Init authContent json data complete.
[INFO 2015-05-13T14:56:52.861] Star init userContent json data.
[INFO 2015-05-13T14:56:52.863] Init userContent json data complete.
[INFO 2015-05-13T14:56:52.863] Star init navigationContent json data.
[INFO 2015-05-13T14:56:52.866] Init navigationContent json data complete.
[INFO 2015-05-13T14:56:52.866] Star init groupContent json data.
[INFO 2015-05-13T14:56:52.867] Init groupContent json data complete.
[INFO 2015-05-13T14:58:11.374] Star init authContent json data.
[INFO 2015-05-13T14:58:11.573] Init authContent json data complete.
[INFO 2015-05-13T14:58:11.573] Star init userContent json data.
[INFO 2015-05-13T14:58:11.575] Init userContent json data complete.
[INFO 2015-05-13T14:58:11.575] Star init navigationContent json data.
[INFO 2015-05-13T14:58:11.577] Init navigationContent json data complete.
[INFO 2015-05-13T14:58:11.577] Star init groupContent json data.
[INFO 2015-05-13T14:58:11.579] Init groupContent json data complete.
[INFO 2015-05-13T15:24:25.699] Star init authContent json data.
[INFO 2015-05-13T15:24:25.903] Init authContent json data complete.
[INFO 2015-05-13T15:24:25.903] Star init userContent json data.
[INFO 2015-05-13T15:24:25.905] Init userContent json data complete.
[INFO 2015-05-13T15:24:25.905] Star init navigationContent json data.
[INFO 2015-05-13T15:24:25.907] Init navigationContent json data complete.
[INFO 2015-05-13T15:24:25.908] Star init groupContent json data.
[INFO 2015-05-13T15:24:25.909] Init groupContent json data complete.
[INFO 2015-05-13T15:53:46.367] Star init authContent json data.
[INFO 2015-05-13T15:53:46.592] Init authContent json data complete.
[INFO 2015-05-13T15:53:46.593] Star init userContent json data.
[INFO 2015-05-13T15:53:46.594] Init userContent json data complete.
[INFO 2015-05-13T15:53:46.595] Star init navigationContent json data.
[INFO 2015-05-13T15:53:46.597] Init navigationContent json data complete.
[INFO 2015-05-13T15:53:46.597] Star init groupContent json data.
[INFO 2015-05-13T15:53:46.598] Init groupContent json data complete.
