[INFO 2015-03-09T10:10:26.839] Star init authContent json data.
[INFO 2015-03-09T10:10:27.075] Init authContent json data complete.
[INFO 2015-03-09T10:10:27.076] Star init userContent json data.
[INFO 2015-03-09T10:10:27.078] Init userContent json data complete.
[INFO 2015-03-09T10:10:27.078] Star init navigationContent json data.
[INFO 2015-03-09T10:10:27.088] Init navigationContent json data complete.
[INFO 2015-03-09T10:10:27.088] Star init groupContent json data.
[INFO 2015-03-09T10:10:27.095] Init groupContent json data complete.
[INFO 2015-03-09T10:55:07.815] Star init authContent json data.
[INFO 2015-03-09T10:55:08.011] Init authContent json data complete.
[INFO 2015-03-09T10:55:08.012] Star init userContent json data.
[INFO 2015-03-09T10:55:08.014] Init userContent json data complete.
[INFO 2015-03-09T10:55:08.014] Star init navigationContent json data.
[INFO 2015-03-09T10:55:08.016] Init navigationContent json data complete.
[INFO 2015-03-09T10:55:08.016] Star init groupContent json data.
[INFO 2015-03-09T10:55:08.017] Init groupContent json data complete.
[INFO 2015-03-09T12:20:58.617] Star init authContent json data.
[INFO 2015-03-09T12:20:58.828] Init authContent json data complete.
[INFO 2015-03-09T12:20:58.829] Star init userContent json data.
[INFO 2015-03-09T12:20:58.830] Init userContent json data complete.
[INFO 2015-03-09T12:20:58.831] Star init navigationContent json data.
[INFO 2015-03-09T12:20:58.832] Init navigationContent json data complete.
[INFO 2015-03-09T12:20:58.833] Star init groupContent json data.
[INFO 2015-03-09T12:20:58.834] Init groupContent json data complete.
[INFO 2015-03-09T12:30:05.921] Star init authContent json data.
[INFO 2015-03-09T12:30:06.129] Init authContent json data complete.
[INFO 2015-03-09T12:30:06.129] Star init userContent json data.
[INFO 2015-03-09T12:30:06.131] Init userContent json data complete.
[INFO 2015-03-09T12:30:06.131] Star init navigationContent json data.
[INFO 2015-03-09T12:30:06.133] Init navigationContent json data complete.
[INFO 2015-03-09T12:30:06.133] Star init groupContent json data.
[INFO 2015-03-09T12:30:06.135] Init groupContent json data complete.
[INFO 2015-03-09T14:57:15.162] Star init authContent json data.
[INFO 2015-03-09T14:57:15.395] Init authContent json data complete.
[INFO 2015-03-09T14:57:15.395] Star init userContent json data.
[INFO 2015-03-09T14:57:15.398] Init userContent json data complete.
[INFO 2015-03-09T14:57:15.398] Star init navigationContent json data.
[INFO 2015-03-09T14:57:15.400] Init navigationContent json data complete.
[INFO 2015-03-09T14:57:15.400] Star init groupContent json data.
[INFO 2015-03-09T14:57:15.402] Init groupContent json data complete.
[INFO 2015-03-09T19:46:17.864] Star init authContent json data.
[INFO 2015-03-09T19:46:18.083] Init authContent json data complete.
[INFO 2015-03-09T19:46:18.083] Star init userContent json data.
[INFO 2015-03-09T19:46:18.085] Init userContent json data complete.
[INFO 2015-03-09T19:46:18.085] Star init navigationContent json data.
[INFO 2015-03-09T19:46:18.087] Init navigationContent json data complete.
[INFO 2015-03-09T19:46:18.087] Star init groupContent json data.
[INFO 2015-03-09T19:46:18.089] Init groupContent json data complete.
