[INFO 2015-04-27T10:12:11.411] Star init authContent json data.
[INFO 2015-04-27T10:12:11.637] Init authContent json data complete.
[INFO 2015-04-27T10:12:11.637] Star init userContent json data.
[INFO 2015-04-27T10:12:11.639] Init userContent json data complete.
[INFO 2015-04-27T10:12:11.640] Star init navigationContent json data.
[INFO 2015-04-27T10:12:11.642] Init navigationContent json data complete.
[INFO 2015-04-27T10:12:11.642] Star init groupContent json data.
[INFO 2015-04-27T10:12:11.644] Init groupContent json data complete.
[INFO 2015-04-27T17:26:08.206] Star init authContent json data.
[INFO 2015-04-27T17:26:08.448] Init authContent json data complete.
[INFO 2015-04-27T17:26:08.448] Star init userContent json data.
[INFO 2015-04-27T17:26:08.450] Init userContent json data complete.
[INFO 2015-04-27T17:26:08.450] Star init navigationContent json data.
[INFO 2015-04-27T17:26:08.452] Init navigationContent json data complete.
[INFO 2015-04-27T17:26:08.452] Star init groupContent json data.
[INFO 2015-04-27T17:26:08.454] Init groupContent json data complete.
[INFO 2015-04-27T17:27:29.545] Star init authContent json data.
[INFO 2015-04-27T17:27:29.803] Init authContent json data complete.
[INFO 2015-04-27T17:27:29.803] Star init userContent json data.
[INFO 2015-04-27T17:27:29.807] Init userContent json data complete.
[INFO 2015-04-27T17:27:29.807] Star init navigationContent json data.
[INFO 2015-04-27T17:27:29.811] Init navigationContent json data complete.
[INFO 2015-04-27T17:27:29.812] Star init groupContent json data.
[INFO 2015-04-27T17:27:29.814] Init groupContent json data complete.
