[INFO 2015-08-24T09:18:12.005] Star init authContent json data.
[INFO 2015-08-24T09:18:12.193] Init authContent json data complete.
[INFO 2015-08-24T09:18:12.193] Star init userContent json data.
[INFO 2015-08-24T09:18:12.193] Init userContent json data complete.
[INFO 2015-08-24T09:18:12.193] Star init navigationContent json data.
[INFO 2015-08-24T09:18:12.209] Init navigationContent json data complete.
[INFO 2015-08-24T09:18:12.209] Star init groupContent json data.
[INFO 2015-08-24T09:18:12.209] Init groupContent json data complete.
[INFO 2015-08-24T10:32:19.237] Star init authContent json data.
[INFO 2015-08-24T10:32:19.430] Init authContent json data complete.
[INFO 2015-08-24T10:32:19.431] Star init userContent json data.
[INFO 2015-08-24T10:32:19.432] Init userContent json data complete.
[INFO 2015-08-24T10:32:19.432] Star init navigationContent json data.
[INFO 2015-08-24T10:32:19.434] Init navigationContent json data complete.
[INFO 2015-08-24T10:32:19.435] Star init groupContent json data.
[INFO 2015-08-24T10:32:19.436] Init groupContent json data complete.
[INFO 2015-08-24T10:35:05.907] Star init authContent json data.
[INFO 2015-08-24T10:35:06.101] Init authContent json data complete.
[INFO 2015-08-24T10:35:06.102] Star init userContent json data.
[INFO 2015-08-24T10:35:06.103] Init userContent json data complete.
[INFO 2015-08-24T10:35:06.104] Star init navigationContent json data.
[INFO 2015-08-24T10:35:06.106] Init navigationContent json data complete.
[INFO 2015-08-24T10:35:06.106] Star init groupContent json data.
[INFO 2015-08-24T10:35:06.241] Init groupContent json data complete.
[INFO 2015-08-24T10:37:04.243] Star init authContent json data.
[INFO 2015-08-24T10:37:04.426] Init authContent json data complete.
[INFO 2015-08-24T10:37:04.426] Star init userContent json data.
[INFO 2015-08-24T10:37:04.428] Init userContent json data complete.
[INFO 2015-08-24T10:37:04.429] Star init navigationContent json data.
[INFO 2015-08-24T10:37:04.431] Init navigationContent json data complete.
[INFO 2015-08-24T10:37:04.431] Star init groupContent json data.
[INFO 2015-08-24T10:37:04.433] Init groupContent json data complete.
[INFO 2015-08-24T12:36:58.419] Star init authContent json data.
[INFO 2015-08-24T12:36:58.609] Init authContent json data complete.
[INFO 2015-08-24T12:36:58.609] Star init userContent json data.
[INFO 2015-08-24T12:36:58.611] Init userContent json data complete.
[INFO 2015-08-24T12:36:58.611] Star init navigationContent json data.
[INFO 2015-08-24T12:36:58.621] Init navigationContent json data complete.
[INFO 2015-08-24T12:36:58.621] Star init groupContent json data.
[INFO 2015-08-24T12:36:58.623] Init groupContent json data complete.
[INFO 2015-08-24T15:26:18.631] Star init authContent json data.
[INFO 2015-08-24T15:26:18.818] Init authContent json data complete.
[INFO 2015-08-24T15:26:18.818] Star init userContent json data.
[INFO 2015-08-24T15:26:18.820] Init userContent json data complete.
[INFO 2015-08-24T15:26:18.821] Star init navigationContent json data.
[INFO 2015-08-24T15:26:18.823] Init navigationContent json data complete.
[INFO 2015-08-24T15:26:18.823] Star init groupContent json data.
[INFO 2015-08-24T15:26:18.825] Init groupContent json data complete.
