[INFO 2015-02-06T09:00:17.848] Star init authContent json data.
[INFO 2015-02-06T09:00:18.036] Init authContent json data complete.
[INFO 2015-02-06T09:00:18.036] Star init userContent json data.
[INFO 2015-02-06T09:00:18.036] Init userContent json data complete.
[INFO 2015-02-06T09:00:18.036] Star init navigationContent json data.
[INFO 2015-02-06T09:00:18.036] Init navigationContent json data complete.
[INFO 2015-02-06T09:00:18.036] Star init groupContent json data.
[INFO 2015-02-06T09:00:18.036] Init groupContent json data complete.
[INFO 2015-02-06T09:42:02.468] Star init authContent json data.
[INFO 2015-02-06T09:42:02.686] Init authContent json data complete.
[INFO 2015-02-06T09:42:02.686] Star init userContent json data.
[INFO 2015-02-06T09:42:02.686] Init userContent json data complete.
[INFO 2015-02-06T09:42:02.686] Star init navigationContent json data.
[INFO 2015-02-06T09:42:02.686] Init navigationContent json data complete.
[INFO 2015-02-06T09:42:02.686] Star init groupContent json data.
[INFO 2015-02-06T09:42:02.686] Init groupContent json data complete.
[INFO 2015-02-06T10:08:32.561] Star init authContent json data.
[INFO 2015-02-06T10:08:32.888] Init authContent json data complete.
[INFO 2015-02-06T10:08:32.888] Star init userContent json data.
[INFO 2015-02-06T10:08:32.891] Init userContent json data complete.
[INFO 2015-02-06T10:08:32.892] Star init navigationContent json data.
[INFO 2015-02-06T10:08:32.894] Init navigationContent json data complete.
[INFO 2015-02-06T10:08:32.894] Star init groupContent json data.
[INFO 2015-02-06T10:08:32.897] Init groupContent json data complete.
[INFO 2015-02-06T10:11:56.980] Star init authContent json data.
[INFO 2015-02-06T10:11:57.223] Init authContent json data complete.
[INFO 2015-02-06T10:11:57.223] Star init userContent json data.
[INFO 2015-02-06T10:11:57.226] Init userContent json data complete.
[INFO 2015-02-06T10:11:57.226] Star init navigationContent json data.
[INFO 2015-02-06T10:11:57.229] Init navigationContent json data complete.
[INFO 2015-02-06T10:11:57.229] Star init groupContent json data.
[INFO 2015-02-06T10:11:57.232] Init groupContent json data complete.
[INFO 2015-02-06T10:19:46.704] Star init authContent json data.
[INFO 2015-02-06T10:19:46.955] Init authContent json data complete.
[INFO 2015-02-06T10:19:46.955] Star init userContent json data.
[INFO 2015-02-06T10:19:46.957] Init userContent json data complete.
[INFO 2015-02-06T10:19:46.958] Star init navigationContent json data.
[INFO 2015-02-06T10:19:46.960] Init navigationContent json data complete.
[INFO 2015-02-06T10:19:46.960] Star init groupContent json data.
[INFO 2015-02-06T10:19:46.962] Init groupContent json data complete.
[INFO 2015-02-06T10:25:15.705] Star init authContent json data.
[INFO 2015-02-06T10:25:15.901] Init authContent json data complete.
[INFO 2015-02-06T10:25:15.901] Star init userContent json data.
[INFO 2015-02-06T10:25:15.903] Init userContent json data complete.
[INFO 2015-02-06T10:25:15.904] Star init navigationContent json data.
[INFO 2015-02-06T10:25:15.905] Init navigationContent json data complete.
[INFO 2015-02-06T10:25:15.905] Star init groupContent json data.
[INFO 2015-02-06T10:25:15.907] Init groupContent json data complete.
[INFO 2015-02-06T10:27:35.970] Star init authContent json data.
[INFO 2015-02-06T10:27:36.185] Init authContent json data complete.
[INFO 2015-02-06T10:27:36.186] Star init userContent json data.
[INFO 2015-02-06T10:27:36.188] Init userContent json data complete.
[INFO 2015-02-06T10:27:36.188] Star init navigationContent json data.
[INFO 2015-02-06T10:27:36.189] Init navigationContent json data complete.
[INFO 2015-02-06T10:27:36.189] Star init groupContent json data.
[INFO 2015-02-06T10:27:36.191] Init groupContent json data complete.
[INFO 2015-02-06T10:46:28.870] Star init authContent json data.
[INFO 2015-02-06T10:46:29.094] Init authContent json data complete.
[INFO 2015-02-06T10:46:29.094] Star init userContent json data.
[INFO 2015-02-06T10:46:29.096] Init userContent json data complete.
[INFO 2015-02-06T10:46:29.096] Star init navigationContent json data.
[INFO 2015-02-06T10:46:29.099] Init navigationContent json data complete.
[INFO 2015-02-06T10:46:29.099] Star init groupContent json data.
[INFO 2015-02-06T10:46:29.101] Init groupContent json data complete.
[INFO 2015-02-06T11:39:23.262] Star init authContent json data.
[INFO 2015-02-06T11:39:23.467] Init authContent json data complete.
[INFO 2015-02-06T11:39:23.468] Star init userContent json data.
[INFO 2015-02-06T11:39:23.470] Init userContent json data complete.
[INFO 2015-02-06T11:39:23.470] Star init navigationContent json data.
[INFO 2015-02-06T11:39:23.472] Init navigationContent json data complete.
[INFO 2015-02-06T11:39:23.472] Star init groupContent json data.
[INFO 2015-02-06T11:39:23.473] Init groupContent json data complete.
[INFO 2015-02-06T19:37:49.688] Star init authContent json data.
[INFO 2015-02-06T19:37:49.890] Init authContent json data complete.
[INFO 2015-02-06T19:37:49.890] Star init userContent json data.
[INFO 2015-02-06T19:37:49.892] Init userContent json data complete.
[INFO 2015-02-06T19:37:49.892] Star init navigationContent json data.
[INFO 2015-02-06T19:37:49.894] Init navigationContent json data complete.
[INFO 2015-02-06T19:37:49.894] Star init groupContent json data.
[INFO 2015-02-06T19:37:49.896] Init groupContent json data complete.
[INFO 2015-02-06T19:44:01.980] Star init authContent json data.
[INFO 2015-02-06T19:44:02.199] Init authContent json data complete.
[INFO 2015-02-06T19:44:02.199] Star init userContent json data.
[INFO 2015-02-06T19:44:02.201] Init userContent json data complete.
[INFO 2015-02-06T19:44:02.201] Star init navigationContent json data.
[INFO 2015-02-06T19:44:02.203] Init navigationContent json data complete.
[INFO 2015-02-06T19:44:02.203] Star init groupContent json data.
[INFO 2015-02-06T19:44:02.205] Init groupContent json data complete.
