[INFO 2015-06-15T09:01:17.626] Star init authContent json data.
[INFO 2015-06-15T09:01:17.846] Init authContent json data complete.
[INFO 2015-06-15T09:01:17.846] Star init userContent json data.
[INFO 2015-06-15T09:01:17.846] Init userContent json data complete.
[INFO 2015-06-15T09:01:17.846] Star init navigationContent json data.
[INFO 2015-06-15T09:01:17.893] Init navigationContent json data complete.
[INFO 2015-06-15T09:01:17.893] Star init groupContent json data.
[INFO 2015-06-15T09:01:17.893] Init groupContent json data complete.
[INFO 2015-06-15T10:23:55.965] Star init authContent json data.
[INFO 2015-06-15T10:23:56.171] Init authContent json data complete.
[INFO 2015-06-15T10:23:56.171] Star init userContent json data.
[INFO 2015-06-15T10:23:56.173] Init userContent json data complete.
[INFO 2015-06-15T10:23:56.173] Star init navigationContent json data.
[INFO 2015-06-15T10:23:56.175] Init navigationContent json data complete.
[INFO 2015-06-15T10:23:56.175] Star init groupContent json data.
[INFO 2015-06-15T10:23:56.177] Init groupContent json data complete.
[INFO 2015-06-15T10:57:30.223] Star init authContent json data.
[INFO 2015-06-15T10:57:30.419] Init authContent json data complete.
[INFO 2015-06-15T10:57:30.419] Star init userContent json data.
[INFO 2015-06-15T10:57:30.420] Init userContent json data complete.
[INFO 2015-06-15T10:57:30.421] Star init navigationContent json data.
[INFO 2015-06-15T10:57:30.423] Init navigationContent json data complete.
[INFO 2015-06-15T10:57:30.423] Star init groupContent json data.
[INFO 2015-06-15T10:57:30.424] Init groupContent json data complete.
[INFO 2015-06-15T11:02:08.564] Star init authContent json data.
[INFO 2015-06-15T11:02:08.797] Init authContent json data complete.
[INFO 2015-06-15T11:02:08.798] Star init userContent json data.
[INFO 2015-06-15T11:02:08.799] Init userContent json data complete.
[INFO 2015-06-15T11:02:08.799] Star init navigationContent json data.
[INFO 2015-06-15T11:02:08.802] Init navigationContent json data complete.
[INFO 2015-06-15T11:02:08.802] Star init groupContent json data.
[INFO 2015-06-15T11:02:08.804] Init groupContent json data complete.
[INFO 2015-06-15T15:47:56.036] Star init authContent json data.
[INFO 2015-06-15T15:47:56.237] Init authContent json data complete.
[INFO 2015-06-15T15:47:56.238] Star init userContent json data.
[INFO 2015-06-15T15:47:56.239] Init userContent json data complete.
[INFO 2015-06-15T15:47:56.240] Star init navigationContent json data.
[INFO 2015-06-15T15:47:56.255] Init navigationContent json data complete.
[INFO 2015-06-15T15:47:56.255] Star init groupContent json data.
[INFO 2015-06-15T15:47:56.257] Init groupContent json data complete.
[INFO 2015-06-15T15:51:58.696] Star init authContent json data.
[INFO 2015-06-15T15:51:58.897] Init authContent json data complete.
[INFO 2015-06-15T15:51:58.897] Star init userContent json data.
[INFO 2015-06-15T15:51:58.899] Init userContent json data complete.
[INFO 2015-06-15T15:51:58.899] Star init navigationContent json data.
[INFO 2015-06-15T15:51:58.901] Init navigationContent json data complete.
[INFO 2015-06-15T15:51:58.901] Star init groupContent json data.
[INFO 2015-06-15T15:51:58.903] Init groupContent json data complete.
[INFO 2015-06-15T16:25:48.177] Star init authContent json data.
[INFO 2015-06-15T16:25:48.409] Init authContent json data complete.
[INFO 2015-06-15T16:25:48.409] Star init userContent json data.
[INFO 2015-06-15T16:25:48.411] Init userContent json data complete.
[INFO 2015-06-15T16:25:48.411] Star init navigationContent json data.
[INFO 2015-06-15T16:25:48.413] Init navigationContent json data complete.
[INFO 2015-06-15T16:25:48.413] Star init groupContent json data.
[INFO 2015-06-15T16:25:48.415] Init groupContent json data complete.
[INFO 2015-06-15T16:30:53.081] Star init authContent json data.
[INFO 2015-06-15T16:30:53.289] Init authContent json data complete.
[INFO 2015-06-15T16:30:53.289] Star init userContent json data.
[INFO 2015-06-15T16:30:53.291] Init userContent json data complete.
[INFO 2015-06-15T16:30:53.291] Star init navigationContent json data.
[INFO 2015-06-15T16:30:53.293] Init navigationContent json data complete.
[INFO 2015-06-15T16:30:53.294] Star init groupContent json data.
[INFO 2015-06-15T16:30:53.295] Init groupContent json data complete.
[INFO 2015-06-15T16:33:39.583] Star init authContent json data.
[INFO 2015-06-15T16:33:39.806] Init authContent json data complete.
[INFO 2015-06-15T16:33:39.807] Star init userContent json data.
[INFO 2015-06-15T16:33:39.808] Init userContent json data complete.
[INFO 2015-06-15T16:33:39.808] Star init navigationContent json data.
[INFO 2015-06-15T16:33:39.811] Init navigationContent json data complete.
[INFO 2015-06-15T16:33:39.811] Star init groupContent json data.
[INFO 2015-06-15T16:33:39.813] Init groupContent json data complete.
[INFO 2015-06-15T16:35:38.138] Star init authContent json data.
[INFO 2015-06-15T16:35:38.413] Init authContent json data complete.
[INFO 2015-06-15T16:35:38.414] Star init userContent json data.
[INFO 2015-06-15T16:35:38.419] Init userContent json data complete.
[INFO 2015-06-15T16:35:38.419] Star init navigationContent json data.
[INFO 2015-06-15T16:35:38.422] Init navigationContent json data complete.
[INFO 2015-06-15T16:35:38.423] Star init groupContent json data.
[INFO 2015-06-15T16:35:38.424] Init groupContent json data complete.
[INFO 2015-06-15T16:45:00.652] Star init authContent json data.
[INFO 2015-06-15T16:45:00.851] Init authContent json data complete.
[INFO 2015-06-15T16:45:00.851] Star init userContent json data.
[INFO 2015-06-15T16:45:00.853] Init userContent json data complete.
[INFO 2015-06-15T16:45:00.853] Star init navigationContent json data.
[INFO 2015-06-15T16:45:00.855] Init navigationContent json data complete.
[INFO 2015-06-15T16:45:00.855] Star init groupContent json data.
[INFO 2015-06-15T16:45:00.857] Init groupContent json data complete.
[INFO 2015-06-15T16:53:32.399] Star init authContent json data.
[INFO 2015-06-15T16:53:32.682] Init authContent json data complete.
[INFO 2015-06-15T16:53:32.683] Star init userContent json data.
[INFO 2015-06-15T16:53:32.685] Init userContent json data complete.
[INFO 2015-06-15T16:53:32.685] Star init navigationContent json data.
[INFO 2015-06-15T16:53:32.688] Init navigationContent json data complete.
[INFO 2015-06-15T16:53:32.688] Star init groupContent json data.
[INFO 2015-06-15T16:53:32.690] Init groupContent json data complete.
[INFO 2015-06-15T17:01:22.018] Star init authContent json data.
[INFO 2015-06-15T17:01:22.223] Init authContent json data complete.
[INFO 2015-06-15T17:01:22.223] Star init userContent json data.
[INFO 2015-06-15T17:01:22.225] Init userContent json data complete.
[INFO 2015-06-15T17:01:22.225] Star init navigationContent json data.
[INFO 2015-06-15T17:01:22.228] Init navigationContent json data complete.
[INFO 2015-06-15T17:01:22.228] Star init groupContent json data.
[INFO 2015-06-15T17:01:22.230] Init groupContent json data complete.
[INFO 2015-06-15T17:16:03.519] Star init authContent json data.
[INFO 2015-06-15T17:16:03.726] Init authContent json data complete.
[INFO 2015-06-15T17:16:03.726] Star init userContent json data.
[INFO 2015-06-15T17:16:03.728] Init userContent json data complete.
[INFO 2015-06-15T17:16:03.728] Star init navigationContent json data.
[INFO 2015-06-15T17:16:03.730] Init navigationContent json data complete.
[INFO 2015-06-15T17:16:03.730] Star init groupContent json data.
[INFO 2015-06-15T17:16:03.732] Init groupContent json data complete.
