[INFO 2015-07-27T09:02:17.042] Star init authContent json data.
[INFO 2015-07-27T09:02:17.229] Init authContent json data complete.
[INFO 2015-07-27T09:02:17.229] Star init userContent json data.
[INFO 2015-07-27T09:02:17.229] Init userContent json data complete.
[INFO 2015-07-27T09:02:17.229] Star init navigationContent json data.
[INFO 2015-07-27T09:02:17.260] Init navigationContent json data complete.
[INFO 2015-07-27T09:02:17.260] Star init groupContent json data.
[INFO 2015-07-27T09:02:17.260] Init groupContent json data complete.
[INFO 2015-07-27T14:47:32.654] Star init authContent json data.
[INFO 2015-07-27T14:47:32.844] Init authContent json data complete.
[INFO 2015-07-27T14:47:32.844] Star init userContent json data.
[INFO 2015-07-27T14:47:32.846] Init userContent json data complete.
[INFO 2015-07-27T14:47:32.846] Star init navigationContent json data.
[INFO 2015-07-27T14:47:32.853] Init navigationContent json data complete.
[INFO 2015-07-27T14:47:32.853] Star init groupContent json data.
[INFO 2015-07-27T14:47:32.855] Init groupContent json data complete.
[INFO 2015-07-27T17:11:09.922] Star init authContent json data.
[INFO 2015-07-27T17:11:10.110] Init authContent json data complete.
[INFO 2015-07-27T17:11:10.110] Star init userContent json data.
[INFO 2015-07-27T17:11:10.112] Init userContent json data complete.
[INFO 2015-07-27T17:11:10.112] Star init navigationContent json data.
[INFO 2015-07-27T17:11:10.120] Init navigationContent json data complete.
[INFO 2015-07-27T17:11:10.120] Star init groupContent json data.
[INFO 2015-07-27T17:11:10.121] Init groupContent json data complete.
[INFO 2015-07-27T17:55:29.711] Star init authContent json data.
[INFO 2015-07-27T17:55:29.901] Init authContent json data complete.
[INFO 2015-07-27T17:55:29.901] Star init userContent json data.
[INFO 2015-07-27T17:55:29.902] Init userContent json data complete.
[INFO 2015-07-27T17:55:29.903] Star init navigationContent json data.
[INFO 2015-07-27T17:55:29.905] Init navigationContent json data complete.
[INFO 2015-07-27T17:55:29.905] Star init groupContent json data.
[INFO 2015-07-27T17:55:29.906] Init groupContent json data complete.
[INFO 2015-07-27T18:04:37.973] Star init authContent json data.
[INFO 2015-07-27T18:04:38.309] Init authContent json data complete.
[INFO 2015-07-27T18:04:38.309] Star init userContent json data.
[INFO 2015-07-27T18:04:38.312] Init userContent json data complete.
[INFO 2015-07-27T18:04:38.312] Star init navigationContent json data.
[INFO 2015-07-27T18:04:38.322] Init navigationContent json data complete.
[INFO 2015-07-27T18:04:38.323] Star init groupContent json data.
[INFO 2015-07-27T18:04:38.324] Init groupContent json data complete.
