[INFO 2015-04-16T09:31:49.214] Star init authContent json data.
[INFO 2015-04-16T09:31:49.424] Init authContent json data complete.
[INFO 2015-04-16T09:31:49.424] Star init userContent json data.
[INFO 2015-04-16T09:31:49.426] Init userContent json data complete.
[INFO 2015-04-16T09:31:49.426] Star init navigationContent json data.
[INFO 2015-04-16T09:31:49.428] Init navigationContent json data complete.
[INFO 2015-04-16T09:31:49.428] Star init groupContent json data.
[INFO 2015-04-16T09:31:49.430] Init groupContent json data complete.
[INFO 2015-04-16T09:51:57.779] Star init authContent json data.
[INFO 2015-04-16T09:51:58.022] Init authContent json data complete.
[INFO 2015-04-16T09:51:58.022] Star init userContent json data.
[INFO 2015-04-16T09:51:58.024] Init userContent json data complete.
[INFO 2015-04-16T09:51:58.024] Star init navigationContent json data.
[INFO 2015-04-16T09:51:58.026] Init navigationContent json data complete.
[INFO 2015-04-16T09:51:58.026] Star init groupContent json data.
[INFO 2015-04-16T09:51:58.028] Init groupContent json data complete.
[INFO 2015-04-16T09:54:39.797] Star init authContent json data.
[INFO 2015-04-16T09:54:39.997] Init authContent json data complete.
[INFO 2015-04-16T09:54:39.997] Star init userContent json data.
[INFO 2015-04-16T09:54:39.999] Init userContent json data complete.
[INFO 2015-04-16T09:54:39.999] Star init navigationContent json data.
[INFO 2015-04-16T09:54:40] Init navigationContent json data complete.
[INFO 2015-04-16T09:54:40.001] Star init groupContent json data.
[INFO 2015-04-16T09:54:40.002] Init groupContent json data complete.
[INFO 2015-04-16T10:26:06.596] Star init authContent json data.
[INFO 2015-04-16T10:26:06.809] Init authContent json data complete.
[INFO 2015-04-16T10:26:06.809] Star init userContent json data.
[INFO 2015-04-16T10:26:06.811] Init userContent json data complete.
[INFO 2015-04-16T10:26:06.811] Star init navigationContent json data.
[INFO 2015-04-16T10:26:06.813] Init navigationContent json data complete.
[INFO 2015-04-16T10:26:06.813] Star init groupContent json data.
[INFO 2015-04-16T10:26:06.815] Init groupContent json data complete.
