[INFO 2015-07-20T09:03:43.794] Star init authContent json data.
[INFO 2015-07-20T09:03:44.061] Init authContent json data complete.
[INFO 2015-07-20T09:03:44.061] Star init userContent json data.
[INFO 2015-07-20T09:03:44.061] Init userContent json data complete.
[INFO 2015-07-20T09:03:44.061] Star init navigationContent json data.
[INFO 2015-07-20T09:03:44.077] Init navigationContent json data complete.
[INFO 2015-07-20T09:03:44.077] Star init groupContent json data.
[INFO 2015-07-20T09:03:44.077] Init groupContent json data complete.
[INFO 2015-07-20T10:33:00.293] Star init authContent json data.
[INFO 2015-07-20T10:33:00.489] Init authContent json data complete.
[INFO 2015-07-20T10:33:00.489] Star init userContent json data.
[INFO 2015-07-20T10:33:00.490] Init userContent json data complete.
[INFO 2015-07-20T10:33:00.491] Star init navigationContent json data.
[INFO 2015-07-20T10:33:00.493] Init navigationContent json data complete.
[INFO 2015-07-20T10:33:00.493] Star init groupContent json data.
[INFO 2015-07-20T10:33:00.494] Init groupContent json data complete.
[INFO 2015-07-20T11:27:46.406] Star init authContent json data.
[INFO 2015-07-20T11:27:46.598] Init authContent json data complete.
[INFO 2015-07-20T11:27:46.598] Star init userContent json data.
[INFO 2015-07-20T11:27:46.600] Init userContent json data complete.
[INFO 2015-07-20T11:27:46.600] Star init navigationContent json data.
[INFO 2015-07-20T11:27:46.613] Init navigationContent json data complete.
[INFO 2015-07-20T11:27:46.613] Star init groupContent json data.
[INFO 2015-07-20T11:27:46.614] Init groupContent json data complete.
[INFO 2015-07-20T12:04:51.902] Star init authContent json data.
[INFO 2015-07-20T12:04:52.121] Init authContent json data complete.
[INFO 2015-07-20T12:04:52.121] Star init userContent json data.
[INFO 2015-07-20T12:04:52.122] Init userContent json data complete.
[INFO 2015-07-20T12:04:52.123] Star init navigationContent json data.
[INFO 2015-07-20T12:04:52.125] Init navigationContent json data complete.
[INFO 2015-07-20T12:04:52.125] Star init groupContent json data.
[INFO 2015-07-20T12:04:52.126] Init groupContent json data complete.
