[INFO 2015-06-02T09:31:16.805] Star init authContent json data.
[INFO 2015-06-02T09:31:17.116] Init authContent json data complete.
[INFO 2015-06-02T09:31:17.116] Star init userContent json data.
[INFO 2015-06-02T09:31:17.116] Init userContent json data complete.
[INFO 2015-06-02T09:31:17.116] Star init navigationContent json data.
[INFO 2015-06-02T09:31:17.116] Init navigationContent json data complete.
[INFO 2015-06-02T09:31:17.116] Star init groupContent json data.
[INFO 2015-06-02T09:31:17.132] Init groupContent json data complete.
[INFO 2015-06-02T09:56:37.429] Star init authContent json data.
[INFO 2015-06-02T09:56:37.617] Init authContent json data complete.
[INFO 2015-06-02T09:56:37.617] Star init userContent json data.
[INFO 2015-06-02T09:56:37.617] Init userContent json data complete.
[INFO 2015-06-02T09:56:37.617] Star init navigationContent json data.
[INFO 2015-06-02T09:56:37.617] Init navigationContent json data complete.
[INFO 2015-06-02T09:56:37.617] Star init groupContent json data.
[INFO 2015-06-02T09:56:37.617] Init groupContent json data complete.
[INFO 2015-06-02T09:57:15.479] Star init authContent json data.
[INFO 2015-06-02T09:57:15.667] Init authContent json data complete.
[INFO 2015-06-02T09:57:15.667] Star init userContent json data.
[INFO 2015-06-02T09:57:15.667] Init userContent json data complete.
[INFO 2015-06-02T09:57:15.667] Star init navigationContent json data.
[INFO 2015-06-02T09:57:15.667] Init navigationContent json data complete.
[INFO 2015-06-02T09:57:15.667] Star init groupContent json data.
[INFO 2015-06-02T09:57:15.667] Init groupContent json data complete.
[INFO 2015-06-02T09:59:27.873] Star init authContent json data.
[INFO 2015-06-02T09:59:28.052] Init authContent json data complete.
[INFO 2015-06-02T09:59:28.052] Star init userContent json data.
[INFO 2015-06-02T09:59:28.052] Init userContent json data complete.
[INFO 2015-06-02T09:59:28.052] Star init navigationContent json data.
[INFO 2015-06-02T09:59:28.052] Init navigationContent json data complete.
[INFO 2015-06-02T09:59:28.052] Star init groupContent json data.
[INFO 2015-06-02T09:59:28.052] Init groupContent json data complete.
[INFO 2015-06-02T11:04:24.957] Star init authContent json data.
[INFO 2015-06-02T11:04:25.150] Init authContent json data complete.
[INFO 2015-06-02T11:04:25.150] Star init userContent json data.
[INFO 2015-06-02T11:04:25.150] Init userContent json data complete.
[INFO 2015-06-02T11:04:25.150] Star init navigationContent json data.
[INFO 2015-06-02T11:04:25.150] Init navigationContent json data complete.
[INFO 2015-06-02T11:04:25.150] Star init groupContent json data.
[INFO 2015-06-02T11:04:25.150] Init groupContent json data complete.
[INFO 2015-06-02T11:14:01.539] Star init authContent json data.
[INFO 2015-06-02T11:14:01.729] Init authContent json data complete.
[INFO 2015-06-02T11:14:01.729] Star init userContent json data.
[INFO 2015-06-02T11:14:01.729] Init userContent json data complete.
[INFO 2015-06-02T11:14:01.729] Star init navigationContent json data.
[INFO 2015-06-02T11:14:01.744] Init navigationContent json data complete.
[INFO 2015-06-02T11:14:01.745] Star init groupContent json data.
[INFO 2015-06-02T11:14:01.745] Init groupContent json data complete.
[INFO 2015-06-02T16:39:42.939] Star init authContent json data.
[INFO 2015-06-02T16:39:43.146] Init authContent json data complete.
[INFO 2015-06-02T16:39:43.146] Star init userContent json data.
[INFO 2015-06-02T16:39:43.148] Init userContent json data complete.
[INFO 2015-06-02T16:39:43.148] Star init navigationContent json data.
[INFO 2015-06-02T16:39:43.158] Init navigationContent json data complete.
[INFO 2015-06-02T16:39:43.159] Star init groupContent json data.
[INFO 2015-06-02T16:39:43.160] Init groupContent json data complete.
[INFO 2015-06-02T16:40:45.916] Star init authContent json data.
[INFO 2015-06-02T16:40:46.137] Init authContent json data complete.
[INFO 2015-06-02T16:40:46.137] Star init userContent json data.
[INFO 2015-06-02T16:40:46.138] Init userContent json data complete.
[INFO 2015-06-02T16:40:46.139] Star init navigationContent json data.
[INFO 2015-06-02T16:40:46.141] Init navigationContent json data complete.
[INFO 2015-06-02T16:40:46.141] Star init groupContent json data.
[INFO 2015-06-02T16:40:46.143] Init groupContent json data complete.
[INFO 2015-06-02T16:42:37.429] Star init authContent json data.
[INFO 2015-06-02T16:42:37.628] Init authContent json data complete.
[INFO 2015-06-02T16:42:37.628] Star init userContent json data.
[INFO 2015-06-02T16:42:37.629] Init userContent json data complete.
[INFO 2015-06-02T16:42:37.630] Star init navigationContent json data.
[INFO 2015-06-02T16:42:37.632] Init navigationContent json data complete.
[INFO 2015-06-02T16:42:37.632] Star init groupContent json data.
[INFO 2015-06-02T16:42:37.634] Init groupContent json data complete.
[INFO 2015-06-02T19:49:19.389] Star init authContent json data.
[INFO 2015-06-02T19:49:19.591] Init authContent json data complete.
[INFO 2015-06-02T19:49:19.591] Star init userContent json data.
[INFO 2015-06-02T19:49:19.593] Init userContent json data complete.
[INFO 2015-06-02T19:49:19.593] Star init navigationContent json data.
[INFO 2015-06-02T19:49:19.595] Init navigationContent json data complete.
[INFO 2015-06-02T19:49:19.596] Star init groupContent json data.
[INFO 2015-06-02T19:49:19.597] Init groupContent json data complete.
[INFO 2015-06-02T19:53:52.429] Star init authContent json data.
[INFO 2015-06-02T19:53:52.639] Init authContent json data complete.
[INFO 2015-06-02T19:53:52.640] Star init userContent json data.
[INFO 2015-06-02T19:53:52.641] Init userContent json data complete.
[INFO 2015-06-02T19:53:52.642] Star init navigationContent json data.
[INFO 2015-06-02T19:53:52.644] Init navigationContent json data complete.
[INFO 2015-06-02T19:53:52.644] Star init groupContent json data.
[INFO 2015-06-02T19:53:52.646] Init groupContent json data complete.
[INFO 2015-06-02T20:15:21.902] Star init authContent json data.
[INFO 2015-06-02T20:15:22.103] Init authContent json data complete.
[INFO 2015-06-02T20:15:22.103] Star init userContent json data.
[INFO 2015-06-02T20:15:22.105] Init userContent json data complete.
[INFO 2015-06-02T20:15:22.105] Star init navigationContent json data.
[INFO 2015-06-02T20:15:22.108] Init navigationContent json data complete.
[INFO 2015-06-02T20:15:22.108] Star init groupContent json data.
[INFO 2015-06-02T20:15:22.109] Init groupContent json data complete.
