[INFO 2015-06-09T09:41:16.650] Star init authContent json data.
[INFO 2015-06-09T09:41:16.850] Init authContent json data complete.
[INFO 2015-06-09T09:41:16.850] Star init userContent json data.
[INFO 2015-06-09T09:41:16.852] Init userContent json data complete.
[INFO 2015-06-09T09:41:16.852] Star init navigationContent json data.
[INFO 2015-06-09T09:41:16.865] Init navigationContent json data complete.
[INFO 2015-06-09T09:41:16.865] Star init groupContent json data.
[INFO 2015-06-09T09:41:16.866] Init groupContent json data complete.
[INFO 2015-06-09T10:27:01.205] Star init authContent json data.
[INFO 2015-06-09T10:27:01.408] Init authContent json data complete.
[INFO 2015-06-09T10:27:01.408] Star init userContent json data.
[INFO 2015-06-09T10:27:01.410] Init userContent json data complete.
[INFO 2015-06-09T10:27:01.410] Star init navigationContent json data.
[INFO 2015-06-09T10:27:01.413] Init navigationContent json data complete.
[INFO 2015-06-09T10:27:01.413] Star init groupContent json data.
[INFO 2015-06-09T10:27:01.414] Init groupContent json data complete.
[INFO 2015-06-09T10:50:26.490] Star init authContent json data.
[INFO 2015-06-09T10:50:26.697] Init authContent json data complete.
[INFO 2015-06-09T10:50:26.697] Star init userContent json data.
[INFO 2015-06-09T10:50:26.699] Init userContent json data complete.
[INFO 2015-06-09T10:50:26.699] Star init navigationContent json data.
[INFO 2015-06-09T10:50:26.701] Init navigationContent json data complete.
[INFO 2015-06-09T10:50:26.701] Star init groupContent json data.
[INFO 2015-06-09T10:50:26.703] Init groupContent json data complete.
[INFO 2015-06-09T11:06:19.783] Star init authContent json data.
[INFO 2015-06-09T11:06:19.982] Init authContent json data complete.
[INFO 2015-06-09T11:06:19.983] Star init userContent json data.
[INFO 2015-06-09T11:06:19.985] Init userContent json data complete.
[INFO 2015-06-09T11:06:19.985] Star init navigationContent json data.
[INFO 2015-06-09T11:06:19.987] Init navigationContent json data complete.
[INFO 2015-06-09T11:06:19.988] Star init groupContent json data.
[INFO 2015-06-09T11:06:19.989] Init groupContent json data complete.
[INFO 2015-06-09T11:58:40.066] Star init authContent json data.
[INFO 2015-06-09T11:58:40.275] Init authContent json data complete.
[INFO 2015-06-09T11:58:40.275] Star init userContent json data.
[INFO 2015-06-09T11:58:40.277] Init userContent json data complete.
[INFO 2015-06-09T11:58:40.277] Star init navigationContent json data.
[INFO 2015-06-09T11:58:40.279] Init navigationContent json data complete.
[INFO 2015-06-09T11:58:40.280] Star init groupContent json data.
[INFO 2015-06-09T11:58:40.281] Init groupContent json data complete.
[INFO 2015-06-09T14:41:49.873] Star init authContent json data.
[INFO 2015-06-09T14:41:50.096] Init authContent json data complete.
[INFO 2015-06-09T14:41:50.096] Star init userContent json data.
[INFO 2015-06-09T14:41:50.098] Init userContent json data complete.
[INFO 2015-06-09T14:41:50.099] Star init navigationContent json data.
[INFO 2015-06-09T14:41:50.103] Init navigationContent json data complete.
[INFO 2015-06-09T14:41:50.103] Star init groupContent json data.
[INFO 2015-06-09T14:41:50.105] Init groupContent json data complete.
[INFO 2015-06-09T14:59:09.612] Star init authContent json data.
[INFO 2015-06-09T14:59:09.814] Init authContent json data complete.
[INFO 2015-06-09T14:59:09.814] Star init userContent json data.
[INFO 2015-06-09T14:59:09.816] Init userContent json data complete.
[INFO 2015-06-09T14:59:09.816] Star init navigationContent json data.
[INFO 2015-06-09T14:59:09.819] Init navigationContent json data complete.
[INFO 2015-06-09T14:59:09.819] Star init groupContent json data.
[INFO 2015-06-09T14:59:09.820] Init groupContent json data complete.
