[INFO 2015-03-19T10:08:16.578] Star init authContent json data.
[INFO 2015-03-19T10:08:16.781] Init authContent json data complete.
[INFO 2015-03-19T10:08:16.781] Star init userContent json data.
[INFO 2015-03-19T10:08:16.784] Init userContent json data complete.
[INFO 2015-03-19T10:08:16.784] Star init navigationContent json data.
[INFO 2015-03-19T10:08:16.786] Init navigationContent json data complete.
[INFO 2015-03-19T10:08:16.786] Star init groupContent json data.
[INFO 2015-03-19T10:08:16.788] Init groupContent json data complete.
[INFO 2015-03-19T11:39:15.272] Star init authContent json data.
[INFO 2015-03-19T11:39:15.477] Init authContent json data complete.
[INFO 2015-03-19T11:39:15.477] Star init userContent json data.
[INFO 2015-03-19T11:39:15.479] Init userContent json data complete.
[INFO 2015-03-19T11:39:15.479] Star init navigationContent json data.
[INFO 2015-03-19T11:39:15.481] Init navigationContent json data complete.
[INFO 2015-03-19T11:39:15.481] Star init groupContent json data.
[INFO 2015-03-19T11:39:15.483] Init groupContent json data complete.
[INFO 2015-03-19T11:52:50.863] Star init authContent json data.
[INFO 2015-03-19T11:52:51.085] Init authContent json data complete.
[INFO 2015-03-19T11:52:51.085] Star init userContent json data.
[INFO 2015-03-19T11:52:51.087] Init userContent json data complete.
[INFO 2015-03-19T11:52:51.088] Star init navigationContent json data.
[INFO 2015-03-19T11:52:51.090] Init navigationContent json data complete.
[INFO 2015-03-19T11:52:51.090] Star init groupContent json data.
[INFO 2015-03-19T11:52:51.092] Init groupContent json data complete.
