[INFO 2015-06-23T09:21:30.610] Star init authContent json data.
[INFO 2015-06-23T09:21:30.800] Init authContent json data complete.
[INFO 2015-06-23T09:21:30.800] Star init userContent json data.
[INFO 2015-06-23T09:21:30.800] Init userContent json data complete.
[INFO 2015-06-23T09:21:30.800] Star init navigationContent json data.
[INFO 2015-06-23T09:21:30.818] Init navigationContent json data complete.
[INFO 2015-06-23T09:21:30.818] Star init groupContent json data.
[INFO 2015-06-23T09:21:30.818] Init groupContent json data complete.
[INFO 2015-06-23T09:29:45.970] Star init authContent json data.
[INFO 2015-06-23T09:29:46.161] Init authContent json data complete.
[INFO 2015-06-23T09:29:46.161] Star init userContent json data.
[INFO 2015-06-23T09:29:46.161] Init userContent json data complete.
[INFO 2015-06-23T09:29:46.161] Star init navigationContent json data.
[INFO 2015-06-23T09:29:46.161] Init navigationContent json data complete.
[INFO 2015-06-23T09:29:46.161] Star init groupContent json data.
[INFO 2015-06-23T09:29:46.161] Init groupContent json data complete.
[INFO 2015-06-23T10:10:26.836] Star init authContent json data.
[INFO 2015-06-23T10:10:27.042] Init authContent json data complete.
[INFO 2015-06-23T10:10:27.042] Star init userContent json data.
[INFO 2015-06-23T10:10:27.042] Init userContent json data complete.
[INFO 2015-06-23T10:10:27.042] Star init navigationContent json data.
[INFO 2015-06-23T10:10:27.042] Init navigationContent json data complete.
[INFO 2015-06-23T10:10:27.042] Star init groupContent json data.
[INFO 2015-06-23T10:10:27.059] Init groupContent json data complete.
[INFO 2015-06-23T11:10:55.678] Star init authContent json data.
[INFO 2015-06-23T11:10:55.906] Init authContent json data complete.
[INFO 2015-06-23T11:10:55.906] Star init userContent json data.
[INFO 2015-06-23T11:10:55.906] Init userContent json data complete.
[INFO 2015-06-23T11:10:55.906] Star init navigationContent json data.
[INFO 2015-06-23T11:10:55.906] Init navigationContent json data complete.
[INFO 2015-06-23T11:10:55.906] Star init groupContent json data.
[INFO 2015-06-23T11:10:55.906] Init groupContent json data complete.
[INFO 2015-06-23T11:54:04.287] Star init authContent json data.
[INFO 2015-06-23T11:54:04.518] Init authContent json data complete.
[INFO 2015-06-23T11:54:04.518] Star init userContent json data.
[INFO 2015-06-23T11:54:04.518] Init userContent json data complete.
[INFO 2015-06-23T11:54:04.518] Star init navigationContent json data.
[INFO 2015-06-23T11:54:04.518] Init navigationContent json data complete.
[INFO 2015-06-23T11:54:04.518] Star init groupContent json data.
[INFO 2015-06-23T11:54:04.518] Init groupContent json data complete.
[INFO 2015-06-23T14:20:54.131] Star init authContent json data.
[INFO 2015-06-23T14:20:54.317] Init authContent json data complete.
[INFO 2015-06-23T14:20:54.317] Star init userContent json data.
[INFO 2015-06-23T14:20:54.317] Init userContent json data complete.
[INFO 2015-06-23T14:20:54.317] Star init navigationContent json data.
[INFO 2015-06-23T14:20:54.333] Init navigationContent json data complete.
[INFO 2015-06-23T14:20:54.333] Star init groupContent json data.
[INFO 2015-06-23T14:20:54.333] Init groupContent json data complete.
[INFO 2015-06-23T14:22:18.740] Star init authContent json data.
[INFO 2015-06-23T14:22:18.934] Init authContent json data complete.
[INFO 2015-06-23T14:22:18.934] Star init userContent json data.
[INFO 2015-06-23T14:22:18.935] Init userContent json data complete.
[INFO 2015-06-23T14:22:18.936] Star init navigationContent json data.
[INFO 2015-06-23T14:22:18.938] Init navigationContent json data complete.
[INFO 2015-06-23T14:22:18.938] Star init groupContent json data.
[INFO 2015-06-23T14:22:18.939] Init groupContent json data complete.
[INFO 2015-06-23T16:23:57.344] Star init authContent json data.
[INFO 2015-06-23T16:23:57.654] Init authContent json data complete.
[INFO 2015-06-23T16:23:57.655] Star init userContent json data.
[INFO 2015-06-23T16:23:57.656] Init userContent json data complete.
[INFO 2015-06-23T16:23:57.657] Star init navigationContent json data.
[INFO 2015-06-23T16:23:57.667] Init navigationContent json data complete.
[INFO 2015-06-23T16:23:57.667] Star init groupContent json data.
[INFO 2015-06-23T16:23:57.670] Init groupContent json data complete.
[INFO 2015-06-23T16:41:06.814] Star init authContent json data.
[INFO 2015-06-23T16:41:07.036] Init authContent json data complete.
[INFO 2015-06-23T16:41:07.036] Star init userContent json data.
[INFO 2015-06-23T16:41:07.036] Init userContent json data complete.
[INFO 2015-06-23T16:41:07.036] Star init navigationContent json data.
[INFO 2015-06-23T16:41:07.047] Init navigationContent json data complete.
[INFO 2015-06-23T16:41:07.048] Star init groupContent json data.
[INFO 2015-06-23T16:41:07.049] Init groupContent json data complete.
[INFO 2015-06-23T18:24:47.688] Star init authContent json data.
[INFO 2015-06-23T18:24:47.897] Init authContent json data complete.
[INFO 2015-06-23T18:24:47.897] Star init userContent json data.
[INFO 2015-06-23T18:24:47.897] Init userContent json data complete.
[INFO 2015-06-23T18:24:47.897] Star init navigationContent json data.
[INFO 2015-06-23T18:24:47.907] Init navigationContent json data complete.
[INFO 2015-06-23T18:24:47.907] Star init groupContent json data.
[INFO 2015-06-23T18:24:47.907] Init groupContent json data complete.
[INFO 2015-06-23T18:31:33.805] Star init authContent json data.
[INFO 2015-06-23T18:31:34.006] Init authContent json data complete.
[INFO 2015-06-23T18:31:34.006] Star init userContent json data.
[INFO 2015-06-23T18:31:34.006] Init userContent json data complete.
[INFO 2015-06-23T18:31:34.006] Star init navigationContent json data.
[INFO 2015-06-23T18:31:34.006] Init navigationContent json data complete.
[INFO 2015-06-23T18:31:34.016] Star init groupContent json data.
[INFO 2015-06-23T18:31:34.016] Init groupContent json data complete.
[INFO 2015-06-23T18:34:29.231] Star init authContent json data.
[INFO 2015-06-23T18:34:29.440] Init authContent json data complete.
[INFO 2015-06-23T18:34:29.440] Star init userContent json data.
[INFO 2015-06-23T18:34:29.440] Init userContent json data complete.
[INFO 2015-06-23T18:34:29.440] Star init navigationContent json data.
[INFO 2015-06-23T18:34:29.440] Init navigationContent json data complete.
[INFO 2015-06-23T18:34:29.440] Star init groupContent json data.
[INFO 2015-06-23T18:34:29.440] Init groupContent json data complete.
