[INFO 2015-06-12T08:50:31.432] Star init authContent json data.
[INFO 2015-06-12T08:50:31.641] Init authContent json data complete.
[INFO 2015-06-12T08:50:31.641] Star init userContent json data.
[INFO 2015-06-12T08:50:31.641] Init userContent json data complete.
[INFO 2015-06-12T08:50:31.641] Star init navigationContent json data.
[INFO 2015-06-12T08:50:31.641] Init navigationContent json data complete.
[INFO 2015-06-12T08:50:31.641] Star init groupContent json data.
[INFO 2015-06-12T08:50:31.641] Init groupContent json data complete.
[INFO 2015-06-12T17:42:19.878] Star init authContent json data.
[INFO 2015-06-12T17:42:20.115] Init authContent json data complete.
[INFO 2015-06-12T17:42:20.115] Star init userContent json data.
[INFO 2015-06-12T17:42:20.117] Init userContent json data complete.
[INFO 2015-06-12T17:42:20.117] Star init navigationContent json data.
[INFO 2015-06-12T17:42:20.125] Init navigationContent json data complete.
[INFO 2015-06-12T17:42:20.125] Star init groupContent json data.
[INFO 2015-06-12T17:42:20.126] Init groupContent json data complete.
[INFO 2015-06-12T18:24:46.341] Star init authContent json data.
[INFO 2015-06-12T18:24:46.575] Init authContent json data complete.
[INFO 2015-06-12T18:24:46.575] Star init userContent json data.
[INFO 2015-06-12T18:24:46.577] Init userContent json data complete.
[INFO 2015-06-12T18:24:46.577] Star init navigationContent json data.
[INFO 2015-06-12T18:24:46.579] Init navigationContent json data complete.
[INFO 2015-06-12T18:24:46.579] Star init groupContent json data.
[INFO 2015-06-12T18:24:46.581] Init groupContent json data complete.
