[INFO 2015-02-05T08:58:57.357] Star init authContent json data.
[INFO 2015-02-05T08:58:57.591] Init authContent json data complete.
[INFO 2015-02-05T08:58:57.591] Star init userContent json data.
[INFO 2015-02-05T08:58:57.591] Init userContent json data complete.
[INFO 2015-02-05T08:58:57.591] Star init navigationContent json data.
[INFO 2015-02-05T08:58:57.591] Init navigationContent json data complete.
[INFO 2015-02-05T08:58:57.591] Star init groupContent json data.
[INFO 2015-02-05T08:58:57.591] Init groupContent json data complete.
[INFO 2015-02-05T17:30:16.456] Star init authContent json data.
[INFO 2015-02-05T17:30:16.662] Init authContent json data complete.
[INFO 2015-02-05T17:30:16.662] Star init userContent json data.
[INFO 2015-02-05T17:30:16.664] Init userContent json data complete.
[INFO 2015-02-05T17:30:16.664] Star init navigationContent json data.
[INFO 2015-02-05T17:30:16.666] Init navigationContent json data complete.
[INFO 2015-02-05T17:30:16.666] Star init groupContent json data.
[INFO 2015-02-05T17:30:16.667] Init groupContent json data complete.
[INFO 2015-02-05T19:53:58.809] Star init authContent json data.
[INFO 2015-02-05T19:53:59.047] Init authContent json data complete.
[INFO 2015-02-05T19:53:59.047] Star init userContent json data.
[INFO 2015-02-05T19:53:59.050] Init userContent json data complete.
[INFO 2015-02-05T19:53:59.050] Star init navigationContent json data.
[INFO 2015-02-05T19:53:59.058] Init navigationContent json data complete.
[INFO 2015-02-05T19:53:59.058] Star init groupContent json data.
[INFO 2015-02-05T19:53:59.060] Init groupContent json data complete.
