[INFO 2015-05-19T09:14:08.180] Star init authContent json data.
[INFO 2015-05-19T09:14:08.367] Init authContent json data complete.
[INFO 2015-05-19T09:14:08.367] Star init userContent json data.
[INFO 2015-05-19T09:14:08.367] Init userContent json data complete.
[INFO 2015-05-19T09:14:08.367] Star init navigationContent json data.
[INFO 2015-05-19T09:14:08.383] Init navigationContent json data complete.
[INFO 2015-05-19T09:14:08.383] Star init groupContent json data.
[INFO 2015-05-19T09:14:08.383] Init groupContent json data complete.
[INFO 2015-05-19T09:40:05.591] Star init authContent json data.
[INFO 2015-05-19T09:40:05.793] Init authContent json data complete.
[INFO 2015-05-19T09:40:05.793] Star init userContent json data.
[INFO 2015-05-19T09:40:05.795] Init userContent json data complete.
[INFO 2015-05-19T09:40:05.795] Star init navigationContent json data.
[INFO 2015-05-19T09:40:05.798] Init navigationContent json data complete.
[INFO 2015-05-19T09:40:05.798] Star init groupContent json data.
[INFO 2015-05-19T09:40:05.800] Init groupContent json data complete.
[INFO 2015-05-19T09:52:23.346] Star init authContent json data.
[INFO 2015-05-19T09:52:23.547] Init authContent json data complete.
[INFO 2015-05-19T09:52:23.547] Star init userContent json data.
[INFO 2015-05-19T09:52:23.549] Init userContent json data complete.
[INFO 2015-05-19T09:52:23.549] Star init navigationContent json data.
[INFO 2015-05-19T09:52:23.552] Init navigationContent json data complete.
[INFO 2015-05-19T09:52:23.552] Star init groupContent json data.
[INFO 2015-05-19T09:52:23.554] Init groupContent json data complete.
