[INFO 2015-08-13T09:07:47.108] Star init authContent json data.
[INFO 2015-08-13T09:07:47.296] Init authContent json data complete.
[INFO 2015-08-13T09:07:47.296] Star init userContent json data.
[INFO 2015-08-13T09:07:47.296] Init userContent json data complete.
[INFO 2015-08-13T09:07:47.296] Star init navigationContent json data.
[INFO 2015-08-13T09:07:47.312] Init navigationContent json data complete.
[INFO 2015-08-13T09:07:47.312] Star init groupContent json data.
[INFO 2015-08-13T09:07:47.312] Init groupContent json data complete.
[INFO 2015-08-13T09:31:36.053] Star init authContent json data.
[INFO 2015-08-13T09:31:36.255] Init authContent json data complete.
[INFO 2015-08-13T09:31:36.255] Star init userContent json data.
[INFO 2015-08-13T09:31:36.255] Init userContent json data complete.
[INFO 2015-08-13T09:31:36.255] Star init navigationContent json data.
[INFO 2015-08-13T09:31:36.255] Init navigationContent json data complete.
[INFO 2015-08-13T09:31:36.255] Star init groupContent json data.
[INFO 2015-08-13T09:31:36.255] Init groupContent json data complete.
[INFO 2015-08-13T17:42:08.440] Star init authContent json data.
[INFO 2015-08-13T17:42:08.632] Init authContent json data complete.
[INFO 2015-08-13T17:42:08.632] Star init userContent json data.
[INFO 2015-08-13T17:42:08.634] Init userContent json data complete.
[INFO 2015-08-13T17:42:08.634] Star init navigationContent json data.
[INFO 2015-08-13T17:42:08.657] Init navigationContent json data complete.
[INFO 2015-08-13T17:42:08.658] Star init groupContent json data.
[INFO 2015-08-13T17:42:08.659] Init groupContent json data complete.
[INFO 2015-08-13T17:46:10.710] Star init authContent json data.
[INFO 2015-08-13T17:46:10.926] Init authContent json data complete.
[INFO 2015-08-13T17:46:10.926] Star init userContent json data.
[INFO 2015-08-13T17:46:10.927] Init userContent json data complete.
[INFO 2015-08-13T17:46:10.928] Star init navigationContent json data.
[INFO 2015-08-13T17:46:10.930] Init navigationContent json data complete.
[INFO 2015-08-13T17:46:10.930] Star init groupContent json data.
[INFO 2015-08-13T17:46:10.931] Init groupContent json data complete.
[INFO 2015-08-13T17:49:41.779] Star init authContent json data.
[INFO 2015-08-13T17:49:42.080] Init authContent json data complete.
[INFO 2015-08-13T17:49:42.081] Star init userContent json data.
[INFO 2015-08-13T17:49:42.085] Init userContent json data complete.
[INFO 2015-08-13T17:49:42.085] Star init navigationContent json data.
[INFO 2015-08-13T17:49:42.090] Init navigationContent json data complete.
[INFO 2015-08-13T17:49:42.092] Star init groupContent json data.
[INFO 2015-08-13T17:49:42.095] Init groupContent json data complete.
[INFO 2015-08-13T17:53:14.637] Star init authContent json data.
[INFO 2015-08-13T17:53:14.824] Init authContent json data complete.
[INFO 2015-08-13T17:53:14.824] Star init userContent json data.
[INFO 2015-08-13T17:53:14.826] Init userContent json data complete.
[INFO 2015-08-13T17:53:14.826] Star init navigationContent json data.
[INFO 2015-08-13T17:53:14.828] Init navigationContent json data complete.
[INFO 2015-08-13T17:53:14.828] Star init groupContent json data.
[INFO 2015-08-13T17:53:14.829] Init groupContent json data complete.
