[INFO 2015-07-24T09:38:17.898] Star init authContent json data.
[INFO 2015-07-24T09:38:18.103] Init authContent json data complete.
[INFO 2015-07-24T09:38:18.104] Star init userContent json data.
[INFO 2015-07-24T09:38:18.105] Init userContent json data complete.
[INFO 2015-07-24T09:38:18.106] Star init navigationContent json data.
[INFO 2015-07-24T09:38:18.120] Init navigationContent json data complete.
[INFO 2015-07-24T09:38:18.120] Star init groupContent json data.
[INFO 2015-07-24T09:38:18.121] Init groupContent json data complete.
[INFO 2015-07-24T10:14:09.070] Star init authContent json data.
[INFO 2015-07-24T10:14:09.255] Init authContent json data complete.
[INFO 2015-07-24T10:14:09.255] Star init userContent json data.
[INFO 2015-07-24T10:14:09.257] Init userContent json data complete.
[INFO 2015-07-24T10:14:09.257] Star init navigationContent json data.
[INFO 2015-07-24T10:14:09.265] Init navigationContent json data complete.
[INFO 2015-07-24T10:14:09.265] Star init groupContent json data.
[INFO 2015-07-24T10:14:09.267] Init groupContent json data complete.
[INFO 2015-07-24T14:50:31.735] Star init authContent json data.
[INFO 2015-07-24T14:50:31.925] Init authContent json data complete.
[INFO 2015-07-24T14:50:31.925] Star init userContent json data.
[INFO 2015-07-24T14:50:31.927] Init userContent json data complete.
[INFO 2015-07-24T14:50:31.928] Star init navigationContent json data.
[INFO 2015-07-24T14:50:31.944] Init navigationContent json data complete.
[INFO 2015-07-24T14:50:31.944] Star init groupContent json data.
[INFO 2015-07-24T14:50:31.945] Init groupContent json data complete.
