[INFO 2015-03-04T10:32:42.296] Star init authContent json data.
[INFO 2015-03-04T10:32:42.501] Init authContent json data complete.
[INFO 2015-03-04T10:32:42.501] Star init userContent json data.
[INFO 2015-03-04T10:32:42.503] Init userContent json data complete.
[INFO 2015-03-04T10:32:42.503] Star init navigationContent json data.
[INFO 2015-03-04T10:32:42.505] Init navigationContent json data complete.
[INFO 2015-03-04T10:32:42.505] Star init groupContent json data.
[INFO 2015-03-04T10:32:42.507] Init groupContent json data complete.
[INFO 2015-03-04T10:52:45.935] Star init authContent json data.
[INFO 2015-03-04T10:52:46.141] Init authContent json data complete.
[INFO 2015-03-04T10:52:46.141] Star init userContent json data.
[INFO 2015-03-04T10:52:46.143] Init userContent json data complete.
[INFO 2015-03-04T10:52:46.143] Star init navigationContent json data.
[INFO 2015-03-04T10:52:46.146] Init navigationContent json data complete.
[INFO 2015-03-04T10:52:46.146] Star init groupContent json data.
[INFO 2015-03-04T10:52:46.148] Init groupContent json data complete.
[INFO 2015-03-04T19:36:21.703] Star init authContent json data.
[INFO 2015-03-04T19:36:21.912] Init authContent json data complete.
[INFO 2015-03-04T19:36:21.912] Star init userContent json data.
[INFO 2015-03-04T19:36:21.914] Init userContent json data complete.
[INFO 2015-03-04T19:36:21.914] Star init navigationContent json data.
[INFO 2015-03-04T19:36:21.916] Init navigationContent json data complete.
[INFO 2015-03-04T19:36:21.916] Star init groupContent json data.
[INFO 2015-03-04T19:36:21.918] Init groupContent json data complete.
[INFO 2015-03-04T20:27:30.280] Star init authContent json data.
[INFO 2015-03-04T20:27:30.509] Init authContent json data complete.
[INFO 2015-03-04T20:27:30.509] Star init userContent json data.
[INFO 2015-03-04T20:27:30.511] Init userContent json data complete.
[INFO 2015-03-04T20:27:30.511] Star init navigationContent json data.
[INFO 2015-03-04T20:27:30.514] Init navigationContent json data complete.
[INFO 2015-03-04T20:27:30.514] Star init groupContent json data.
[INFO 2015-03-04T20:27:30.516] Init groupContent json data complete.
