[INFO 2015-05-11T09:16:34.825] Star init authContent json data.
[INFO 2015-05-11T09:16:35.025] Init authContent json data complete.
[INFO 2015-05-11T09:16:35.025] Star init userContent json data.
[INFO 2015-05-11T09:16:35.027] Init userContent json data complete.
[INFO 2015-05-11T09:16:35.027] Star init navigationContent json data.
[INFO 2015-05-11T09:16:35.042] Init navigationContent json data complete.
[INFO 2015-05-11T09:16:35.042] Star init groupContent json data.
[INFO 2015-05-11T09:16:35.044] Init groupContent json data complete.
[INFO 2015-05-11T09:39:57.565] Star init authContent json data.
[INFO 2015-05-11T09:39:57.795] Init authContent json data complete.
[INFO 2015-05-11T09:39:57.795] Star init userContent json data.
[INFO 2015-05-11T09:39:57.797] Init userContent json data complete.
[INFO 2015-05-11T09:39:57.798] Star init navigationContent json data.
[INFO 2015-05-11T09:39:57.801] Init navigationContent json data complete.
[INFO 2015-05-11T09:39:57.802] Star init groupContent json data.
[INFO 2015-05-11T09:39:57.804] Init groupContent json data complete.
[INFO 2015-05-11T10:56:37.937] Star init authContent json data.
[INFO 2015-05-11T10:56:38.142] Init authContent json data complete.
[INFO 2015-05-11T10:56:38.142] Star init userContent json data.
[INFO 2015-05-11T10:56:38.144] Init userContent json data complete.
[INFO 2015-05-11T10:56:38.144] Star init navigationContent json data.
[INFO 2015-05-11T10:56:38.146] Init navigationContent json data complete.
[INFO 2015-05-11T10:56:38.147] Star init groupContent json data.
[INFO 2015-05-11T10:56:38.148] Init groupContent json data complete.
[INFO 2015-05-11T12:11:50.540] Star init authContent json data.
[INFO 2015-05-11T12:11:50.740] Init authContent json data complete.
[INFO 2015-05-11T12:11:50.740] Star init userContent json data.
[INFO 2015-05-11T12:11:50.742] Init userContent json data complete.
[INFO 2015-05-11T12:11:50.742] Star init navigationContent json data.
[INFO 2015-05-11T12:11:50.744] Init navigationContent json data complete.
[INFO 2015-05-11T12:11:50.745] Star init groupContent json data.
[INFO 2015-05-11T12:11:50.746] Init groupContent json data complete.
[INFO 2015-05-11T12:19:29.549] Star init authContent json data.
[INFO 2015-05-11T12:19:29.752] Init authContent json data complete.
[INFO 2015-05-11T12:19:29.752] Star init userContent json data.
[INFO 2015-05-11T12:19:29.754] Init userContent json data complete.
[INFO 2015-05-11T12:19:29.754] Star init navigationContent json data.
[INFO 2015-05-11T12:19:29.757] Init navigationContent json data complete.
[INFO 2015-05-11T12:19:29.757] Star init groupContent json data.
[INFO 2015-05-11T12:19:29.758] Init groupContent json data complete.
[INFO 2015-05-11T16:04:43.071] Star init authContent json data.
[INFO 2015-05-11T16:04:43.285] Init authContent json data complete.
[INFO 2015-05-11T16:04:43.285] Star init userContent json data.
[INFO 2015-05-11T16:04:43.287] Init userContent json data complete.
[INFO 2015-05-11T16:04:43.287] Star init navigationContent json data.
[INFO 2015-05-11T16:04:43.294] Init navigationContent json data complete.
[INFO 2015-05-11T16:04:43.295] Star init groupContent json data.
[INFO 2015-05-11T16:04:43.296] Init groupContent json data complete.
