[INFO 2015-07-08T09:16:22.703] Star init authContent json data.
[INFO 2015-07-08T09:16:22.890] Init authContent json data complete.
[INFO 2015-07-08T09:16:22.890] Star init userContent json data.
[INFO 2015-07-08T09:16:22.890] Init userContent json data complete.
[INFO 2015-07-08T09:16:22.890] Star init navigationContent json data.
[INFO 2015-07-08T09:16:22.906] Init navigationContent json data complete.
[INFO 2015-07-08T09:16:22.906] Star init groupContent json data.
[INFO 2015-07-08T09:16:22.906] Init groupContent json data complete.
[INFO 2015-07-08T09:46:46.625] Star init authContent json data.
[INFO 2015-07-08T09:46:46.829] Init authContent json data complete.
[INFO 2015-07-08T09:46:46.829] Star init userContent json data.
[INFO 2015-07-08T09:46:46.829] Init userContent json data complete.
[INFO 2015-07-08T09:46:46.829] Star init navigationContent json data.
[INFO 2015-07-08T09:46:46.829] Init navigationContent json data complete.
[INFO 2015-07-08T09:46:46.829] Star init groupContent json data.
[INFO 2015-07-08T09:46:46.829] Init groupContent json data complete.
[INFO 2015-07-08T14:47:20.451] Star init authContent json data.
[INFO 2015-07-08T14:47:20.647] Init authContent json data complete.
[INFO 2015-07-08T14:47:20.647] Star init userContent json data.
[INFO 2015-07-08T14:47:20.649] Init userContent json data complete.
[INFO 2015-07-08T14:47:20.649] Star init navigationContent json data.
[INFO 2015-07-08T14:47:20.661] Init navigationContent json data complete.
[INFO 2015-07-08T14:47:20.661] Star init groupContent json data.
[INFO 2015-07-08T14:47:20.663] Init groupContent json data complete.
[INFO 2015-07-08T15:48:18.284] Star init authContent json data.
[INFO 2015-07-08T15:48:18.470] Init authContent json data complete.
[INFO 2015-07-08T15:48:18.470] Star init userContent json data.
[INFO 2015-07-08T15:48:18.470] Init userContent json data complete.
[INFO 2015-07-08T15:48:18.470] Star init navigationContent json data.
[INFO 2015-07-08T15:48:18.470] Init navigationContent json data complete.
[INFO 2015-07-08T15:48:18.470] Star init groupContent json data.
[INFO 2015-07-08T15:48:18.486] Init groupContent json data complete.
[INFO 2015-07-08T16:32:06.199] Star init authContent json data.
[INFO 2015-07-08T16:32:06.388] Init authContent json data complete.
[INFO 2015-07-08T16:32:06.388] Star init userContent json data.
[INFO 2015-07-08T16:32:06.388] Init userContent json data complete.
[INFO 2015-07-08T16:32:06.388] Star init navigationContent json data.
[INFO 2015-07-08T16:32:06.388] Init navigationContent json data complete.
[INFO 2015-07-08T16:32:06.388] Star init groupContent json data.
[INFO 2015-07-08T16:32:06.388] Init groupContent json data complete.
[INFO 2015-07-08T18:00:44.978] Star init authContent json data.
[INFO 2015-07-08T18:00:45.166] Init authContent json data complete.
[INFO 2015-07-08T18:00:45.166] Star init userContent json data.
[INFO 2015-07-08T18:00:45.166] Init userContent json data complete.
[INFO 2015-07-08T18:00:45.166] Star init navigationContent json data.
[INFO 2015-07-08T18:00:45.166] Init navigationContent json data complete.
[INFO 2015-07-08T18:00:45.166] Star init groupContent json data.
[INFO 2015-07-08T18:00:45.166] Init groupContent json data complete.
[INFO 2015-07-08T18:03:00.744] Star init authContent json data.
[INFO 2015-07-08T18:03:00.944] Init authContent json data complete.
[INFO 2015-07-08T18:03:00.944] Star init userContent json data.
[INFO 2015-07-08T18:03:00.946] Init userContent json data complete.
[INFO 2015-07-08T18:03:00.946] Star init navigationContent json data.
[INFO 2015-07-08T18:03:00.949] Init navigationContent json data complete.
[INFO 2015-07-08T18:03:00.949] Star init groupContent json data.
[INFO 2015-07-08T18:03:00.951] Init groupContent json data complete.
