[INFO 2015-09-14T09:32:54.132] Star init authContent json data.
[INFO 2015-09-14T09:32:54.323] Init authContent json data complete.
[INFO 2015-09-14T09:32:54.324] Star init userContent json data.
[INFO 2015-09-14T09:32:54.326] Init userContent json data complete.
[INFO 2015-09-14T09:32:54.327] Star init navigationContent json data.
[INFO 2015-09-14T09:32:54.333] Init navigationContent json data complete.
[INFO 2015-09-14T09:32:54.334] Star init groupContent json data.
[INFO 2015-09-14T09:32:54.335] Init groupContent json data complete.
[INFO 2015-09-14T09:41:18.609] Star init authContent json data.
[INFO 2015-09-14T09:41:18.803] Init authContent json data complete.
[INFO 2015-09-14T09:41:18.803] Star init userContent json data.
[INFO 2015-09-14T09:41:18.805] Init userContent json data complete.
[INFO 2015-09-14T09:41:18.805] Star init navigationContent json data.
[INFO 2015-09-14T09:41:18.807] Init navigationContent json data complete.
[INFO 2015-09-14T09:41:18.807] Star init groupContent json data.
[INFO 2015-09-14T09:41:18.809] Init groupContent json data complete.
[INFO 2015-09-14T09:48:12.860] Star init authContent json data.
[INFO 2015-09-14T09:48:13.049] Init authContent json data complete.
[INFO 2015-09-14T09:48:13.049] Star init userContent json data.
[INFO 2015-09-14T09:48:13.051] Init userContent json data complete.
[INFO 2015-09-14T09:48:13.051] Star init navigationContent json data.
[INFO 2015-09-14T09:48:13.053] Init navigationContent json data complete.
[INFO 2015-09-14T09:48:13.053] Star init groupContent json data.
[INFO 2015-09-14T09:48:13.055] Init groupContent json data complete.
[INFO 2015-09-14T10:20:46.424] Star init authContent json data.
[INFO 2015-09-14T10:20:46.614] Init authContent json data complete.
[INFO 2015-09-14T10:20:46.614] Star init userContent json data.
[INFO 2015-09-14T10:20:46.616] Init userContent json data complete.
[INFO 2015-09-14T10:20:46.616] Star init navigationContent json data.
[INFO 2015-09-14T10:20:46.618] Init navigationContent json data complete.
[INFO 2015-09-14T10:20:46.618] Star init groupContent json data.
[INFO 2015-09-14T10:20:46.620] Init groupContent json data complete.
[INFO 2015-09-14T10:24:14.974] Star init authContent json data.
[INFO 2015-09-14T10:24:15.189] Init authContent json data complete.
[INFO 2015-09-14T10:24:15.189] Star init userContent json data.
[INFO 2015-09-14T10:24:15.190] Init userContent json data complete.
[INFO 2015-09-14T10:24:15.191] Star init navigationContent json data.
[INFO 2015-09-14T10:24:15.193] Init navigationContent json data complete.
[INFO 2015-09-14T10:24:15.193] Star init groupContent json data.
[INFO 2015-09-14T10:24:15.195] Init groupContent json data complete.
[INFO 2015-09-14T10:30:35.787] Star init authContent json data.
[INFO 2015-09-14T10:30:35.993] Init authContent json data complete.
[INFO 2015-09-14T10:30:35.993] Star init userContent json data.
[INFO 2015-09-14T10:30:35.995] Init userContent json data complete.
[INFO 2015-09-14T10:30:35.995] Star init navigationContent json data.
[INFO 2015-09-14T10:30:35.997] Init navigationContent json data complete.
[INFO 2015-09-14T10:30:35.997] Star init groupContent json data.
[INFO 2015-09-14T10:30:35.999] Init groupContent json data complete.
[INFO 2015-09-14T10:34:14.205] Star init authContent json data.
[INFO 2015-09-14T10:34:14.395] Init authContent json data complete.
[INFO 2015-09-14T10:34:14.395] Star init userContent json data.
[INFO 2015-09-14T10:34:14.396] Init userContent json data complete.
[INFO 2015-09-14T10:34:14.397] Star init navigationContent json data.
[INFO 2015-09-14T10:34:14.399] Init navigationContent json data complete.
[INFO 2015-09-14T10:34:14.399] Star init groupContent json data.
[INFO 2015-09-14T10:34:14.400] Init groupContent json data complete.
